[WARNING ORD-0039] .openroad ignored with -python
Placing the following macros:
{'eFPGA_top_i.eFPGA_inst.Tile_X0Y1_W_IO': ['eFPGA_top_i.eFPGA_inst.Tile_X0Y1_W_IO', 149500, 3101000, 'N'], 'eFPGA_top_i.eFPGA_inst.Tile_X0Y2_W_IO': ['eFPGA_top_i.eFPGA_inst.Tile_X0Y2_W_IO', 149500, 2874500, 'N'], 'eFPGA_top_i.eFPGA_inst.Tile_X0Y3_W_IO': ['eFPGA_top_i.eFPGA_inst.Tile_X0Y3_W_IO', 149500, 2648000, 'N'], 'eFPGA_top_i.eFPGA_inst.Tile_X0Y4_W_IO': ['eFPGA_top_i.eFPGA_inst.Tile_X0Y4_W_IO', 149500, 2421500, 'N'], 'eFPGA_top_i.eFPGA_inst.Tile_X0Y5_W_IO': ['eFPGA_top_i.eFPGA_inst.Tile_X0Y5_W_IO', 149500, 2195000, 'N'], 'eFPGA_top_i.eFPGA_inst.Tile_X0Y6_W_IO': ['eFPGA_top_i.eFPGA_inst.Tile_X0Y6_W_IO', 149500, 1968500, 'N'], 'eFPGA_top_i.eFPGA_inst.Tile_X0Y7_W_IO': ['eFPGA_top_i.eFPGA_inst.Tile_X0Y7_W_IO', 149500, 1742000, 'N'], 'eFPGA_top_i.eFPGA_inst.Tile_X0Y8_W_IO': ['eFPGA_top_i.eFPGA_inst.Tile_X0Y8_W_IO', 149500, 1515500, 'N'], 'eFPGA_top_i.eFPGA_inst.Tile_X0Y9_W_IO': ['eFPGA_top_i.eFPGA_inst.Tile_X0Y9_W_IO', 149500, 1289000, 'N'], 'eFPGA_top_i.eFPGA_inst.Tile_X0Y10_W_IO': ['eFPGA_top_i.eFPGA_inst.Tile_X0Y10_W_IO', 149500, 1062500, 'N'], 'eFPGA_top_i.eFPGA_inst.Tile_X0Y11_W_IO': ['eFPGA_top_i.eFPGA_inst.Tile_X0Y11_W_IO', 149500, 836000, 'N'], 'eFPGA_top_i.eFPGA_inst.Tile_X0Y12_W_IO': ['eFPGA_top_i.eFPGA_inst.Tile_X0Y12_W_IO', 149500, 609500, 'N'], 'eFPGA_top_i.eFPGA_inst.Tile_X0Y13_W_IO': ['eFPGA_top_i.eFPGA_inst.Tile_X0Y13_W_IO', 149500, 383000, 'N'], 'eFPGA_top_i.eFPGA_inst.Tile_X0Y14_W_IO': ['eFPGA_top_i.eFPGA_inst.Tile_X0Y14_W_IO', 149500, 156500, 'N'], 'eFPGA_top_i.eFPGA_inst.Tile_X1Y0_N_term_single': ['eFPGA_top_i.eFPGA_inst.Tile_X1Y0_N_term_single', 231000, 3404000, 'N'], 'eFPGA_top_i.eFPGA_inst.Tile_X1Y1_LUT4AB': ['eFPGA_top_i.eFPGA_inst.Tile_X1Y1_LUT4AB', 231000, 3101000, 'N'], 'eFPGA_top_i.eFPGA_inst.Tile_X1Y2_LUT4AB': ['eFPGA_top_i.eFPGA_inst.Tile_X1Y2_LUT4AB', 231000, 2884500, 'N'], 'eFPGA_top_i.eFPGA_inst.Tile_X1Y3_LUT4AB': ['eFPGA_top_i.eFPGA_inst.Tile_X1Y3_LUT4AB', 231000, 2658000, 'N'], 'eFPGA_top_i.eFPGA_inst.Tile_X1Y4_LUT4AB': ['eFPGA_top_i.eFPGA_inst.Tile_X1Y4_LUT4AB', 231000, 2431500, 'N'], 'eFPGA_top_i.eFPGA_inst.Tile_X1Y5_LUT4AB': ['eFPGA_top_i.eFPGA_inst.Tile_X1Y5_LUT4AB', 231000, 2205000, 'N'], 'eFPGA_top_i.eFPGA_inst.Tile_X1Y6_LUT4AB': ['eFPGA_top_i.eFPGA_inst.Tile_X1Y6_LUT4AB', 231000, 1978500, 'N'], 'eFPGA_top_i.eFPGA_inst.Tile_X1Y7_LUT4AB': ['eFPGA_top_i.eFPGA_inst.Tile_X1Y7_LUT4AB', 231000, 1752000, 'N'], 'eFPGA_top_i.eFPGA_inst.Tile_X1Y8_LUT4AB': ['eFPGA_top_i.eFPGA_inst.Tile_X1Y8_LUT4AB', 231000, 1525500, 'N'], 'eFPGA_top_i.eFPGA_inst.Tile_X1Y9_LUT4AB': ['eFPGA_top_i.eFPGA_inst.Tile_X1Y9_LUT4AB', 231000, 1299000, 'N'], 'eFPGA_top_i.eFPGA_inst.Tile_X1Y10_LUT4AB': ['eFPGA_top_i.eFPGA_inst.Tile_X1Y10_LUT4AB', 231000, 1072500, 'N'], 'eFPGA_top_i.eFPGA_inst.Tile_X1Y11_LUT4AB': ['eFPGA_top_i.eFPGA_inst.Tile_X1Y11_LUT4AB', 231000, 846000, 'N'], 'eFPGA_top_i.eFPGA_inst.Tile_X1Y12_LUT4AB': ['eFPGA_top_i.eFPGA_inst.Tile_X1Y12_LUT4AB', 231000, 619500, 'N'], 'eFPGA_top_i.eFPGA_inst.Tile_X1Y13_LUT4AB': ['eFPGA_top_i.eFPGA_inst.Tile_X1Y13_LUT4AB', 231000, 393000, 'N'], 'eFPGA_top_i.eFPGA_inst.Tile_X1Y14_LUT4AB': ['eFPGA_top_i.eFPGA_inst.Tile_X1Y14_LUT4AB', 231000, 166500, 'N'], 'eFPGA_top_i.eFPGA_inst.Tile_X1Y15_S_term_single': ['eFPGA_top_i.eFPGA_inst.Tile_X1Y15_S_term_single', 231000, 110000, 'N'], 'eFPGA_top_i.eFPGA_inst.Tile_X2Y0_N_term_single': ['eFPGA_top_i.eFPGA_inst.Tile_X2Y0_N_term_single', 457500, 3404000, 'N'], 'eFPGA_top_i.eFPGA_inst.Tile_X2Y1_LUT4AB': ['eFPGA_top_i.eFPGA_inst.Tile_X2Y1_LUT4AB', 457500, 3101000, 'N'], 'eFPGA_top_i.eFPGA_inst.Tile_X2Y2_LUT4AB': ['eFPGA_top_i.eFPGA_inst.Tile_X2Y2_LUT4AB', 457500, 2884500, 'N'], 'eFPGA_top_i.eFPGA_inst.Tile_X2Y3_LUT4AB': ['eFPGA_top_i.eFPGA_inst.Tile_X2Y3_LUT4AB', 457500, 2658000, 'N'], 'eFPGA_top_i.eFPGA_inst.Tile_X2Y4_LUT4AB': ['eFPGA_top_i.eFPGA_inst.Tile_X2Y4_LUT4AB', 457500, 2431500, 'N'], 'eFPGA_top_i.eFPGA_inst.Tile_X2Y5_LUT4AB': ['eFPGA_top_i.eFPGA_inst.Tile_X2Y5_LUT4AB', 457500, 2205000, 'N'], 'eFPGA_top_i.eFPGA_inst.Tile_X2Y6_LUT4AB': ['eFPGA_top_i.eFPGA_inst.Tile_X2Y6_LUT4AB', 457500, 1978500, 'N'], 'eFPGA_top_i.eFPGA_inst.Tile_X2Y7_LUT4AB': ['eFPGA_top_i.eFPGA_inst.Tile_X2Y7_LUT4AB', 457500, 1752000, 'N'], 'eFPGA_top_i.eFPGA_inst.Tile_X2Y8_LUT4AB': ['eFPGA_top_i.eFPGA_inst.Tile_X2Y8_LUT4AB', 457500, 1525500, 'N'], 'eFPGA_top_i.eFPGA_inst.Tile_X2Y9_LUT4AB': ['eFPGA_top_i.eFPGA_inst.Tile_X2Y9_LUT4AB', 457500, 1299000, 'N'], 'eFPGA_top_i.eFPGA_inst.Tile_X2Y10_LUT4AB': ['eFPGA_top_i.eFPGA_inst.Tile_X2Y10_LUT4AB', 457500, 1072500, 'N'], 'eFPGA_top_i.eFPGA_inst.Tile_X2Y11_LUT4AB': ['eFPGA_top_i.eFPGA_inst.Tile_X2Y11_LUT4AB', 457500, 846000, 'N'], 'eFPGA_top_i.eFPGA_inst.Tile_X2Y12_LUT4AB': ['eFPGA_top_i.eFPGA_inst.Tile_X2Y12_LUT4AB', 457500, 619500, 'N'], 'eFPGA_top_i.eFPGA_inst.Tile_X2Y13_LUT4AB': ['eFPGA_top_i.eFPGA_inst.Tile_X2Y13_LUT4AB', 457500, 393000, 'N'], 'eFPGA_top_i.eFPGA_inst.Tile_X2Y14_LUT4AB': ['eFPGA_top_i.eFPGA_inst.Tile_X2Y14_LUT4AB', 457500, 166500, 'N'], 'eFPGA_top_i.eFPGA_inst.Tile_X2Y15_S_term_single': ['eFPGA_top_i.eFPGA_inst.Tile_X2Y15_S_term_single', 457500, 110000, 'N'], 'eFPGA_top_i.eFPGA_inst.Tile_X3Y0_N_term_single2': ['eFPGA_top_i.eFPGA_inst.Tile_X3Y0_N_term_single2', 684000, 3404000, 'N'], 'eFPGA_top_i.eFPGA_inst.Tile_X3Y1_RegFile': ['eFPGA_top_i.eFPGA_inst.Tile_X3Y1_RegFile', 684000, 3101000, 'N'], 'eFPGA_top_i.eFPGA_inst.Tile_X3Y2_RegFile': ['eFPGA_top_i.eFPGA_inst.Tile_X3Y2_RegFile', 684000, 2884500, 'N'], 'eFPGA_top_i.eFPGA_inst.Tile_X3Y3_RegFile': ['eFPGA_top_i.eFPGA_inst.Tile_X3Y3_RegFile', 684000, 2658000, 'N'], 'eFPGA_top_i.eFPGA_inst.Tile_X3Y4_RegFile': ['eFPGA_top_i.eFPGA_inst.Tile_X3Y4_RegFile', 684000, 2431500, 'N'], 'eFPGA_top_i.eFPGA_inst.Tile_X3Y5_RegFile': ['eFPGA_top_i.eFPGA_inst.Tile_X3Y5_RegFile', 684000, 2205000, 'N'], 'eFPGA_top_i.eFPGA_inst.Tile_X3Y6_RegFile': ['eFPGA_top_i.eFPGA_inst.Tile_X3Y6_RegFile', 684000, 1978500, 'N'], 'eFPGA_top_i.eFPGA_inst.Tile_X3Y7_RegFile': ['eFPGA_top_i.eFPGA_inst.Tile_X3Y7_RegFile', 684000, 1752000, 'N'], 'eFPGA_top_i.eFPGA_inst.Tile_X3Y8_RegFile': ['eFPGA_top_i.eFPGA_inst.Tile_X3Y8_RegFile', 684000, 1525500, 'N'], 'eFPGA_top_i.eFPGA_inst.Tile_X3Y9_RegFile': ['eFPGA_top_i.eFPGA_inst.Tile_X3Y9_RegFile', 684000, 1299000, 'N'], 'eFPGA_top_i.eFPGA_inst.Tile_X3Y10_RegFile': ['eFPGA_top_i.eFPGA_inst.Tile_X3Y10_RegFile', 684000, 1072500, 'N'], 'eFPGA_top_i.eFPGA_inst.Tile_X3Y11_RegFile': ['eFPGA_top_i.eFPGA_inst.Tile_X3Y11_RegFile', 684000, 846000, 'N'], 'eFPGA_top_i.eFPGA_inst.Tile_X3Y12_RegFile': ['eFPGA_top_i.eFPGA_inst.Tile_X3Y12_RegFile', 684000, 619500, 'N'], 'eFPGA_top_i.eFPGA_inst.Tile_X3Y13_RegFile': ['eFPGA_top_i.eFPGA_inst.Tile_X3Y13_RegFile', 684000, 393000, 'N'], 'eFPGA_top_i.eFPGA_inst.Tile_X3Y14_RegFile': ['eFPGA_top_i.eFPGA_inst.Tile_X3Y14_RegFile', 684000, 166500, 'N'], 'eFPGA_top_i.eFPGA_inst.Tile_X3Y15_S_term_single2': ['eFPGA_top_i.eFPGA_inst.Tile_X3Y15_S_term_single2', 684000, 110000, 'N'], 'eFPGA_top_i.eFPGA_inst.Tile_X4Y0_N_term_single': ['eFPGA_top_i.eFPGA_inst.Tile_X4Y0_N_term_single', 920500, 3404000, 'N'], 'eFPGA_top_i.eFPGA_inst.Tile_X4Y1_LUT4AB': ['eFPGA_top_i.eFPGA_inst.Tile_X4Y1_LUT4AB', 920500, 3101000, 'N'], 'eFPGA_top_i.eFPGA_inst.Tile_X4Y2_LUT4AB': ['eFPGA_top_i.eFPGA_inst.Tile_X4Y2_LUT4AB', 920500, 2884500, 'N'], 'eFPGA_top_i.eFPGA_inst.Tile_X4Y3_LUT4AB': ['eFPGA_top_i.eFPGA_inst.Tile_X4Y3_LUT4AB', 920500, 2658000, 'N'], 'eFPGA_top_i.eFPGA_inst.Tile_X4Y4_LUT4AB': ['eFPGA_top_i.eFPGA_inst.Tile_X4Y4_LUT4AB', 920500, 2431500, 'N'], 'eFPGA_top_i.eFPGA_inst.Tile_X4Y5_LUT4AB': ['eFPGA_top_i.eFPGA_inst.Tile_X4Y5_LUT4AB', 920500, 2205000, 'N'], 'eFPGA_top_i.eFPGA_inst.Tile_X4Y6_LUT4AB': ['eFPGA_top_i.eFPGA_inst.Tile_X4Y6_LUT4AB', 920500, 1978500, 'N'], 'eFPGA_top_i.eFPGA_inst.Tile_X4Y7_LUT4AB': ['eFPGA_top_i.eFPGA_inst.Tile_X4Y7_LUT4AB', 920500, 1752000, 'N'], 'eFPGA_top_i.eFPGA_inst.Tile_X4Y8_LUT4AB': ['eFPGA_top_i.eFPGA_inst.Tile_X4Y8_LUT4AB', 920500, 1525500, 'N'], 'eFPGA_top_i.eFPGA_inst.Tile_X4Y9_LUT4AB': ['eFPGA_top_i.eFPGA_inst.Tile_X4Y9_LUT4AB', 920500, 1299000, 'N'], 'eFPGA_top_i.eFPGA_inst.Tile_X4Y10_LUT4AB': ['eFPGA_top_i.eFPGA_inst.Tile_X4Y10_LUT4AB', 920500, 1072500, 'N'], 'eFPGA_top_i.eFPGA_inst.Tile_X4Y11_LUT4AB': ['eFPGA_top_i.eFPGA_inst.Tile_X4Y11_LUT4AB', 920500, 846000, 'N'], 'eFPGA_top_i.eFPGA_inst.Tile_X4Y12_LUT4AB': ['eFPGA_top_i.eFPGA_inst.Tile_X4Y12_LUT4AB', 920500, 619500, 'N'], 'eFPGA_top_i.eFPGA_inst.Tile_X4Y13_LUT4AB': ['eFPGA_top_i.eFPGA_inst.Tile_X4Y13_LUT4AB', 920500, 393000, 'N'], 'eFPGA_top_i.eFPGA_inst.Tile_X4Y14_LUT4AB': ['eFPGA_top_i.eFPGA_inst.Tile_X4Y14_LUT4AB', 920500, 166500, 'N'], 'eFPGA_top_i.eFPGA_inst.Tile_X4Y15_S_term_single': ['eFPGA_top_i.eFPGA_inst.Tile_X4Y15_S_term_single', 920500, 110000, 'N'], 'eFPGA_top_i.eFPGA_inst.Tile_X5Y0_N_term_single': ['eFPGA_top_i.eFPGA_inst.Tile_X5Y0_N_term_single', 1147000, 3404000, 'N'], 'eFPGA_top_i.eFPGA_inst.Tile_X5Y1_LUT4AB': ['eFPGA_top_i.eFPGA_inst.Tile_X5Y1_LUT4AB', 1147000, 3101000, 'N'], 'eFPGA_top_i.eFPGA_inst.Tile_X5Y2_LUT4AB': ['eFPGA_top_i.eFPGA_inst.Tile_X5Y2_LUT4AB', 1147000, 2884500, 'N'], 'eFPGA_top_i.eFPGA_inst.Tile_X5Y3_LUT4AB': ['eFPGA_top_i.eFPGA_inst.Tile_X5Y3_LUT4AB', 1147000, 2658000, 'N'], 'eFPGA_top_i.eFPGA_inst.Tile_X5Y4_LUT4AB': ['eFPGA_top_i.eFPGA_inst.Tile_X5Y4_LUT4AB', 1147000, 2431500, 'N'], 'eFPGA_top_i.eFPGA_inst.Tile_X5Y5_LUT4AB': ['eFPGA_top_i.eFPGA_inst.Tile_X5Y5_LUT4AB', 1147000, 2205000, 'N'], 'eFPGA_top_i.eFPGA_inst.Tile_X5Y6_LUT4AB': ['eFPGA_top_i.eFPGA_inst.Tile_X5Y6_LUT4AB', 1147000, 1978500, 'N'], 'eFPGA_top_i.eFPGA_inst.Tile_X5Y7_LUT4AB': ['eFPGA_top_i.eFPGA_inst.Tile_X5Y7_LUT4AB', 1147000, 1752000, 'N'], 'eFPGA_top_i.eFPGA_inst.Tile_X5Y8_LUT4AB': ['eFPGA_top_i.eFPGA_inst.Tile_X5Y8_LUT4AB', 1147000, 1525500, 'N'], 'eFPGA_top_i.eFPGA_inst.Tile_X5Y9_LUT4AB': ['eFPGA_top_i.eFPGA_inst.Tile_X5Y9_LUT4AB', 1147000, 1299000, 'N'], 'eFPGA_top_i.eFPGA_inst.Tile_X5Y10_LUT4AB': ['eFPGA_top_i.eFPGA_inst.Tile_X5Y10_LUT4AB', 1147000, 1072500, 'N'], 'eFPGA_top_i.eFPGA_inst.Tile_X5Y11_LUT4AB': ['eFPGA_top_i.eFPGA_inst.Tile_X5Y11_LUT4AB', 1147000, 846000, 'N'], 'eFPGA_top_i.eFPGA_inst.Tile_X5Y12_LUT4AB': ['eFPGA_top_i.eFPGA_inst.Tile_X5Y12_LUT4AB', 1147000, 619500, 'N'], 'eFPGA_top_i.eFPGA_inst.Tile_X5Y13_LUT4AB': ['eFPGA_top_i.eFPGA_inst.Tile_X5Y13_LUT4AB', 1147000, 393000, 'N'], 'eFPGA_top_i.eFPGA_inst.Tile_X5Y14_LUT4AB': ['eFPGA_top_i.eFPGA_inst.Tile_X5Y14_LUT4AB', 1147000, 166500, 'N'], 'eFPGA_top_i.eFPGA_inst.Tile_X5Y15_S_term_single': ['eFPGA_top_i.eFPGA_inst.Tile_X5Y15_S_term_single', 1147000, 110000, 'N'], 'eFPGA_top_i.eFPGA_inst.Tile_X6Y0_N_term_DSP': ['eFPGA_top_i.eFPGA_inst.Tile_X6Y0_N_term_DSP', 1387500, 3404000, 'N'], 'eFPGA_top_i.eFPGA_inst.Tile_X6Y1_DSP': ['eFPGA_top_i.eFPGA_inst.Tile_X6Y1_DSP', 1387500, 2884500, 'N'], 'eFPGA_top_i.eFPGA_inst.Tile_X6Y3_DSP': ['eFPGA_top_i.eFPGA_inst.Tile_X6Y3_DSP', 1387500, 2431500, 'N'], 'eFPGA_top_i.eFPGA_inst.Tile_X6Y5_DSP': ['eFPGA_top_i.eFPGA_inst.Tile_X6Y5_DSP', 1387500, 1978500, 'N'], 'eFPGA_top_i.eFPGA_inst.Tile_X6Y7_DSP': ['eFPGA_top_i.eFPGA_inst.Tile_X6Y7_DSP', 1387500, 1525500, 'N'], 'eFPGA_top_i.eFPGA_inst.Tile_X6Y9_DSP': ['eFPGA_top_i.eFPGA_inst.Tile_X6Y9_DSP', 1387500, 1072500, 'N'], 'eFPGA_top_i.eFPGA_inst.Tile_X6Y11_DSP': ['eFPGA_top_i.eFPGA_inst.Tile_X6Y11_DSP', 1387500, 619500, 'N'], 'eFPGA_top_i.eFPGA_inst.Tile_X6Y13_DSP': ['eFPGA_top_i.eFPGA_inst.Tile_X6Y13_DSP', 1387500, 166500, 'N'], 'eFPGA_top_i.eFPGA_inst.Tile_X6Y15_S_term_DSP': ['eFPGA_top_i.eFPGA_inst.Tile_X6Y15_S_term_DSP', 1387500, 110000, 'N'], 'eFPGA_top_i.eFPGA_inst.Tile_X7Y0_N_term_single': ['eFPGA_top_i.eFPGA_inst.Tile_X7Y0_N_term_single', 1625000, 3404000, 'N'], 'eFPGA_top_i.eFPGA_inst.Tile_X7Y1_LUT4AB': ['eFPGA_top_i.eFPGA_inst.Tile_X7Y1_LUT4AB', 1625000, 3101000, 'N'], 'eFPGA_top_i.eFPGA_inst.Tile_X7Y2_LUT4AB': ['eFPGA_top_i.eFPGA_inst.Tile_X7Y2_LUT4AB', 1625000, 2884500, 'N'], 'eFPGA_top_i.eFPGA_inst.Tile_X7Y3_LUT4AB': ['eFPGA_top_i.eFPGA_inst.Tile_X7Y3_LUT4AB', 1625000, 2658000, 'N'], 'eFPGA_top_i.eFPGA_inst.Tile_X7Y4_LUT4AB': ['eFPGA_top_i.eFPGA_inst.Tile_X7Y4_LUT4AB', 1625000, 2431500, 'N'], 'eFPGA_top_i.eFPGA_inst.Tile_X7Y5_LUT4AB': ['eFPGA_top_i.eFPGA_inst.Tile_X7Y5_LUT4AB', 1625000, 2205000, 'N'], 'eFPGA_top_i.eFPGA_inst.Tile_X7Y6_LUT4AB': ['eFPGA_top_i.eFPGA_inst.Tile_X7Y6_LUT4AB', 1625000, 1978500, 'N'], 'eFPGA_top_i.eFPGA_inst.Tile_X7Y7_LUT4AB': ['eFPGA_top_i.eFPGA_inst.Tile_X7Y7_LUT4AB', 1625000, 1752000, 'N'], 'eFPGA_top_i.eFPGA_inst.Tile_X7Y8_LUT4AB': ['eFPGA_top_i.eFPGA_inst.Tile_X7Y8_LUT4AB', 1625000, 1525500, 'N'], 'eFPGA_top_i.eFPGA_inst.Tile_X7Y9_LUT4AB': ['eFPGA_top_i.eFPGA_inst.Tile_X7Y9_LUT4AB', 1625000, 1299000, 'N'], 'eFPGA_top_i.eFPGA_inst.Tile_X7Y10_LUT4AB': ['eFPGA_top_i.eFPGA_inst.Tile_X7Y10_LUT4AB', 1625000, 1072500, 'N'], 'eFPGA_top_i.eFPGA_inst.Tile_X7Y11_LUT4AB': ['eFPGA_top_i.eFPGA_inst.Tile_X7Y11_LUT4AB', 1625000, 846000, 'N'], 'eFPGA_top_i.eFPGA_inst.Tile_X7Y12_LUT4AB': ['eFPGA_top_i.eFPGA_inst.Tile_X7Y12_LUT4AB', 1625000, 619500, 'N'], 'eFPGA_top_i.eFPGA_inst.Tile_X7Y13_LUT4AB': ['eFPGA_top_i.eFPGA_inst.Tile_X7Y13_LUT4AB', 1625000, 393000, 'N'], 'eFPGA_top_i.eFPGA_inst.Tile_X7Y14_LUT4AB': ['eFPGA_top_i.eFPGA_inst.Tile_X7Y14_LUT4AB', 1625000, 166500, 'N'], 'eFPGA_top_i.eFPGA_inst.Tile_X7Y15_S_term_single': ['eFPGA_top_i.eFPGA_inst.Tile_X7Y15_S_term_single', 1625000, 110000, 'N'], 'eFPGA_top_i.eFPGA_inst.Tile_X8Y0_N_term_single': ['eFPGA_top_i.eFPGA_inst.Tile_X8Y0_N_term_single', 1853500, 3404000, 'N'], 'eFPGA_top_i.eFPGA_inst.Tile_X8Y1_LUT4AB': ['eFPGA_top_i.eFPGA_inst.Tile_X8Y1_LUT4AB', 1853500, 3101000, 'N'], 'eFPGA_top_i.eFPGA_inst.Tile_X8Y2_LUT4AB': ['eFPGA_top_i.eFPGA_inst.Tile_X8Y2_LUT4AB', 1853500, 2884500, 'N'], 'eFPGA_top_i.eFPGA_inst.Tile_X8Y3_LUT4AB': ['eFPGA_top_i.eFPGA_inst.Tile_X8Y3_LUT4AB', 1853500, 2658000, 'N'], 'eFPGA_top_i.eFPGA_inst.Tile_X8Y4_LUT4AB': ['eFPGA_top_i.eFPGA_inst.Tile_X8Y4_LUT4AB', 1853500, 2431500, 'N'], 'eFPGA_top_i.eFPGA_inst.Tile_X8Y5_LUT4AB': ['eFPGA_top_i.eFPGA_inst.Tile_X8Y5_LUT4AB', 1853500, 2205000, 'N'], 'eFPGA_top_i.eFPGA_inst.Tile_X8Y6_LUT4AB': ['eFPGA_top_i.eFPGA_inst.Tile_X8Y6_LUT4AB', 1853500, 1978500, 'N'], 'eFPGA_top_i.eFPGA_inst.Tile_X8Y7_LUT4AB': ['eFPGA_top_i.eFPGA_inst.Tile_X8Y7_LUT4AB', 1853500, 1752000, 'N'], 'eFPGA_top_i.eFPGA_inst.Tile_X8Y8_LUT4AB': ['eFPGA_top_i.eFPGA_inst.Tile_X8Y8_LUT4AB', 1853500, 1525500, 'N'], 'eFPGA_top_i.eFPGA_inst.Tile_X8Y9_LUT4AB': ['eFPGA_top_i.eFPGA_inst.Tile_X8Y9_LUT4AB', 1853500, 1299000, 'N'], 'eFPGA_top_i.eFPGA_inst.Tile_X8Y10_LUT4AB': ['eFPGA_top_i.eFPGA_inst.Tile_X8Y10_LUT4AB', 1853500, 1072500, 'N'], 'eFPGA_top_i.eFPGA_inst.Tile_X8Y11_LUT4AB': ['eFPGA_top_i.eFPGA_inst.Tile_X8Y11_LUT4AB', 1853500, 846000, 'N'], 'eFPGA_top_i.eFPGA_inst.Tile_X8Y12_LUT4AB': ['eFPGA_top_i.eFPGA_inst.Tile_X8Y12_LUT4AB', 1853500, 619500, 'N'], 'eFPGA_top_i.eFPGA_inst.Tile_X8Y13_LUT4AB': ['eFPGA_top_i.eFPGA_inst.Tile_X8Y13_LUT4AB', 1853500, 393000, 'N'], 'eFPGA_top_i.eFPGA_inst.Tile_X8Y14_LUT4AB': ['eFPGA_top_i.eFPGA_inst.Tile_X8Y14_LUT4AB', 1853500, 166500, 'N'], 'eFPGA_top_i.eFPGA_inst.Tile_X8Y15_S_term_single': ['eFPGA_top_i.eFPGA_inst.Tile_X8Y15_S_term_single', 1853500, 110000, 'N'], 'eFPGA_top_i.eFPGA_inst.Tile_X9Y0_N_term_RAM_IO': ['eFPGA_top_i.eFPGA_inst.Tile_X9Y0_N_term_RAM_IO', 2072000, 3404000, 'N'], 'eFPGA_top_i.eFPGA_inst.Tile_X9Y1_RAM_IO': ['eFPGA_top_i.eFPGA_inst.Tile_X9Y1_RAM_IO', 2072000, 3101000, 'N'], 'eFPGA_top_i.eFPGA_inst.Tile_X9Y2_RAM_IO': ['eFPGA_top_i.eFPGA_inst.Tile_X9Y2_RAM_IO', 2072000, 2884500, 'N'], 'eFPGA_top_i.eFPGA_inst.Tile_X9Y3_RAM_IO': ['eFPGA_top_i.eFPGA_inst.Tile_X9Y3_RAM_IO', 2072000, 2658000, 'N'], 'eFPGA_top_i.eFPGA_inst.Tile_X9Y4_RAM_IO': ['eFPGA_top_i.eFPGA_inst.Tile_X9Y4_RAM_IO', 2072000, 2431500, 'N'], 'eFPGA_top_i.eFPGA_inst.Tile_X9Y5_RAM_IO': ['eFPGA_top_i.eFPGA_inst.Tile_X9Y5_RAM_IO', 2072000, 2205000, 'N'], 'eFPGA_top_i.eFPGA_inst.Tile_X9Y6_RAM_IO': ['eFPGA_top_i.eFPGA_inst.Tile_X9Y6_RAM_IO', 2072000, 1978500, 'N'], 'eFPGA_top_i.eFPGA_inst.Tile_X9Y7_RAM_IO': ['eFPGA_top_i.eFPGA_inst.Tile_X9Y7_RAM_IO', 2072000, 1752000, 'N'], 'eFPGA_top_i.eFPGA_inst.Tile_X9Y8_RAM_IO': ['eFPGA_top_i.eFPGA_inst.Tile_X9Y8_RAM_IO', 2072000, 1525500, 'N'], 'eFPGA_top_i.eFPGA_inst.Tile_X9Y9_RAM_IO': ['eFPGA_top_i.eFPGA_inst.Tile_X9Y9_RAM_IO', 2072000, 1299000, 'N'], 'eFPGA_top_i.eFPGA_inst.Tile_X9Y10_RAM_IO': ['eFPGA_top_i.eFPGA_inst.Tile_X9Y10_RAM_IO', 2072000, 1072500, 'N'], 'eFPGA_top_i.eFPGA_inst.Tile_X9Y11_RAM_IO': ['eFPGA_top_i.eFPGA_inst.Tile_X9Y11_RAM_IO', 2072000, 846000, 'N'], 'eFPGA_top_i.eFPGA_inst.Tile_X9Y12_RAM_IO': ['eFPGA_top_i.eFPGA_inst.Tile_X9Y12_RAM_IO', 2072000, 619500, 'N'], 'eFPGA_top_i.eFPGA_inst.Tile_X9Y13_RAM_IO': ['eFPGA_top_i.eFPGA_inst.Tile_X9Y13_RAM_IO', 2072000, 393000, 'N'], 'eFPGA_top_i.eFPGA_inst.Tile_X9Y14_RAM_IO': ['eFPGA_top_i.eFPGA_inst.Tile_X9Y14_RAM_IO', 2072000, 166500, 'N'], 'eFPGA_top_i.eFPGA_inst.Tile_X9Y15_S_term_RAM_IO': ['eFPGA_top_i.eFPGA_inst.Tile_X9Y15_S_term_RAM_IO', 2072000, 110000, 'N'], 'eFPGA_top_i.Inst_BlockRAM_6': ['eFPGA_top_i.Inst_BlockRAM_6', 2223000, 2884500, 'N'], 'eFPGA_top_i.Inst_BlockRAM_5': ['eFPGA_top_i.Inst_BlockRAM_5', 2223000, 2431500, 'N'], 'eFPGA_top_i.Inst_BlockRAM_4': ['eFPGA_top_i.Inst_BlockRAM_4', 2223000, 1978500, 'N'], 'eFPGA_top_i.Inst_BlockRAM_3': ['eFPGA_top_i.Inst_BlockRAM_3', 2223000, 1525500, 'N'], 'eFPGA_top_i.Inst_BlockRAM_2': ['eFPGA_top_i.Inst_BlockRAM_2', 2223000, 1072500, 'N'], 'eFPGA_top_i.Inst_BlockRAM_1': ['eFPGA_top_i.Inst_BlockRAM_1', 2223000, 619500, 'N'], 'eFPGA_top_i.Inst_BlockRAM_0': ['eFPGA_top_i.Inst_BlockRAM_0', 2223000, 166500, 'N'], 'eFPGA_top_i.eFPGA_Config_inst': ['eFPGA_top_i.eFPGA_Config_inst', 2420000, 20000, 'N']}
Design name: efpga_core
Placing eFPGA_top_i.Inst_BlockRAM_0
Placing eFPGA_top_i.Inst_BlockRAM_1
Placing eFPGA_top_i.Inst_BlockRAM_2
Placing eFPGA_top_i.Inst_BlockRAM_3
Placing eFPGA_top_i.Inst_BlockRAM_4
Placing eFPGA_top_i.Inst_BlockRAM_5
Placing eFPGA_top_i.Inst_BlockRAM_6
Placing eFPGA_top_i.eFPGA_Config_inst
Placing eFPGA_top_i.eFPGA_inst.Tile_X0Y10_W_IO
Placing eFPGA_top_i.eFPGA_inst.Tile_X0Y11_W_IO
Placing eFPGA_top_i.eFPGA_inst.Tile_X0Y12_W_IO
Placing eFPGA_top_i.eFPGA_inst.Tile_X0Y13_W_IO
Placing eFPGA_top_i.eFPGA_inst.Tile_X0Y14_W_IO
Placing eFPGA_top_i.eFPGA_inst.Tile_X0Y1_W_IO
Placing eFPGA_top_i.eFPGA_inst.Tile_X0Y2_W_IO
Placing eFPGA_top_i.eFPGA_inst.Tile_X0Y3_W_IO
Placing eFPGA_top_i.eFPGA_inst.Tile_X0Y4_W_IO
Placing eFPGA_top_i.eFPGA_inst.Tile_X0Y5_W_IO
Placing eFPGA_top_i.eFPGA_inst.Tile_X0Y6_W_IO
Placing eFPGA_top_i.eFPGA_inst.Tile_X0Y7_W_IO
Placing eFPGA_top_i.eFPGA_inst.Tile_X0Y8_W_IO
Placing eFPGA_top_i.eFPGA_inst.Tile_X0Y9_W_IO
Placing eFPGA_top_i.eFPGA_inst.Tile_X1Y0_N_term_single
Placing eFPGA_top_i.eFPGA_inst.Tile_X1Y10_LUT4AB
Placing eFPGA_top_i.eFPGA_inst.Tile_X1Y11_LUT4AB
Placing eFPGA_top_i.eFPGA_inst.Tile_X1Y12_LUT4AB
Placing eFPGA_top_i.eFPGA_inst.Tile_X1Y13_LUT4AB
Placing eFPGA_top_i.eFPGA_inst.Tile_X1Y14_LUT4AB
Placing eFPGA_top_i.eFPGA_inst.Tile_X1Y15_S_term_single
Placing eFPGA_top_i.eFPGA_inst.Tile_X1Y1_LUT4AB
Placing eFPGA_top_i.eFPGA_inst.Tile_X1Y2_LUT4AB
Placing eFPGA_top_i.eFPGA_inst.Tile_X1Y3_LUT4AB
Placing eFPGA_top_i.eFPGA_inst.Tile_X1Y4_LUT4AB
Placing eFPGA_top_i.eFPGA_inst.Tile_X1Y5_LUT4AB
Placing eFPGA_top_i.eFPGA_inst.Tile_X1Y6_LUT4AB
Placing eFPGA_top_i.eFPGA_inst.Tile_X1Y7_LUT4AB
Placing eFPGA_top_i.eFPGA_inst.Tile_X1Y8_LUT4AB
Placing eFPGA_top_i.eFPGA_inst.Tile_X1Y9_LUT4AB
Placing eFPGA_top_i.eFPGA_inst.Tile_X2Y0_N_term_single
Placing eFPGA_top_i.eFPGA_inst.Tile_X2Y10_LUT4AB
Placing eFPGA_top_i.eFPGA_inst.Tile_X2Y11_LUT4AB
Placing eFPGA_top_i.eFPGA_inst.Tile_X2Y12_LUT4AB
Placing eFPGA_top_i.eFPGA_inst.Tile_X2Y13_LUT4AB
Placing eFPGA_top_i.eFPGA_inst.Tile_X2Y14_LUT4AB
Placing eFPGA_top_i.eFPGA_inst.Tile_X2Y15_S_term_single
Placing eFPGA_top_i.eFPGA_inst.Tile_X2Y1_LUT4AB
Placing eFPGA_top_i.eFPGA_inst.Tile_X2Y2_LUT4AB
Placing eFPGA_top_i.eFPGA_inst.Tile_X2Y3_LUT4AB
Placing eFPGA_top_i.eFPGA_inst.Tile_X2Y4_LUT4AB
Placing eFPGA_top_i.eFPGA_inst.Tile_X2Y5_LUT4AB
Placing eFPGA_top_i.eFPGA_inst.Tile_X2Y6_LUT4AB
Placing eFPGA_top_i.eFPGA_inst.Tile_X2Y7_LUT4AB
Placing eFPGA_top_i.eFPGA_inst.Tile_X2Y8_LUT4AB
Placing eFPGA_top_i.eFPGA_inst.Tile_X2Y9_LUT4AB
Placing eFPGA_top_i.eFPGA_inst.Tile_X3Y0_N_term_single2
Placing eFPGA_top_i.eFPGA_inst.Tile_X3Y10_RegFile
Placing eFPGA_top_i.eFPGA_inst.Tile_X3Y11_RegFile
Placing eFPGA_top_i.eFPGA_inst.Tile_X3Y12_RegFile
Placing eFPGA_top_i.eFPGA_inst.Tile_X3Y13_RegFile
Placing eFPGA_top_i.eFPGA_inst.Tile_X3Y14_RegFile
Placing eFPGA_top_i.eFPGA_inst.Tile_X3Y15_S_term_single2
Placing eFPGA_top_i.eFPGA_inst.Tile_X3Y1_RegFile
Placing eFPGA_top_i.eFPGA_inst.Tile_X3Y2_RegFile
Placing eFPGA_top_i.eFPGA_inst.Tile_X3Y3_RegFile
Placing eFPGA_top_i.eFPGA_inst.Tile_X3Y4_RegFile
Placing eFPGA_top_i.eFPGA_inst.Tile_X3Y5_RegFile
Placing eFPGA_top_i.eFPGA_inst.Tile_X3Y6_RegFile
Placing eFPGA_top_i.eFPGA_inst.Tile_X3Y7_RegFile
Placing eFPGA_top_i.eFPGA_inst.Tile_X3Y8_RegFile
Placing eFPGA_top_i.eFPGA_inst.Tile_X3Y9_RegFile
Placing eFPGA_top_i.eFPGA_inst.Tile_X4Y0_N_term_single
Placing eFPGA_top_i.eFPGA_inst.Tile_X4Y10_LUT4AB
Placing eFPGA_top_i.eFPGA_inst.Tile_X4Y11_LUT4AB
Placing eFPGA_top_i.eFPGA_inst.Tile_X4Y12_LUT4AB
Placing eFPGA_top_i.eFPGA_inst.Tile_X4Y13_LUT4AB
Placing eFPGA_top_i.eFPGA_inst.Tile_X4Y14_LUT4AB
Placing eFPGA_top_i.eFPGA_inst.Tile_X4Y15_S_term_single
Placing eFPGA_top_i.eFPGA_inst.Tile_X4Y1_LUT4AB
Placing eFPGA_top_i.eFPGA_inst.Tile_X4Y2_LUT4AB
Placing eFPGA_top_i.eFPGA_inst.Tile_X4Y3_LUT4AB
Placing eFPGA_top_i.eFPGA_inst.Tile_X4Y4_LUT4AB
Placing eFPGA_top_i.eFPGA_inst.Tile_X4Y5_LUT4AB
Placing eFPGA_top_i.eFPGA_inst.Tile_X4Y6_LUT4AB
Placing eFPGA_top_i.eFPGA_inst.Tile_X4Y7_LUT4AB
Placing eFPGA_top_i.eFPGA_inst.Tile_X4Y8_LUT4AB
Placing eFPGA_top_i.eFPGA_inst.Tile_X4Y9_LUT4AB
Placing eFPGA_top_i.eFPGA_inst.Tile_X5Y0_N_term_single
Placing eFPGA_top_i.eFPGA_inst.Tile_X5Y10_LUT4AB
Placing eFPGA_top_i.eFPGA_inst.Tile_X5Y11_LUT4AB
Placing eFPGA_top_i.eFPGA_inst.Tile_X5Y12_LUT4AB
Placing eFPGA_top_i.eFPGA_inst.Tile_X5Y13_LUT4AB
Placing eFPGA_top_i.eFPGA_inst.Tile_X5Y14_LUT4AB
Placing eFPGA_top_i.eFPGA_inst.Tile_X5Y15_S_term_single
Placing eFPGA_top_i.eFPGA_inst.Tile_X5Y1_LUT4AB
Placing eFPGA_top_i.eFPGA_inst.Tile_X5Y2_LUT4AB
Placing eFPGA_top_i.eFPGA_inst.Tile_X5Y3_LUT4AB
Placing eFPGA_top_i.eFPGA_inst.Tile_X5Y4_LUT4AB
Placing eFPGA_top_i.eFPGA_inst.Tile_X5Y5_LUT4AB
Placing eFPGA_top_i.eFPGA_inst.Tile_X5Y6_LUT4AB
Placing eFPGA_top_i.eFPGA_inst.Tile_X5Y7_LUT4AB
Placing eFPGA_top_i.eFPGA_inst.Tile_X5Y8_LUT4AB
Placing eFPGA_top_i.eFPGA_inst.Tile_X5Y9_LUT4AB
Placing eFPGA_top_i.eFPGA_inst.Tile_X6Y0_N_term_DSP
Placing eFPGA_top_i.eFPGA_inst.Tile_X6Y11_DSP
Placing eFPGA_top_i.eFPGA_inst.Tile_X6Y13_DSP
Placing eFPGA_top_i.eFPGA_inst.Tile_X6Y15_S_term_DSP
Placing eFPGA_top_i.eFPGA_inst.Tile_X6Y1_DSP
Placing eFPGA_top_i.eFPGA_inst.Tile_X6Y3_DSP
Placing eFPGA_top_i.eFPGA_inst.Tile_X6Y5_DSP
Placing eFPGA_top_i.eFPGA_inst.Tile_X6Y7_DSP
Placing eFPGA_top_i.eFPGA_inst.Tile_X6Y9_DSP
Placing eFPGA_top_i.eFPGA_inst.Tile_X7Y0_N_term_single
Placing eFPGA_top_i.eFPGA_inst.Tile_X7Y10_LUT4AB
Placing eFPGA_top_i.eFPGA_inst.Tile_X7Y11_LUT4AB
Placing eFPGA_top_i.eFPGA_inst.Tile_X7Y12_LUT4AB
Placing eFPGA_top_i.eFPGA_inst.Tile_X7Y13_LUT4AB
Placing eFPGA_top_i.eFPGA_inst.Tile_X7Y14_LUT4AB
Placing eFPGA_top_i.eFPGA_inst.Tile_X7Y15_S_term_single
Placing eFPGA_top_i.eFPGA_inst.Tile_X7Y1_LUT4AB
Placing eFPGA_top_i.eFPGA_inst.Tile_X7Y2_LUT4AB
Placing eFPGA_top_i.eFPGA_inst.Tile_X7Y3_LUT4AB
Placing eFPGA_top_i.eFPGA_inst.Tile_X7Y4_LUT4AB
Placing eFPGA_top_i.eFPGA_inst.Tile_X7Y5_LUT4AB
Placing eFPGA_top_i.eFPGA_inst.Tile_X7Y6_LUT4AB
Placing eFPGA_top_i.eFPGA_inst.Tile_X7Y7_LUT4AB
Placing eFPGA_top_i.eFPGA_inst.Tile_X7Y8_LUT4AB
Placing eFPGA_top_i.eFPGA_inst.Tile_X7Y9_LUT4AB
Placing eFPGA_top_i.eFPGA_inst.Tile_X8Y0_N_term_single
Placing eFPGA_top_i.eFPGA_inst.Tile_X8Y10_LUT4AB
Placing eFPGA_top_i.eFPGA_inst.Tile_X8Y11_LUT4AB
Placing eFPGA_top_i.eFPGA_inst.Tile_X8Y12_LUT4AB
Placing eFPGA_top_i.eFPGA_inst.Tile_X8Y13_LUT4AB
Placing eFPGA_top_i.eFPGA_inst.Tile_X8Y14_LUT4AB
Placing eFPGA_top_i.eFPGA_inst.Tile_X8Y15_S_term_single
Placing eFPGA_top_i.eFPGA_inst.Tile_X8Y1_LUT4AB
Placing eFPGA_top_i.eFPGA_inst.Tile_X8Y2_LUT4AB
Placing eFPGA_top_i.eFPGA_inst.Tile_X8Y3_LUT4AB
Placing eFPGA_top_i.eFPGA_inst.Tile_X8Y4_LUT4AB
Placing eFPGA_top_i.eFPGA_inst.Tile_X8Y5_LUT4AB
Placing eFPGA_top_i.eFPGA_inst.Tile_X8Y6_LUT4AB
Placing eFPGA_top_i.eFPGA_inst.Tile_X8Y7_LUT4AB
Placing eFPGA_top_i.eFPGA_inst.Tile_X8Y8_LUT4AB
Placing eFPGA_top_i.eFPGA_inst.Tile_X8Y9_LUT4AB
Placing eFPGA_top_i.eFPGA_inst.Tile_X9Y0_N_term_RAM_IO
Placing eFPGA_top_i.eFPGA_inst.Tile_X9Y10_RAM_IO
Placing eFPGA_top_i.eFPGA_inst.Tile_X9Y11_RAM_IO
Placing eFPGA_top_i.eFPGA_inst.Tile_X9Y12_RAM_IO
Placing eFPGA_top_i.eFPGA_inst.Tile_X9Y13_RAM_IO
Placing eFPGA_top_i.eFPGA_inst.Tile_X9Y14_RAM_IO
Placing eFPGA_top_i.eFPGA_inst.Tile_X9Y15_S_term_RAM_IO
Placing eFPGA_top_i.eFPGA_inst.Tile_X9Y1_RAM_IO
Placing eFPGA_top_i.eFPGA_inst.Tile_X9Y2_RAM_IO
Placing eFPGA_top_i.eFPGA_inst.Tile_X9Y3_RAM_IO
Placing eFPGA_top_i.eFPGA_inst.Tile_X9Y4_RAM_IO
Placing eFPGA_top_i.eFPGA_inst.Tile_X9Y5_RAM_IO
Placing eFPGA_top_i.eFPGA_inst.Tile_X9Y6_RAM_IO
Placing eFPGA_top_i.eFPGA_inst.Tile_X9Y7_RAM_IO
Placing eFPGA_top_i.eFPGA_inst.Tile_X9Y8_RAM_IO
Placing eFPGA_top_i.eFPGA_inst.Tile_X9Y9_RAM_IO
Successfully placed 159 instances.
