[WARNING ORD-0039] .openroad ignored with -python
[INFO ODB-0227] LEF file: /mnt/vault0/rsunketa/openframe_user_project/dependencies/pdks/sky130A/libs.ref/sky130_fd_sc_hd/techlef/sky130_fd_sc_hd__nom.tlef, created 14 layers, 25 vias
[WARNING ODB-0220] WARNING (LEFPARS-2008): NOWIREEXTENSIONATPIN statement is obsolete in version 5.6 or later.
The NOWIREEXTENSIONATPIN statement will be ignored. See file /mnt/vault0/rsunketa/openframe_user_project/dependencies/pdks/sky130A/libs.ref/sky130_fd_sc_hd/lef/sky130_fd_sc_hd.lef at line 2.

[INFO ODB-0227] LEF file: /mnt/vault0/rsunketa/openframe_user_project/dependencies/pdks/sky130A/libs.ref/sky130_fd_sc_hd/lef/sky130_fd_sc_hd.lef, created 437 library cells
[WARNING ODB-0220] WARNING (LEFPARS-2008): NOWIREEXTENSIONATPIN statement is obsolete in version 5.6 or later.
The NOWIREEXTENSIONATPIN statement will be ignored. See file /mnt/vault0/rsunketa/openframe_user_project/dependencies/pdks/sky130A/libs.ref/sky130_fd_sc_hd/lef/sky130_ef_sc_hd.lef at line 2.

[INFO ODB-0227] LEF file: /mnt/vault0/rsunketa/openframe_user_project/dependencies/pdks/sky130A/libs.ref/sky130_fd_sc_hd/lef/sky130_ef_sc_hd.lef, created 8 library cells
[WARNING ODB-0220] WARNING (LEFPARS-2008): NOWIREEXTENSIONATPIN statement is obsolete in version 5.6 or later.
The NOWIREEXTENSIONATPIN statement will be ignored. See file /mnt/vault0/rsunketa/openframe_user_project/efpga_core/macro/lef/BlockRAM_1KB.lef at line 2.

[INFO ODB-0227] LEF file: /mnt/vault0/rsunketa/openframe_user_project/efpga_core/macro/lef/BlockRAM_1KB.lef, created 1 library cells
[WARNING ODB-0220] WARNING (LEFPARS-2008): NOWIREEXTENSIONATPIN statement is obsolete in version 5.6 or later.
The NOWIREEXTENSIONATPIN statement will be ignored. See file /mnt/vault0/rsunketa/openframe_user_project/efpga_core/macro/lef/DSP.lef at line 2.

[INFO ODB-0227] LEF file: /mnt/vault0/rsunketa/openframe_user_project/efpga_core/macro/lef/DSP.lef, created 1 library cells
[WARNING ODB-0220] WARNING (LEFPARS-2008): NOWIREEXTENSIONATPIN statement is obsolete in version 5.6 or later.
The NOWIREEXTENSIONATPIN statement will be ignored. See file /mnt/vault0/rsunketa/openframe_user_project/efpga_core/macro/lef/LUT4AB.lef at line 2.

[INFO ODB-0227] LEF file: /mnt/vault0/rsunketa/openframe_user_project/efpga_core/macro/lef/LUT4AB.lef, created 1 library cells
[WARNING ODB-0220] WARNING (LEFPARS-2008): NOWIREEXTENSIONATPIN statement is obsolete in version 5.6 or later.
The NOWIREEXTENSIONATPIN statement will be ignored. See file /mnt/vault0/rsunketa/openframe_user_project/efpga_core/macro/lef/N_term_DSP.lef at line 2.

[INFO ODB-0227] LEF file: /mnt/vault0/rsunketa/openframe_user_project/efpga_core/macro/lef/N_term_DSP.lef, created 1 library cells
[WARNING ODB-0220] WARNING (LEFPARS-2008): NOWIREEXTENSIONATPIN statement is obsolete in version 5.6 or later.
The NOWIREEXTENSIONATPIN statement will be ignored. See file /mnt/vault0/rsunketa/openframe_user_project/efpga_core/macro/lef/N_term_RAM_IO.lef at line 2.

[INFO ODB-0227] LEF file: /mnt/vault0/rsunketa/openframe_user_project/efpga_core/macro/lef/N_term_RAM_IO.lef, created 1 library cells
[WARNING ODB-0220] WARNING (LEFPARS-2008): NOWIREEXTENSIONATPIN statement is obsolete in version 5.6 or later.
The NOWIREEXTENSIONATPIN statement will be ignored. See file /mnt/vault0/rsunketa/openframe_user_project/efpga_core/macro/lef/N_term_single.lef at line 2.

[INFO ODB-0227] LEF file: /mnt/vault0/rsunketa/openframe_user_project/efpga_core/macro/lef/N_term_single.lef, created 1 library cells
[WARNING ODB-0220] WARNING (LEFPARS-2008): NOWIREEXTENSIONATPIN statement is obsolete in version 5.6 or later.
The NOWIREEXTENSIONATPIN statement will be ignored. See file /mnt/vault0/rsunketa/openframe_user_project/efpga_core/macro/lef/N_term_single2.lef at line 2.

[INFO ODB-0227] LEF file: /mnt/vault0/rsunketa/openframe_user_project/efpga_core/macro/lef/N_term_single2.lef, created 1 library cells
[WARNING ODB-0220] WARNING (LEFPARS-2008): NOWIREEXTENSIONATPIN statement is obsolete in version 5.6 or later.
The NOWIREEXTENSIONATPIN statement will be ignored. See file /mnt/vault0/rsunketa/openframe_user_project/efpga_core/macro/lef/RAM_IO.lef at line 2.

[INFO ODB-0227] LEF file: /mnt/vault0/rsunketa/openframe_user_project/efpga_core/macro/lef/RAM_IO.lef, created 1 library cells
[WARNING ODB-0220] WARNING (LEFPARS-2008): NOWIREEXTENSIONATPIN statement is obsolete in version 5.6 or later.
The NOWIREEXTENSIONATPIN statement will be ignored. See file /mnt/vault0/rsunketa/openframe_user_project/efpga_core/macro/lef/RegFile.lef at line 2.

[INFO ODB-0227] LEF file: /mnt/vault0/rsunketa/openframe_user_project/efpga_core/macro/lef/RegFile.lef, created 1 library cells
[WARNING ODB-0220] WARNING (LEFPARS-2008): NOWIREEXTENSIONATPIN statement is obsolete in version 5.6 or later.
The NOWIREEXTENSIONATPIN statement will be ignored. See file /mnt/vault0/rsunketa/openframe_user_project/efpga_core/macro/lef/S_term_DSP.lef at line 2.

[INFO ODB-0227] LEF file: /mnt/vault0/rsunketa/openframe_user_project/efpga_core/macro/lef/S_term_DSP.lef, created 1 library cells
[WARNING ODB-0220] WARNING (LEFPARS-2008): NOWIREEXTENSIONATPIN statement is obsolete in version 5.6 or later.
The NOWIREEXTENSIONATPIN statement will be ignored. See file /mnt/vault0/rsunketa/openframe_user_project/efpga_core/macro/lef/S_term_RAM_IO.lef at line 2.

[INFO ODB-0227] LEF file: /mnt/vault0/rsunketa/openframe_user_project/efpga_core/macro/lef/S_term_RAM_IO.lef, created 1 library cells
[WARNING ODB-0220] WARNING (LEFPARS-2008): NOWIREEXTENSIONATPIN statement is obsolete in version 5.6 or later.
The NOWIREEXTENSIONATPIN statement will be ignored. See file /mnt/vault0/rsunketa/openframe_user_project/efpga_core/macro/lef/S_term_single.lef at line 2.

[INFO ODB-0227] LEF file: /mnt/vault0/rsunketa/openframe_user_project/efpga_core/macro/lef/S_term_single.lef, created 1 library cells
[WARNING ODB-0220] WARNING (LEFPARS-2008): NOWIREEXTENSIONATPIN statement is obsolete in version 5.6 or later.
The NOWIREEXTENSIONATPIN statement will be ignored. See file /mnt/vault0/rsunketa/openframe_user_project/efpga_core/macro/lef/S_term_single2.lef at line 2.

[INFO ODB-0227] LEF file: /mnt/vault0/rsunketa/openframe_user_project/efpga_core/macro/lef/S_term_single2.lef, created 1 library cells
[WARNING ODB-0220] WARNING (LEFPARS-2008): NOWIREEXTENSIONATPIN statement is obsolete in version 5.6 or later.
The NOWIREEXTENSIONATPIN statement will be ignored. See file /mnt/vault0/rsunketa/openframe_user_project/efpga_core/macro/lef/W_IO.lef at line 2.

[INFO ODB-0227] LEF file: /mnt/vault0/rsunketa/openframe_user_project/efpga_core/macro/lef/W_IO.lef, created 1 library cells
[WARNING ODB-0220] WARNING (LEFPARS-2008): NOWIREEXTENSIONATPIN statement is obsolete in version 5.6 or later.
The NOWIREEXTENSIONATPIN statement will be ignored. See file /mnt/vault0/rsunketa/openframe_user_project/efpga_core/macro/lef/eFPGA_Config.lef at line 2.

[INFO ODB-0227] LEF file: /mnt/vault0/rsunketa/openframe_user_project/efpga_core/macro/lef/eFPGA_Config.lef, created 1 library cells
[INFO ODB-0227] LEF file: /mnt/vault0/rsunketa/openframe_user_project/efpga_core/macro/lef/sky130_sram_1kbyte_1rw1r_32x256_8.lef, created 1 library cells
[WARNING ODB-0220] WARNING (LEFPARS-2008): NOWIREEXTENSIONATPIN statement is obsolete in version 5.6 or later.
The NOWIREEXTENSIONATPIN statement will be ignored. See file /mnt/vault0/rsunketa/openframe_user_project/openlane/efpga_core/runs/25_11_28_03_50/58-magic-writelef/efpga_core.lef at line 2.

[INFO ODB-0227] LEF file: /mnt/vault0/rsunketa/openframe_user_project/openlane/efpga_core/runs/25_11_28_03_50/58-magic-writelef/efpga_core.lef, created 1 library cells
[INFO ODB-0127] Reading DEF file: /tmp/tmpt9a6gqwi
[INFO ODB-0128] Design: empty
[INFO ODB-0134] Finished DEF file: /tmp/tmpt9a6gqwi
