Clock: wb_clk_i
Sources: wb_clk_i 
Generated: no
Virtual: yes
Propagated: no
Period: 25.000000

===========================================================================
report_clock_properties
============================================================================
Clock                   Period          Waveform
----------------------------------------------------
wb_clk_i             25.000000    0.000000 12.500000

===========================================================================
report_clock_latency
============================================================================
Clock wb_clk_i
rise -> rise
    min     max
0.000000 0.000000 source latency
1.064184         network latency _701_/CLK
        1.070064 network latency _681_/CLK
---------------
1.064184 1.070064 latency
        0.005880 skew

fall -> fall
    min     max
0.000000 0.000000 source latency
0.822504         network latency _756_/CLK
        0.827596 network latency _681_/CLK
---------------
0.822504 0.827596 latency
        0.005092 skew



===========================================================================
report_clock_min_period
============================================================================
wb_clk_i period_min = 3.87 fmax = 258.12
