/mnt/vault0/rsunketa/openframe_user_project/dependencies/pdks/sky130A/libs.tech/klayout/drc/sky130A_mr.drc:53: warning: already initialized constant DRC::DRCEngine::FEOL
/mnt/vault0/rsunketa/openframe_user_project/dependencies/pdks/sky130A/libs.tech/klayout/drc/sky130A_mr.drc:44: warning: previous definition of FEOL was here
/mnt/vault0/rsunketa/openframe_user_project/dependencies/pdks/sky130A/libs.tech/klayout/drc/sky130A_mr.drc:59: warning: already initialized constant DRC::DRCEngine::BEOL
/mnt/vault0/rsunketa/openframe_user_project/dependencies/pdks/sky130A/libs.tech/klayout/drc/sky130A_mr.drc:45: warning: previous definition of BEOL was here
/mnt/vault0/rsunketa/openframe_user_project/dependencies/pdks/sky130A/libs.tech/klayout/drc/sky130A_mr.drc:65: warning: already initialized constant DRC::DRCEngine::OFFGRID
/mnt/vault0/rsunketa/openframe_user_project/dependencies/pdks/sky130A/libs.tech/klayout/drc/sky130A_mr.drc:46: warning: previous definition of OFFGRID was here
/mnt/vault0/rsunketa/openframe_user_project/dependencies/pdks/sky130A/libs.tech/klayout/drc/sky130A_mr.drc:71: warning: already initialized constant DRC::DRCEngine::SEAL
/mnt/vault0/rsunketa/openframe_user_project/dependencies/pdks/sky130A/libs.tech/klayout/drc/sky130A_mr.drc:47: warning: previous definition of SEAL was here
/mnt/vault0/rsunketa/openframe_user_project/dependencies/pdks/sky130A/libs.tech/klayout/drc/sky130A_mr.drc:79: warning: already initialized constant DRC::DRCEngine::FLOATING_MET
/mnt/vault0/rsunketa/openframe_user_project/dependencies/pdks/sky130A/libs.tech/klayout/drc/sky130A_mr.drc:48: warning: previous definition of FLOATING_MET was here
/mnt/vault0/rsunketa/openframe_user_project/dependencies/pdks/sky130A/libs.tech/klayout/drc/sky130A_mr.drc:85: warning: already initialized constant DRC::DRCEngine::SRAM_EXCLUDE
/mnt/vault0/rsunketa/openframe_user_project/dependencies/pdks/sky130A/libs.tech/klayout/drc/sky130A_mr.drc:49: warning: previous definition of SRAM_EXCLUDE was here
"input" in: sky130A_mr.drc:135
    Polygons (raw): 2649818 (flat)  685 (hierarchical)
    Elapsed: 0.050s  Memory: 731.00M
"polygons" in: sky130A_mr.drc:136
    Polygons (raw): 404158 (flat)  31 (hierarchical)
    Elapsed: 0.020s  Memory: 733.00M
"polygons" in: sky130A_mr.drc:137
    Polygons (raw): 1254660 (flat)  264 (hierarchical)
    Elapsed: 0.020s  Memory: 733.00M
"polygons" in: sky130A_mr.drc:138
    Polygons (raw): 7 (flat)  1 (hierarchical)
    Elapsed: 0.010s  Memory: 733.00M
"polygons" in: sky130A_mr.drc:139
    Polygons (raw): 0 (flat)  0 (hierarchical)
    Elapsed: 0.000s  Memory: 733.00M
"polygons" in: sky130A_mr.drc:140
    Polygons (raw): 0 (flat)  0 (hierarchical)
    Elapsed: 0.000s  Memory: 733.00M
"polygons" in: sky130A_mr.drc:141
    Polygons (raw): 0 (flat)  0 (hierarchical)
    Elapsed: 0.000s  Memory: 733.00M
"polygons" in: sky130A_mr.drc:142
    Polygons (raw): 0 (flat)  0 (hierarchical)
    Elapsed: 0.000s  Memory: 733.00M
"polygons" in: sky130A_mr.drc:143
    Polygons (raw): 1232376 (flat)  200 (hierarchical)
    Elapsed: 0.020s  Memory: 733.00M
"polygons" in: sky130A_mr.drc:144
    Polygons (raw): 0 (flat)  0 (hierarchical)
    Elapsed: 0.000s  Memory: 733.00M
"polygons" in: sky130A_mr.drc:145
    Polygons (raw): 0 (flat)  0 (hierarchical)
    Elapsed: 0.000s  Memory: 733.00M
"polygons" in: sky130A_mr.drc:146
    Polygons (raw): 0 (flat)  0 (hierarchical)
    Elapsed: 0.000s  Memory: 733.00M
"polygons" in: sky130A_mr.drc:147
    Polygons (raw): 0 (flat)  0 (hierarchical)
    Elapsed: 0.000s  Memory: 733.00M
"polygons" in: sky130A_mr.drc:148
    Polygons (raw): 5214922 (flat)  2271 (hierarchical)
    Elapsed: 0.030s  Memory: 733.00M
"polygons" in: sky130A_mr.drc:149
    Polygons (raw): 0 (flat)  0 (hierarchical)
    Elapsed: 0.000s  Memory: 733.00M
"polygons" in: sky130A_mr.drc:150
    Polygons (raw): 1596774 (flat)  297 (hierarchical)
    Elapsed: 0.020s  Memory: 733.00M
"polygons" in: sky130A_mr.drc:151
    Polygons (raw): 1485327 (flat)  288 (hierarchical)
    Elapsed: 0.020s  Memory: 733.00M
"polygons" in: sky130A_mr.drc:152
    Polygons (raw): 0 (flat)  0 (hierarchical)
    Elapsed: 0.020s  Memory: 733.00M
"polygons" in: sky130A_mr.drc:153
    Polygons (raw): 0 (flat)  0 (hierarchical)
    Elapsed: 0.000s  Memory: 733.00M
"polygons" in: sky130A_mr.drc:154
    Polygons (raw): 987403 (flat)  300 (hierarchical)
    Elapsed: 0.030s  Memory: 733.00M
"polygons" in: sky130A_mr.drc:155
    Polygons (raw): 13870528 (flat)  6733 (hierarchical)
    Elapsed: 0.030s  Memory: 733.00M
"polygons" in: sky130A_mr.drc:157
    Polygons (raw): 10334325 (flat)  60647 (hierarchical)
    Elapsed: 0.050s  Memory: 733.00M
"polygons" in: sky130A_mr.drc:158
    Polygons (raw): 14531244 (flat)  56913 (hierarchical)
    Elapsed: 0.040s  Memory: 733.00M
"polygons" in: sky130A_mr.drc:160
    Polygons (raw): 10875025 (flat)  293903 (hierarchical)
    Elapsed: 0.130s  Memory: 739.00M
"polygons" in: sky130A_mr.drc:161
    Polygons (raw): 2544888 (flat)  136635 (hierarchical)
    Elapsed: 0.070s  Memory: 741.00M
"polygons" in: sky130A_mr.drc:163
    Polygons (raw): 5347488 (flat)  204142 (hierarchical)
    Elapsed: 0.110s  Memory: 746.00M
"polygons" in: sky130A_mr.drc:164
    Polygons (raw): 605211 (flat)  67376 (hierarchical)
    Elapsed: 0.050s  Memory: 747.00M
"polygons" in: sky130A_mr.drc:166
    Polygons (raw): 1674832 (flat)  112068 (hierarchical)
    Elapsed: 0.070s  Memory: 749.00M
"polygons" in: sky130A_mr.drc:167
    Polygons (raw): 334225 (flat)  56037 (hierarchical)
    Elapsed: 0.050s  Memory: 751.00M
"polygons" in: sky130A_mr.drc:169
    Polygons (raw): 249556 (flat)  25248 (hierarchical)
    Elapsed: 0.030s  Memory: 753.00M
"polygons" in: sky130A_mr.drc:170
    Polygons (raw): 12591 (flat)  10755 (hierarchical)
    Elapsed: 0.020s  Memory: 753.00M
"polygons" in: sky130A_mr.drc:172
    Polygons (raw): 2263 (flat)  2215 (hierarchical)
    Elapsed: 0.020s  Memory: 753.00M
"polygons" in: sky130A_mr.drc:174
    Polygons (raw): 0 (flat)  0 (hierarchical)
    Elapsed: 0.000s  Memory: 753.00M
"polygons" in: sky130A_mr.drc:175
    Polygons (raw): 0 (flat)  0 (hierarchical)
    Elapsed: 0.020s  Memory: 753.00M
"polygons" in: sky130A_mr.drc:176
    Polygons (raw): 0 (flat)  0 (hierarchical)
    Elapsed: 0.000s  Memory: 753.00M
"polygons" in: sky130A_mr.drc:177
    Polygons (raw): 0 (flat)  0 (hierarchical)
    Elapsed: 0.000s  Memory: 753.00M
"polygons" in: sky130A_mr.drc:178
    Polygons (raw): 0 (flat)  0 (hierarchical)
    Elapsed: 0.000s  Memory: 753.00M
"polygons" in: sky130A_mr.drc:179
    Polygons (raw): 0 (flat)  0 (hierarchical)
    Elapsed: 0.000s  Memory: 753.00M
"polygons" in: sky130A_mr.drc:180
    Polygons (raw): 0 (flat)  0 (hierarchical)
    Elapsed: 0.000s  Memory: 753.00M
"polygons" in: sky130A_mr.drc:181
    Polygons (raw): 0 (flat)  0 (hierarchical)
    Elapsed: 0.000s  Memory: 753.00M
"polygons" in: sky130A_mr.drc:182
    Polygons (raw): 0 (flat)  0 (hierarchical)
    Elapsed: 0.000s  Memory: 753.00M
"polygons" in: sky130A_mr.drc:183
    Polygons (raw): 0 (flat)  0 (hierarchical)
    Elapsed: 0.000s  Memory: 753.00M
"polygons" in: sky130A_mr.drc:184
    Polygons (raw): 0 (flat)  0 (hierarchical)
    Elapsed: 0.000s  Memory: 753.00M
"polygons" in: sky130A_mr.drc:185
    Polygons (raw): 0 (flat)  0 (hierarchical)
    Elapsed: 0.000s  Memory: 753.00M
"polygons" in: sky130A_mr.drc:186
    Polygons (raw): 0 (flat)  0 (hierarchical)
    Elapsed: 0.000s  Memory: 753.00M
"polygons" in: sky130A_mr.drc:187
    Polygons (raw): 0 (flat)  0 (hierarchical)
    Elapsed: 0.000s  Memory: 753.00M
"polygons" in: sky130A_mr.drc:188
    Polygons (raw): 0 (flat)  0 (hierarchical)
    Elapsed: 0.000s  Memory: 753.00M
"polygons" in: sky130A_mr.drc:189
    Polygons (raw): 0 (flat)  0 (hierarchical)
    Elapsed: 0.000s  Memory: 753.00M
"polygons" in: sky130A_mr.drc:190
    Polygons (raw): 61880 (flat)  4 (hierarchical)
    Elapsed: 0.020s  Memory: 753.00M
"polygons" in: sky130A_mr.drc:191
    Polygons (raw): 0 (flat)  0 (hierarchical)
    Elapsed: 0.000s  Memory: 754.00M
"polygons" in: sky130A_mr.drc:192
    Polygons (raw): 1367318 (flat)  383 (hierarchical)
    Elapsed: 0.020s  Memory: 754.00M
"polygons" in: sky130A_mr.drc:193
    Polygons (raw): 0 (flat)  0 (hierarchical)
    Elapsed: 0.000s  Memory: 754.00M
"polygons" in: sky130A_mr.drc:194
    Polygons (raw): 0 (flat)  0 (hierarchical)
    Elapsed: 0.000s  Memory: 754.00M
"polygons" in: sky130A_mr.drc:195
    Polygons (raw): 0 (flat)  0 (hierarchical)
    Elapsed: 0.000s  Memory: 754.00M
"polygons" in: sky130A_mr.drc:196
    Polygons (raw): 0 (flat)  0 (hierarchical)
    Elapsed: 0.000s  Memory: 754.00M
"polygons" in: sky130A_mr.drc:197
    Polygons (raw): 0 (flat)  0 (hierarchical)
    Elapsed: 0.000s  Memory: 754.00M
"polygons" in: sky130A_mr.drc:198
    Polygons (raw): 0 (flat)  0 (hierarchical)
    Elapsed: 0.000s  Memory: 754.00M
"polygons" in: sky130A_mr.drc:199
    Polygons (raw): 0 (flat)  0 (hierarchical)
    Elapsed: 0.000s  Memory: 754.00M
"polygons" in: sky130A_mr.drc:200
    Polygons (raw): 1 (flat)  1 (hierarchical)
    Elapsed: 0.010s  Memory: 754.00M
"polygons" in: sky130A_mr.drc:201
    Polygons (raw): 0 (flat)  0 (hierarchical)
    Elapsed: 0.000s  Memory: 754.00M
"polygons" in: sky130A_mr.drc:202
    Polygons (raw): 0 (flat)  0 (hierarchical)
    Elapsed: 0.000s  Memory: 754.00M
"polygons" in: sky130A_mr.drc:203
    Polygons (raw): 0 (flat)  0 (hierarchical)
    Elapsed: 0.000s  Memory: 754.00M
"polygons" in: sky130A_mr.drc:204
    Polygons (raw): 0 (flat)  0 (hierarchical)
    Elapsed: 0.020s  Memory: 754.00M
"polygons" in: sky130A_mr.drc:205
    Polygons (raw): 224518 (flat)  1 (hierarchical)
    Elapsed: 0.020s  Memory: 754.00M
"polygons" in: sky130A_mr.drc:206
    Polygons (raw): 0 (flat)  0 (hierarchical)
    Elapsed: 0.000s  Memory: 754.00M
"polygons" in: sky130A_mr.drc:207
    Polygons (raw): 0 (flat)  0 (hierarchical)
    Elapsed: 0.000s  Memory: 754.00M
"polygons" in: sky130A_mr.drc:208
    Polygons (raw): 0 (flat)  0 (hierarchical)
    Elapsed: 0.000s  Memory: 754.00M
"polygons" in: sky130A_mr.drc:209
    Polygons (raw): 0 (flat)  0 (hierarchical)
    Elapsed: 0.000s  Memory: 754.00M
"polygons" in: sky130A_mr.drc:210
    Polygons (raw): 0 (flat)  0 (hierarchical)
    Elapsed: 0.010s  Memory: 754.00M
"polygons" in: sky130A_mr.drc:211
    Polygons (raw): 0 (flat)  0 (hierarchical)
    Elapsed: 0.000s  Memory: 754.00M
"polygons" in: sky130A_mr.drc:212
    Polygons (raw): 0 (flat)  0 (hierarchical)
    Elapsed: 0.000s  Memory: 754.00M
"polygons" in: sky130A_mr.drc:213
    Polygons (raw): 0 (flat)  0 (hierarchical)
    Elapsed: 0.000s  Memory: 754.00M
"polygons" in: sky130A_mr.drc:214
    Polygons (raw): 0 (flat)  0 (hierarchical)
    Elapsed: 0.000s  Memory: 754.00M
"polygons" in: sky130A_mr.drc:215
    Polygons (raw): 0 (flat)  0 (hierarchical)
    Elapsed: 0.000s  Memory: 754.00M
"polygons" in: sky130A_mr.drc:216
    Polygons (raw): 0 (flat)  0 (hierarchical)
    Elapsed: 0.000s  Memory: 754.00M
"polygons" in: sky130A_mr.drc:217
    Polygons (raw): 0 (flat)  0 (hierarchical)
    Elapsed: 0.000s  Memory: 754.00M
"polygons" in: sky130A_mr.drc:218
    Polygons (raw): 0 (flat)  0 (hierarchical)
    Elapsed: 0.000s  Memory: 754.00M
"polygons" in: sky130A_mr.drc:219
    Polygons (raw): 0 (flat)  0 (hierarchical)
    Elapsed: 0.000s  Memory: 754.00M
"polygons" in: sky130A_mr.drc:220
    Polygons (raw): 0 (flat)  0 (hierarchical)
    Elapsed: 0.000s  Memory: 754.00M
"polygons" in: sky130A_mr.drc:221
    Polygons (raw): 0 (flat)  0 (hierarchical)
    Elapsed: 0.000s  Memory: 754.00M
"polygons" in: sky130A_mr.drc:222
    Polygons (raw): 0 (flat)  0 (hierarchical)
    Elapsed: 0.000s  Memory: 754.00M
"polygons" in: sky130A_mr.drc:223
    Polygons (raw): 0 (flat)  0 (hierarchical)
    Elapsed: 0.000s  Memory: 754.00M
"polygons" in: sky130A_mr.drc:224
    Polygons (raw): 0 (flat)  0 (hierarchical)
    Elapsed: 0.000s  Memory: 754.00M
"polygons" in: sky130A_mr.drc:225
    Polygons (raw): 0 (flat)  0 (hierarchical)
    Elapsed: 0.000s  Memory: 754.00M
"polygons" in: sky130A_mr.drc:226
    Polygons (raw): 0 (flat)  0 (hierarchical)
    Elapsed: 0.000s  Memory: 754.00M
"polygons" in: sky130A_mr.drc:227
    Polygons (raw): 0 (flat)  0 (hierarchical)
    Elapsed: 0.000s  Memory: 754.00M
"polygons" in: sky130A_mr.drc:228
    Polygons (raw): 0 (flat)  0 (hierarchical)
    Elapsed: 0.000s  Memory: 754.00M
"polygons" in: sky130A_mr.drc:229
    Polygons (raw): 0 (flat)  0 (hierarchical)
    Elapsed: 0.000s  Memory: 754.00M
DRC section
FEOL section
START: 64/18 (dnwell)
"width" in: sky130A_mr.drc:255
    Edge pairs: 0 (flat)  0 (hierarchical)
    Elapsed: 0.050s  Memory: 761.00M
"output" in: sky130A_mr.drc:255
    Edge pairs: 0 (flat)  0 (hierarchical)
    Elapsed: 0.010s  Memory: 761.00M
"or" in: sky130A_mr.drc:256
    Polygons (raw): 0 (flat)  0 (hierarchical)
    Elapsed: 0.010s  Memory: 761.00M
"-" in: sky130A_mr.drc:256
    Polygons (raw): 7 (flat)  1 (hierarchical)
    Elapsed: 0.020s  Memory: 761.00M
"space" in: sky130A_mr.drc:256
    Edge pairs: 0 (flat)  0 (hierarchical)
    Elapsed: 0.020s  Memory: 1305.00M
"output" in: sky130A_mr.drc:256
    Edge pairs: 0 (flat)  0 (hierarchical)
    Elapsed: 0.010s  Memory: 1305.00M
END: 64/18 (dnwell)
"input" in: sky130A_mr.drc:260
    Polygons (raw): 1241594 (flat)  191 (hierarchical)
    Elapsed: 0.040s  Memory: 1305.00M
"input" in: sky130A_mr.drc:261
    Polygons (raw): 1253207 (flat)  192 (hierarchical)
    Elapsed: 0.030s  Memory: 1305.00M
"input" in: sky130A_mr.drc:262
    Polygons (raw): 1144620 (flat)  190 (hierarchical)
    Elapsed: 0.030s  Memory: 1305.00M
"input" in: sky130A_mr.drc:267
    Polygons (raw): 1254660 (flat)  264 (hierarchical)
    Elapsed: 0.030s  Memory: 1305.00M
START: 64/20 (nwell)
"width" in: sky130A_mr.drc:271
    Edge pairs: 0 (flat)  0 (hierarchical)
    Elapsed: 1.510s  Memory: 1357.00M
"output" in: sky130A_mr.drc:271
    Edge pairs: 0 (flat)  0 (hierarchical)
    Elapsed: 0.040s  Memory: 1357.00M
"space" in: sky130A_mr.drc:272
    Edge pairs: 0 (flat)  0 (hierarchical)
    Elapsed: 3.300s  Memory: 1445.00M
"output" in: sky130A_mr.drc:272
    Edge pairs: 0 (flat)  0 (hierarchical)
    Elapsed: 0.020s  Memory: 1357.00M
"&" in: sky130A_mr.drc:273
    Polygons (raw): 1144620 (flat)  190 (hierarchical)
    Elapsed: 2.260s  Memory: 1421.00M
"merge" in: sky130A_mr.drc:273
    Polygons (raw): 7449 (flat)  1681 (hierarchical)
    Elapsed: 1.410s  Memory: 1421.00M
"holes" in: sky130A_mr.drc:274
    Polygons (raw): 0 (flat)  0 (hierarchical)
    Elapsed: 0.020s  Memory: 1421.00M
"enclosing" in: sky130A_mr.drc:274
    Edge pairs: 0 (flat)  0 (hierarchical)
    Elapsed: 0.010s  Memory: 1421.00M
"output" in: sky130A_mr.drc:274
    Edge pairs: 0 (flat)  0 (hierarchical)
    Elapsed: 0.010s  Memory: 1421.00M
"or" in: sky130A_mr.drc:275
    Polygons (raw): 0 (flat)  0 (hierarchical)
    Elapsed: 0.020s  Memory: 1421.00M
"or" in: sky130A_mr.drc:275
    Polygons (raw): 0 (flat)  0 (hierarchical)
    Elapsed: 0.020s  Memory: 1421.00M
"or" in: sky130A_mr.drc:275
    Polygons (raw): 0 (flat)  0 (hierarchical)
    Elapsed: 0.010s  Memory: 1421.00M
"&" in: sky130A_mr.drc:276
    Polygons (raw): 0 (flat)  0 (hierarchical)
    Elapsed: 0.010s  Memory: 1421.00M
"interacting" in: sky130A_mr.drc:276
    Polygons (raw): 0 (flat)  0 (hierarchical)
    Elapsed: 0.010s  Memory: 1421.00M
"-" in: sky130A_mr.drc:276
    Polygons (raw): 0 (flat)  0 (hierarchical)
    Elapsed: 0.010s  Memory: 1421.00M
"output" in: sky130A_mr.drc:276
    Polygons (raw): 0 (flat)  0 (hierarchical)
    Elapsed: 0.010s  Memory: 1421.00M
END: 64/20 (nwell)
START: 78/44 (hvtp)
"width" in: sky130A_mr.drc:281
    Edge pairs: 0 (flat)  0 (hierarchical)
    Elapsed: 1.390s  Memory: 1423.00M
"output" in: sky130A_mr.drc:281
    Edge pairs: 0 (flat)  0 (hierarchical)
    Elapsed: 0.030s  Memory: 1423.00M
"space" in: sky130A_mr.drc:282
    Edge pairs: 0 (flat)  0 (hierarchical)
    Elapsed: 2.160s  Memory: 1456.00M
"output" in: sky130A_mr.drc:282
    Edge pairs: 0 (flat)  0 (hierarchical)
    Elapsed: 0.020s  Memory: 1359.00M
END: 78/44 (hvtp)
START: 124/20 (pwde)
"width" in: sky130A_mr.drc:287
    Edge pairs: 0 (flat)  0 (hierarchical)
    Elapsed: 0.000s  Memory: 1359.00M
"output" in: sky130A_mr.drc:287
    Edge pairs: 0 (flat)  0 (hierarchical)
    Elapsed: 0.010s  Memory: 1359.00M
"or" in: sky130A_mr.drc:288
    Polygons (raw): 0 (flat)  0 (hierarchical)
    Elapsed: 0.020s  Memory: 1359.00M
"&" in: sky130A_mr.drc:288
    Polygons (raw): 0 (flat)  0 (hierarchical)
    Elapsed: 0.010s  Memory: 1359.00M
"space" in: sky130A_mr.drc:288
    Edge pairs: 0 (flat)  0 (hierarchical)
    Elapsed: 0.010s  Memory: 1359.00M
"output" in: sky130A_mr.drc:288
    Edge pairs: 0 (flat)  0 (hierarchical)
    Elapsed: 0.010s  Memory: 1359.00M
END: 124/20 (pwde)
START: 18/20 (htvr)
"width" in: sky130A_mr.drc:293
    Edge pairs: 0 (flat)  0 (hierarchical)
    Elapsed: 0.010s  Memory: 1359.00M
"output" in: sky130A_mr.drc:293
    Edge pairs: 0 (flat)  0 (hierarchical)
    Elapsed: 0.010s  Memory: 1359.00M
"separation" in: sky130A_mr.drc:294
    Edge pairs: 0 (flat)  0 (hierarchical)
    Elapsed: 0.000s  Memory: 1359.00M
"output" in: sky130A_mr.drc:294
    Edge pairs: 0 (flat)  0 (hierarchical)
    Elapsed: 0.000s  Memory: 1359.00M
"&" in: sky130A_mr.drc:295
    Polygons (raw): 0 (flat)  0 (hierarchical)
    Elapsed: 0.000s  Memory: 1359.00M
"output" in: sky130A_mr.drc:295
    Polygons (raw): 0 (flat)  0 (hierarchical)
    Elapsed: 0.010s  Memory: 1359.00M
END: 18/20 (htvr)
START: 25/44 (lvtn)
"width" in: sky130A_mr.drc:300
    Edge pairs: 0 (flat)  0 (hierarchical)
    Elapsed: 0.010s  Memory: 1359.00M
"output" in: sky130A_mr.drc:300
    Edge pairs: 0 (flat)  0 (hierarchical)
    Elapsed: 0.010s  Memory: 1359.00M
"space" in: sky130A_mr.drc:301
    Edge pairs: 0 (flat)  0 (hierarchical)
    Elapsed: 0.010s  Memory: 1359.00M
"output" in: sky130A_mr.drc:301
    Edge pairs: 0 (flat)  0 (hierarchical)
    Elapsed: 0.010s  Memory: 1359.00M
END: 25/44 (lvtn)
START: 92/44 (ncm)
"width" in: sky130A_mr.drc:306
    Edge pairs: 0 (flat)  0 (hierarchical)
    Elapsed: 0.000s  Memory: 1359.00M
"output" in: sky130A_mr.drc:306
    Edge pairs: 0 (flat)  0 (hierarchical)
    Elapsed: 0.010s  Memory: 1359.00M
"space" in: sky130A_mr.drc:307
    Edge pairs: 0 (flat)  0 (hierarchical)
    Elapsed: 0.010s  Memory: 1359.00M
"output" in: sky130A_mr.drc:307
    Edge pairs: 0 (flat)  0 (hierarchical)
    Elapsed: 0.010s  Memory: 1359.00M
END: 92/44 (ncm)
START: 65/20 (diff)
"or" in: sky130A_mr.drc:312
    Polygons (raw): 2470080 (flat)  2539 (hierarchical)
    Elapsed: 0.440s  Memory: 1359.00M
"rectangles" in: sky130A_mr.drc:313
    Polygons (raw): 1522469 (flat)  499 (hierarchical)
    Elapsed: 0.370s  Memory: 1359.00M
"width" in: sky130A_mr.drc:313
    Edge pairs: 59150 (flat)  2 (hierarchical)
    Elapsed: 0.010s  Memory: 1359.00M
"polygons" in: sky130A_mr.drc:313
    Polygons (raw): 59150 (flat)  2 (hierarchical)
    Elapsed: 0.000s  Memory: 1359.00M
"edges" in: sky130A_mr.drc:314
    Edges: 236600 (flat)  8 (hierarchical)
    Elapsed: 0.060s  Memory: 1359.00M
"outside_part" in: sky130A_mr.drc:314
    Edges: 0 (flat)  0 (hierarchical)
    Elapsed: 0.110s  Memory: 1359.00M
"outside" in: sky130A_mr.drc:314
    Polygons (raw): 0 (flat)  0 (hierarchical)
    Elapsed: 0.120s  Memory: 1359.00M
"edges" in: sky130A_mr.drc:314
    Edges: 0 (flat)  0 (hierarchical)
    Elapsed: 0.000s  Memory: 1359.00M
"-" in: sky130A_mr.drc:314
    Edges: 0 (flat)  0 (hierarchical)
    Elapsed: 0.010s  Memory: 1359.00M
"output" in: sky130A_mr.drc:315
    Edges: 0 (flat)  0 (hierarchical)
    Elapsed: 0.010s  Memory: 1359.00M
"outside" in: sky130A_mr.drc:316
    Polygons (raw): 2133836 (flat)  655 (hierarchical)
    Elapsed: 0.300s  Memory: 1359.00M
"width" in: sky130A_mr.drc:316
    Edge pairs: 0 (flat)  0 (hierarchical)
    Elapsed: 0.040s  Memory: 1359.00M
"output" in: sky130A_mr.drc:316
    Edge pairs: 0 (flat)  0 (hierarchical)
    Elapsed: 0.010s  Memory: 1359.00M
"inside" in: sky130A_mr.drc:317
    Polygons (raw): 90104 (flat)  4424 (hierarchical)
    Elapsed: 0.280s  Memory: 1359.00M
"width" in: sky130A_mr.drc:317
    Edge pairs: 0 (flat)  0 (hierarchical)
    Elapsed: 0.010s  Memory: 1359.00M
"output" in: sky130A_mr.drc:317
    Edge pairs: 0 (flat)  0 (hierarchical)
    Elapsed: 0.010s  Memory: 1359.00M
END: 65/20 (diff)
START: 65/44 (tap)
"rectangles" in: sky130A_mr.drc:321
    Polygons (raw): 336685 (flat)  10395 (hierarchical)
    Elapsed: 0.130s  Memory: 1359.00M
"width" in: sky130A_mr.drc:321
    Edge pairs: 59150 (flat)  2 (hierarchical)
    Elapsed: 0.050s  Memory: 1359.00M
"polygons" in: sky130A_mr.drc:321
    Polygons (raw): 59150 (flat)  2 (hierarchical)
    Elapsed: 0.000s  Memory: 1359.00M
"edges" in: sky130A_mr.drc:322
    Edges: 236600 (flat)  8 (hierarchical)
    Elapsed: 0.070s  Memory: 1359.00M
"outside_part" in: sky130A_mr.drc:322
    Edges: 0 (flat)  0 (hierarchical)
    Elapsed: 0.050s  Memory: 1359.00M
"outside" in: sky130A_mr.drc:322
    Polygons (raw): 0 (flat)  0 (hierarchical)
    Elapsed: 0.110s  Memory: 1359.00M
"edges" in: sky130A_mr.drc:322
    Edges: 0 (flat)  0 (hierarchical)
    Elapsed: 0.010s  Memory: 1359.00M
"-" in: sky130A_mr.drc:322
    Edges: 0 (flat)  0 (hierarchical)
    Elapsed: 0.010s  Memory: 1359.00M
"output" in: sky130A_mr.drc:323
    Edges: 0 (flat)  0 (hierarchical)
    Elapsed: 0.010s  Memory: 1359.00M
"-" in: sky130A_mr.drc:324
    Polygons (raw): 224888 (flat)  23 (hierarchical)
    Elapsed: 0.160s  Memory: 1359.00M
"width" in: sky130A_mr.drc:324
    Edge pairs: 0 (flat)  0 (hierarchical)
    Elapsed: 0.140s  Memory: 1359.00M
"output" in: sky130A_mr.drc:324
    Edge pairs: 0 (flat)  0 (hierarchical)
    Elapsed: 0.010s  Memory: 1359.00M
END: 65/44 (tap)
"space" in: sky130A_mr.drc:327
    Edge pairs: 0 (flat)  0 (hierarchical)
    Elapsed: 0.540s  Memory: 1359.00M
"output" in: sky130A_mr.drc:327
    Edge pairs: 0 (flat)  0 (hierarchical)
    Elapsed: 0.050s  Memory: 1359.00M
START: 80/20 (tunm)
"width" in: sky130A_mr.drc:331
    Edge pairs: 0 (flat)  0 (hierarchical)
    Elapsed: 0.010s  Memory: 1359.00M
"output" in: sky130A_mr.drc:331
    Edge pairs: 0 (flat)  0 (hierarchical)
    Elapsed: 0.010s  Memory: 1359.00M
"space" in: sky130A_mr.drc:332
    Edge pairs: 0 (flat)  0 (hierarchical)
    Elapsed: 0.010s  Memory: 1359.00M
"output" in: sky130A_mr.drc:332
    Edge pairs: 0 (flat)  0 (hierarchical)
    Elapsed: 0.010s  Memory: 1359.00M
END: 80/20 (tunm)
START: 80/20 (thkox)
"-" in: sky130A_mr.drc:337
    Polygons (raw): 0 (flat)  0 (hierarchical)
    Elapsed: 0.010s  Memory: 1359.00M
"width" in: sky130A_mr.drc:338
    Edge pairs: 0 (flat)  0 (hierarchical)
    Elapsed: 0.000s  Memory: 1359.00M
"output" in: sky130A_mr.drc:338
    Edge pairs: 0 (flat)  0 (hierarchical)
    Elapsed: 0.010s  Memory: 1359.00M
"space" in: sky130A_mr.drc:339
    Edge pairs: 0 (flat)  0 (hierarchical)
    Elapsed: 0.010s  Memory: 1359.00M
"output" in: sky130A_mr.drc:339
    Edge pairs: 0 (flat)  0 (hierarchical)
    Elapsed: 0.010s  Memory: 1359.00M
END: 80/20 (thkox)
START: 66/20 (poly)
"width" in: sky130A_mr.drc:344
    Edge pairs: 0 (flat)  0 (hierarchical)
    Elapsed: 0.820s  Memory: 1359.00M
"output" in: sky130A_mr.drc:344
    Edge pairs: 0 (flat)  0 (hierarchical)
    Elapsed: 0.030s  Memory: 1359.00M
"-" in: sky130A_mr.drc:345
    Polygons (raw): 4225164 (flat)  2205 (hierarchical)
    Elapsed: 0.220s  Memory: 1359.00M
"space" in: sky130A_mr.drc:345
    Edge pairs: 0 (flat)  0 (hierarchical)
    Elapsed: 0.400s  Memory: 1359.00M
"output" in: sky130A_mr.drc:345
    Edge pairs: 0 (flat)  0 (hierarchical)
    Elapsed: 0.060s  Memory: 1359.00M
"inside" in: sky130A_mr.drc:346
    Polygons (raw): 122395 (flat)  331 (hierarchical)
    Elapsed: 0.320s  Memory: 1359.00M
"drc" in: sky130A_mr.drc:346
    Edge pairs: 1023750 (flat)  77634 (hierarchical)
    Elapsed: 0.890s  Memory: 1359.00M
"polygons" in: sky130A_mr.drc:346
    Polygons (raw): 1023750 (flat)  77634 (hierarchical)
    Elapsed: 0.030s  Memory: 1359.00M
"interacting" in: sky130A_mr.drc:347
    Polygons (raw): 122395 (flat)  331 (hierarchical)
    Elapsed: 1.120s  Memory: 1359.00M
"isolated" in: sky130A_mr.drc:347
    Edge pairs: 0 (flat)  0 (hierarchical)
    Elapsed: 0.470s  Memory: 1359.00M
"output" in: sky130A_mr.drc:347
    Edge pairs: 0 (flat)  0 (hierarchical)
    Elapsed: 0.010s  Memory: 1359.00M
END: 66/20 (poly)
START: 80/20 (ldntm)
"&" in: sky130A_mr.drc:352
    Polygons (raw): 0 (flat)  0 (hierarchical)
    Elapsed: 0.010s  Memory: 1359.00M
"width" in: sky130A_mr.drc:353
    Edge pairs: 0 (flat)  0 (hierarchical)
    Elapsed: 0.010s  Memory: 1359.00M
"output" in: sky130A_mr.drc:353
    Edge pairs: 0 (flat)  0 (hierarchical)
    Elapsed: 0.050s  Memory: 1359.00M
"space" in: sky130A_mr.drc:354
    Edge pairs: 0 (flat)  0 (hierarchical)
    Elapsed: 0.010s  Memory: 1359.00M
"output" in: sky130A_mr.drc:354
    Edge pairs: 0 (flat)  0 (hierarchical)
    Elapsed: 0.010s  Memory: 1359.00M
END: 80/20 (ldntm)
START: 86/20 (rpm)
"width" in: sky130A_mr.drc:360
    Edge pairs: 0 (flat)  0 (hierarchical)
    Elapsed: 0.010s  Memory: 1359.00M
"output" in: sky130A_mr.drc:360
    Edge pairs: 0 (flat)  0 (hierarchical)
    Elapsed: 0.010s  Memory: 1359.00M
"space" in: sky130A_mr.drc:361
    Edge pairs: 0 (flat)  0 (hierarchical)
    Elapsed: 0.010s  Memory: 1359.00M
"output" in: sky130A_mr.drc:361
    Edge pairs: 0 (flat)  0 (hierarchical)
    Elapsed: 0.010s  Memory: 1359.00M
END: 86/20 (rpm)
START: 79/20 (urpm)
"width" in: sky130A_mr.drc:366
    Edge pairs: 0 (flat)  0 (hierarchical)
    Elapsed: 0.010s  Memory: 1359.00M
"output" in: sky130A_mr.drc:366
    Edge pairs: 0 (flat)  0 (hierarchical)
    Elapsed: 0.010s  Memory: 1359.00M
"space" in: sky130A_mr.drc:367
    Edge pairs: 0 (flat)  0 (hierarchical)
    Elapsed: 0.010s  Memory: 1359.00M
"output" in: sky130A_mr.drc:367
    Edge pairs: 0 (flat)  0 (hierarchical)
    Elapsed: 0.010s  Memory: 1359.00M
END: 79/20 (urpm)
START: 95/20 (npc)
"width" in: sky130A_mr.drc:372
    Edge pairs: 0 (flat)  0 (hierarchical)
    Elapsed: 0.700s  Memory: 1361.00M
"output" in: sky130A_mr.drc:372
    Edge pairs: 0 (flat)  0 (hierarchical)
    Elapsed: 0.020s  Memory: 1361.00M
"space" in: sky130A_mr.drc:373
    Edge pairs: 0 (flat)  0 (hierarchical)
    Elapsed: 0.680s  Memory: 1361.00M
"output" in: sky130A_mr.drc:373
    Edge pairs: 0 (flat)  0 (hierarchical)
    Elapsed: 0.010s  Memory: 1361.00M
END: 95/20 (npc)
START: 93/44 (nsdm)
"-" in: sky130A_mr.drc:379
    Polygons (raw): 1241594 (flat)  191 (hierarchical)
    Elapsed: 0.130s  Memory: 1361.00M
"space" in: sky130A_mr.drc:379
    Edge pairs: 0 (flat)  0 (hierarchical)
    Elapsed: 2.260s  Memory: 1385.00M
"output" in: sky130A_mr.drc:379
    Edge pairs: 0 (flat)  0 (hierarchical)
    Elapsed: 0.040s  Memory: 1361.00M
"outside" in: sky130A_mr.drc:380
    Polygons (raw): 104571 (flat)  1698 (hierarchical)
    Elapsed: 1.460s  Memory: 1363.00M
"width" in: sky130A_mr.drc:380
    Edge pairs: 0 (flat)  0 (hierarchical)
    Elapsed: 0.050s  Memory: 1363.00M
"output" in: sky130A_mr.drc:380
    Edge pairs: 0 (flat)  0 (hierarchical)
    Elapsed: 0.010s  Memory: 1363.00M
"rectangles" in: sky130A_mr.drc:381
    Polygons (raw): 96974 (flat)  1 (hierarchical)
    Elapsed: 0.000s  Memory: 1363.00M
"width" in: sky130A_mr.drc:381
    Edge pairs: 0 (flat)  0 (hierarchical)
    Elapsed: 0.000s  Memory: 1363.00M
"polygons" in: sky130A_mr.drc:381
    Polygons (raw): 0 (flat)  0 (hierarchical)
    Elapsed: 0.000s  Memory: 1363.00M
"edges" in: sky130A_mr.drc:382
    Edges: 0 (flat)  0 (hierarchical)
    Elapsed: 0.010s  Memory: 1363.00M
"outside_part" in: sky130A_mr.drc:382
    Edges: 0 (flat)  0 (hierarchical)
    Elapsed: 0.010s  Memory: 1363.00M
"outside" in: sky130A_mr.drc:382
    Polygons (raw): 0 (flat)  0 (hierarchical)
    Elapsed: 0.010s  Memory: 1363.00M
"edges" in: sky130A_mr.drc:382
    Edges: 0 (flat)  0 (hierarchical)
    Elapsed: 0.010s  Memory: 1363.00M
"-" in: sky130A_mr.drc:382
    Edges: 0 (flat)  0 (hierarchical)
    Elapsed: 0.010s  Memory: 1363.00M
"output" in: sky130A_mr.drc:383
    Edges: 0 (flat)  0 (hierarchical)
    Elapsed: 0.010s  Memory: 1363.00M
"rectangles" in: sky130A_mr.drc:384
    Polygons (raw): 96974 (flat)  1 (hierarchical)
    Elapsed: 0.000s  Memory: 1363.00M
"space" in: sky130A_mr.drc:384
    Edge pairs: 0 (flat)  0 (hierarchical)
    Elapsed: 0.070s  Memory: 1363.00M
"polygons" in: sky130A_mr.drc:384
    Polygons (raw): 0 (flat)  0 (hierarchical)
    Elapsed: 0.000s  Memory: 1363.00M
"edges" in: sky130A_mr.drc:385
    Edges: 0 (flat)  0 (hierarchical)
    Elapsed: 0.010s  Memory: 1363.00M
"outside_part" in: sky130A_mr.drc:385
    Edges: 0 (flat)  0 (hierarchical)
    Elapsed: 0.000s  Memory: 1363.00M
"outside" in: sky130A_mr.drc:385
    Polygons (raw): 0 (flat)  0 (hierarchical)
    Elapsed: 0.000s  Memory: 1363.00M
"edges" in: sky130A_mr.drc:385
    Edges: 0 (flat)  0 (hierarchical)
    Elapsed: 0.000s  Memory: 1363.00M
"-" in: sky130A_mr.drc:385
    Edges: 0 (flat)  0 (hierarchical)
    Elapsed: 0.000s  Memory: 1363.00M
"output" in: sky130A_mr.drc:386
    Edges: 0 (flat)  0 (hierarchical)
    Elapsed: 0.000s  Memory: 1363.00M
"inside" in: sky130A_mr.drc:387
    Polygons (raw): 0 (flat)  0 (hierarchical)
    Elapsed: 0.030s  Memory: 1363.00M
"width" in: sky130A_mr.drc:387
    Edge pairs: 0 (flat)  0 (hierarchical)
    Elapsed: 0.000s  Memory: 1363.00M
"output" in: sky130A_mr.drc:387
    Edge pairs: 0 (flat)  0 (hierarchical)
    Elapsed: 0.000s  Memory: 1363.00M
"inside" in: sky130A_mr.drc:388
    Polygons (raw): 0 (flat)  0 (hierarchical)
    Elapsed: 0.020s  Memory: 1363.00M
"space" in: sky130A_mr.drc:388
    Edge pairs: 0 (flat)  0 (hierarchical)
    Elapsed: 0.010s  Memory: 1363.00M
"output" in: sky130A_mr.drc:388
    Edge pairs: 0 (flat)  0 (hierarchical)
    Elapsed: 0.010s  Memory: 1363.00M
"inside" in: sky130A_mr.drc:389
    Polygons (raw): 0 (flat)  0 (hierarchical)
    Elapsed: 0.030s  Memory: 1363.00M
"space" in: sky130A_mr.drc:389
    Edge pairs: 0 (flat)  0 (hierarchical)
    Elapsed: 0.010s  Memory: 1363.00M
"with_internal_angle" in: sky130A_mr.drc:389
    Edge pairs: 0 (flat)  0 (hierarchical)
    Elapsed: 0.020s  Memory: 1363.00M
"output" in: sky130A_mr.drc:389
    Edge pairs: 0 (flat)  0 (hierarchical)
    Elapsed: 0.010s  Memory: 1363.00M
END: 93/44 (nsdm)
START: 94/20 (psdm)
"-" in: sky130A_mr.drc:409
    Polygons (raw): 1253207 (flat)  192 (hierarchical)
    Elapsed: 0.150s  Memory: 1379.00M
"space" in: sky130A_mr.drc:409
    Edge pairs: 0 (flat)  0 (hierarchical)
    Elapsed: 2.720s  Memory: 1395.00M
"output" in: sky130A_mr.drc:409
    Edge pairs: 0 (flat)  0 (hierarchical)
    Elapsed: 0.050s  Memory: 1363.00M
"outside" in: sky130A_mr.drc:410
    Polygons (raw): 104423 (flat)  1682 (hierarchical)
    Elapsed: 1.660s  Memory: 1366.00M
"width" in: sky130A_mr.drc:410
    Edge pairs: 0 (flat)  0 (hierarchical)
    Elapsed: 0.090s  Memory: 1366.00M
"output" in: sky130A_mr.drc:410
    Edge pairs: 0 (flat)  0 (hierarchical)
    Elapsed: 0.010s  Memory: 1366.00M
"rectangles" in: sky130A_mr.drc:411
    Polygons (raw): 96974 (flat)  1 (hierarchical)
    Elapsed: 0.010s  Memory: 1366.00M
"width" in: sky130A_mr.drc:411
    Edge pairs: 0 (flat)  0 (hierarchical)
    Elapsed: 0.010s  Memory: 1366.00M
"polygons" in: sky130A_mr.drc:411
    Polygons (raw): 0 (flat)  0 (hierarchical)
    Elapsed: 0.000s  Memory: 1366.00M
"edges" in: sky130A_mr.drc:412
    Edges: 0 (flat)  0 (hierarchical)
    Elapsed: 0.010s  Memory: 1366.00M
"outside_part" in: sky130A_mr.drc:412
    Edges: 0 (flat)  0 (hierarchical)
    Elapsed: 0.010s  Memory: 1366.00M
"outside" in: sky130A_mr.drc:412
    Polygons (raw): 0 (flat)  0 (hierarchical)
    Elapsed: 0.010s  Memory: 1366.00M
"edges" in: sky130A_mr.drc:412
    Edges: 0 (flat)  0 (hierarchical)
    Elapsed: 0.010s  Memory: 1366.00M
"-" in: sky130A_mr.drc:412
    Edges: 0 (flat)  0 (hierarchical)
    Elapsed: 0.000s  Memory: 1366.00M
"output" in: sky130A_mr.drc:413
    Edges: 0 (flat)  0 (hierarchical)
    Elapsed: 0.000s  Memory: 1366.00M
"rectangles" in: sky130A_mr.drc:414
    Polygons (raw): 96974 (flat)  1 (hierarchical)
    Elapsed: 0.000s  Memory: 1366.00M
"space" in: sky130A_mr.drc:414
    Edge pairs: 0 (flat)  0 (hierarchical)
    Elapsed: 0.060s  Memory: 1366.00M
"polygons" in: sky130A_mr.drc:414
    Polygons (raw): 0 (flat)  0 (hierarchical)
    Elapsed: 0.010s  Memory: 1366.00M
"edges" in: sky130A_mr.drc:415
    Edges: 0 (flat)  0 (hierarchical)
    Elapsed: 0.010s  Memory: 1366.00M
"outside_part" in: sky130A_mr.drc:415
    Edges: 0 (flat)  0 (hierarchical)
    Elapsed: 0.010s  Memory: 1366.00M
"outside" in: sky130A_mr.drc:415
    Polygons (raw): 0 (flat)  0 (hierarchical)
    Elapsed: 0.010s  Memory: 1366.00M
"edges" in: sky130A_mr.drc:415
    Edges: 0 (flat)  0 (hierarchical)
    Elapsed: 0.010s  Memory: 1366.00M
"-" in: sky130A_mr.drc:415
    Edges: 0 (flat)  0 (hierarchical)
    Elapsed: 0.010s  Memory: 1366.00M
"output" in: sky130A_mr.drc:416
    Edges: 0 (flat)  0 (hierarchical)
    Elapsed: 0.010s  Memory: 1366.00M
"inside" in: sky130A_mr.drc:417
    Polygons (raw): 0 (flat)  0 (hierarchical)
    Elapsed: 0.040s  Memory: 1366.00M
"width" in: sky130A_mr.drc:417
    Edge pairs: 0 (flat)  0 (hierarchical)
    Elapsed: 0.010s  Memory: 1366.00M
"output" in: sky130A_mr.drc:417
    Edge pairs: 0 (flat)  0 (hierarchical)
    Elapsed: 0.010s  Memory: 1366.00M
"inside" in: sky130A_mr.drc:418
    Polygons (raw): 0 (flat)  0 (hierarchical)
    Elapsed: 0.030s  Memory: 1366.00M
"space" in: sky130A_mr.drc:418
    Edge pairs: 0 (flat)  0 (hierarchical)
    Elapsed: 0.010s  Memory: 1366.00M
"output" in: sky130A_mr.drc:418
    Edge pairs: 0 (flat)  0 (hierarchical)
    Elapsed: 0.010s  Memory: 1366.00M
"inside" in: sky130A_mr.drc:419
    Polygons (raw): 0 (flat)  0 (hierarchical)
    Elapsed: 0.070s  Memory: 1366.00M
"space" in: sky130A_mr.drc:419
    Edge pairs: 0 (flat)  0 (hierarchical)
    Elapsed: 0.010s  Memory: 1366.00M
"with_internal_angle" in: sky130A_mr.drc:419
    Edge pairs: 0 (flat)  0 (hierarchical)
    Elapsed: 0.000s  Memory: 1366.00M
"output" in: sky130A_mr.drc:419
    Edge pairs: 0 (flat)  0 (hierarchical)
    Elapsed: 0.000s  Memory: 1366.00M
"&" in: sky130A_mr.drc:420
    Polygons (raw): 0 (flat)  0 (hierarchical)
    Elapsed: 0.520s  Memory: 1366.00M
"&" in: sky130A_mr.drc:420
    Polygons (raw): 0 (flat)  0 (hierarchical)
    Elapsed: 0.020s  Memory: 1366.00M
"output" in: sky130A_mr.drc:420
    Polygons (raw): 0 (flat)  0 (hierarchical)
    Elapsed: 0.010s  Memory: 1366.00M
END: 94/20 (psdm)
START: 66/44 (licon)
"&" in: sky130A_mr.drc:440
    Polygons (raw): 0 (flat)  0 (hierarchical)
    Elapsed: 0.010s  Memory: 1366.00M
"&" in: sky130A_mr.drc:441
    Polygons (raw): 0 (flat)  0 (hierarchical)
    Elapsed: 0.010s  Memory: 1366.00M
"&" in: sky130A_mr.drc:441
    Polygons (raw): 0 (flat)  0 (hierarchical)
    Elapsed: 0.010s  Memory: 1366.00M
"-" in: sky130A_mr.drc:442
    Polygons (raw): 11542748 (flat)  6632 (hierarchical)
    Elapsed: 0.240s  Memory: 1366.00M
"drc" in: sky130A_mr.drc:444
    Polygons (raw): 0 (flat)  0 (hierarchical)
    Elapsed: 1.020s  Memory: 1366.00M
"-" in: sky130A_mr.drc:445
    Polygons (raw): 13870528 (flat)  6733 (hierarchical)
    Elapsed: 0.030s  Memory: 1366.00M
"non_rectangles" in: sky130A_mr.drc:449
    Polygons (raw): 0 (flat)  0 (hierarchical)
    Elapsed: 0.490s  Memory: 1366.00M
"output" in: sky130A_mr.drc:449
    Polygons (raw): 0 (flat)  0 (hierarchical)
    Elapsed: 0.020s  Memory: 1366.00M
"space" in: sky130A_mr.drc:450
    Edge pairs: 0 (flat)  0 (hierarchical)
    Elapsed: 0.490s  Memory: 1366.00M
"output" in: sky130A_mr.drc:450
    Edge pairs: 0 (flat)  0 (hierarchical)
    Elapsed: 0.010s  Memory: 1366.00M
"width" in: sky130A_mr.drc:451
    Edge pairs: 0 (flat)  0 (hierarchical)
    Elapsed: 0.020s  Memory: 1366.00M
"output" in: sky130A_mr.drc:451
    Edge pairs: 0 (flat)  0 (hierarchical)
    Elapsed: 0.010s  Memory: 1366.00M
"&" in: sky130A_mr.drc:452
    Polygons (raw): 9143748 (flat)  5220 (hierarchical)
    Elapsed: 0.500s  Memory: 1366.00M
"separation" in: sky130A_mr.drc:452
    Edge pairs: 0 (flat)  0 (hierarchical)
    Elapsed: 0.710s  Memory: 1366.00M
"output" in: sky130A_mr.drc:452
    Edge pairs: 0 (flat)  0 (hierarchical)
    Elapsed: 0.060s  Memory: 1366.00M
"&" in: sky130A_mr.drc:453
    Polygons (raw): 9143748 (flat)  5220 (hierarchical)
    Elapsed: 0.510s  Memory: 1366.00M
"&" in: sky130A_mr.drc:453
    Polygons (raw): 0 (flat)  0 (hierarchical)
    Elapsed: 0.370s  Memory: 1366.00M
"output" in: sky130A_mr.drc:453
    Polygons (raw): 0 (flat)  0 (hierarchical)
    Elapsed: 0.050s  Memory: 1366.00M
"interacting" in: sky130A_mr.drc:454
    Polygons (raw): 2669270 (flat)  5714 (hierarchical)
    Elapsed: 0.570s  Memory: 1366.00M
"interacting" in: sky130A_mr.drc:454
    Polygons (raw): 10000849 (flat)  28331 (hierarchical)
    Elapsed: 0.770s  Memory: 1366.00M
"&" in: sky130A_mr.drc:454
    Polygons (raw): 0 (flat)  0 (hierarchical)
    Elapsed: 0.470s  Memory: 1366.00M
"output" in: sky130A_mr.drc:454
    Polygons (raw): 0 (flat)  0 (hierarchical)
    Elapsed: 0.010s  Memory: 1366.00M
"-" in: sky130A_mr.drc:455
    Polygons (raw): 7648977 (flat)  83388 (hierarchical)
    Elapsed: 1.080s  Memory: 1366.00M
"&" in: sky130A_mr.drc:456
    Polygons (raw): 10161072 (flat)  5775 (hierarchical)
    Elapsed: 1.690s  Memory: 1366.00M
"interacting" in: sky130A_mr.drc:456
    Polygons (raw): 10000849 (flat)  28331 (hierarchical)
    Elapsed: 0.770s  Memory: 1366.00M
"-" in: sky130A_mr.drc:457
    Polygons (raw): 2819420 (flat)  1433 (hierarchical)
    Elapsed: 0.640s  Memory: 1366.00M
"-" in: sky130A_mr.drc:457
    Polygons (raw): 2819420 (flat)  1433 (hierarchical)
    Elapsed: 0.620s  Memory: 1366.00M
"&" in: sky130A_mr.drc:457
    Polygons (raw): 2699300 (flat)  1427 (hierarchical)
    Elapsed: 0.420s  Memory: 1366.00M
"interacting" in: sky130A_mr.drc:457
    Polygons (raw): 2669270 (flat)  5714 (hierarchical)
    Elapsed: 0.720s  Memory: 1366.00M
"&" in: sky130A_mr.drc:458
    Polygons (raw): 270270 (flat)  4302 (hierarchical)
    Elapsed: 0.240s  Memory: 1366.00M
"enclosing" in: sky130A_mr.drc:459
    Edge pairs: 0 (flat)  0 (hierarchical)
    Elapsed: 0.150s  Memory: 1366.00M
"output" in: sky130A_mr.drc:459
    Edge pairs: 0 (flat)  0 (hierarchical)
    Elapsed: 0.010s  Memory: 1366.00M
"-" in: sky130A_mr.drc:460
    Polygons (raw): 0 (flat)  0 (hierarchical)
    Elapsed: 0.120s  Memory: 1366.00M
"output" in: sky130A_mr.drc:460
    Polygons (raw): 0 (flat)  0 (hierarchical)
    Elapsed: 0.030s  Memory: 1366.00M
END: 66/44 (licon)
START: 61/20 (nsm)
"space" in: sky130A_mr.drc:465
    Edge pairs: 0 (flat)  0 (hierarchical)
    Elapsed: 0.000s  Memory: 1366.00M
"output" in: sky130A_mr.drc:465
    Edge pairs: 0 (flat)  0 (hierarchical)
    Elapsed: 0.010s  Memory: 1366.00M
"width" in: sky130A_mr.drc:466
    Edge pairs: 0 (flat)  0 (hierarchical)
    Elapsed: 0.010s  Memory: 1366.00M
"output" in: sky130A_mr.drc:466
    Edge pairs: 0 (flat)  0 (hierarchical)
    Elapsed: 0.010s  Memory: 1366.00M
END: 61/20 (nsm)
START: 89/44 (capm)
"width" in: sky130A_mr.drc:471
    Edge pairs: 0 (flat)  0 (hierarchical)
    Elapsed: 0.010s  Memory: 1366.00M
"output" in: sky130A_mr.drc:471
    Edge pairs: 0 (flat)  0 (hierarchical)
    Elapsed: 0.010s  Memory: 1366.00M
"space" in: sky130A_mr.drc:472
    Edge pairs: 0 (flat)  0 (hierarchical)
    Elapsed: 0.000s  Memory: 1366.00M
"output" in: sky130A_mr.drc:472
    Edge pairs: 0 (flat)  0 (hierarchical)
    Elapsed: 0.010s  Memory: 1366.00M
"&" in: sky130A_mr.drc:473
    Polygons (raw): 0 (flat)  0 (hierarchical)
    Elapsed: 0.010s  Memory: 1366.00M
"sized" in: sky130A_mr.drc:473
    Polygons (raw): 0 (flat)  0 (hierarchical)
    Elapsed: 0.010s  Memory: 1366.00M
"isolated" in: sky130A_mr.drc:474
    Edge pairs: 0 (flat)  0 (hierarchical)
    Elapsed: 0.010s  Memory: 1366.00M
"polygons" in: sky130A_mr.drc:474
    Polygons (raw): 0 (flat)  0 (hierarchical)
    Elapsed: 0.000s  Memory: 1366.00M
"-" in: sky130A_mr.drc:474
    Polygons (raw): 0 (flat)  0 (hierarchical)
    Elapsed: 0.010s  Memory: 1366.00M
"output" in: sky130A_mr.drc:474
    Polygons (raw): 0 (flat)  0 (hierarchical)
    Elapsed: 0.010s  Memory: 1366.00M
"not_interacting" in: sky130A_mr.drc:475
    Polygons (raw): 1674832 (flat)  112068 (hierarchical)
    Elapsed: 0.010s  Memory: 1366.00M
"separation" in: sky130A_mr.drc:475
    Edge pairs: 0 (flat)  0 (hierarchical)
    Elapsed: 0.000s  Memory: 1366.00M
"output" in: sky130A_mr.drc:475
    Edge pairs: 0 (flat)  0 (hierarchical)
    Elapsed: 0.010s  Memory: 1366.00M
"enclosing" in: sky130A_mr.drc:477
    Edge pairs: 0 (flat)  0 (hierarchical)
    Elapsed: 0.010s  Memory: 1366.00M
"output" in: sky130A_mr.drc:477
    Edge pairs: 0 (flat)  0 (hierarchical)
    Elapsed: 0.010s  Memory: 1366.00M
"enclosing" in: sky130A_mr.drc:478
    Edge pairs: 0 (flat)  0 (hierarchical)
    Elapsed: 0.010s  Memory: 1366.00M
"output" in: sky130A_mr.drc:478
    Edge pairs: 0 (flat)  0 (hierarchical)
    Elapsed: 0.010s  Memory: 1366.00M
"separation" in: sky130A_mr.drc:479
    Edge pairs: 0 (flat)  0 (hierarchical)
    Elapsed: 0.000s  Memory: 1366.00M
"output" in: sky130A_mr.drc:479
    Edge pairs: 0 (flat)  0 (hierarchical)
    Elapsed: 0.010s  Memory: 1366.00M
"not_interacting" in: sky130A_mr.drc:480
    Polygons (raw): 1674832 (flat)  112068 (hierarchical)
    Elapsed: 0.010s  Memory: 1366.00M
"separation" in: sky130A_mr.drc:480
    Edge pairs: 0 (flat)  0 (hierarchical)
    Elapsed: 0.000s  Memory: 1366.00M
"output" in: sky130A_mr.drc:480
    Edge pairs: 0 (flat)  0 (hierarchical)
    Elapsed: 0.010s  Memory: 1366.00M
END: 89/44 (capm)
START: 97/44 (cap2m)
"width" in: sky130A_mr.drc:485
    Edge pairs: 0 (flat)  0 (hierarchical)
    Elapsed: 0.010s  Memory: 1366.00M
"output" in: sky130A_mr.drc:485
    Edge pairs: 0 (flat)  0 (hierarchical)
    Elapsed: 0.010s  Memory: 1366.00M
"space" in: sky130A_mr.drc:486
    Edge pairs: 0 (flat)  0 (hierarchical)
    Elapsed: 0.000s  Memory: 1366.00M
"output" in: sky130A_mr.drc:486
    Edge pairs: 0 (flat)  0 (hierarchical)
    Elapsed: 0.010s  Memory: 1366.00M
"interacting" in: sky130A_mr.drc:487
    Polygons (raw): 0 (flat)  0 (hierarchical)
    Elapsed: 0.010s  Memory: 1366.00M
"isolated" in: sky130A_mr.drc:487
    Edge pairs: 0 (flat)  0 (hierarchical)
    Elapsed: 0.050s  Memory: 1366.00M
"output" in: sky130A_mr.drc:487
    Edge pairs: 0 (flat)  0 (hierarchical)
    Elapsed: 0.000s  Memory: 1366.00M
"interacting" in: sky130A_mr.drc:488
    Polygons (raw): 0 (flat)  0 (hierarchical)
    Elapsed: 0.010s  Memory: 1366.00M
"isolated" in: sky130A_mr.drc:488
    Edge pairs: 0 (flat)  0 (hierarchical)
    Elapsed: 0.010s  Memory: 1366.00M
"output" in: sky130A_mr.drc:488
    Edge pairs: 0 (flat)  0 (hierarchical)
    Elapsed: 0.010s  Memory: 1366.00M
"&" in: sky130A_mr.drc:489
    Polygons (raw): 0 (flat)  0 (hierarchical)
    Elapsed: 0.000s  Memory: 1366.00M
"enclosing" in: sky130A_mr.drc:489
    Edge pairs: 0 (flat)  0 (hierarchical)
    Elapsed: 0.010s  Memory: 1366.00M
"output" in: sky130A_mr.drc:489
    Edge pairs: 0 (flat)  0 (hierarchical)
    Elapsed: 0.010s  Memory: 1366.00M
"enclosing" in: sky130A_mr.drc:490
    Edge pairs: 0 (flat)  0 (hierarchical)
    Elapsed: 0.010s  Memory: 1366.00M
"output" in: sky130A_mr.drc:490
    Edge pairs: 0 (flat)  0 (hierarchical)
    Elapsed: 0.010s  Memory: 1366.00M
"enclosing" in: sky130A_mr.drc:491
    Edge pairs: 0 (flat)  0 (hierarchical)
    Elapsed: 0.010s  Memory: 1366.00M
"output" in: sky130A_mr.drc:491
    Edge pairs: 0 (flat)  0 (hierarchical)
    Elapsed: 0.000s  Memory: 1366.00M
"separation" in: sky130A_mr.drc:492
    Edge pairs: 0 (flat)  0 (hierarchical)
    Elapsed: 0.010s  Memory: 1366.00M
"output" in: sky130A_mr.drc:492
    Edge pairs: 0 (flat)  0 (hierarchical)
    Elapsed: 0.010s  Memory: 1366.00M
"not_interacting" in: sky130A_mr.drc:493
    Polygons (raw): 249556 (flat)  25248 (hierarchical)
    Elapsed: 0.010s  Memory: 1366.00M
"separation" in: sky130A_mr.drc:493
    Edge pairs: 0 (flat)  0 (hierarchical)
    Elapsed: 0.000s  Memory: 1366.00M
"output" in: sky130A_mr.drc:493
    Edge pairs: 0 (flat)  0 (hierarchical)
    Elapsed: 0.010s  Memory: 1366.00M
END: 97/44 (cap2m)
BEOL section
START: 67/20 (li)
"outside" in: sky130A_mr.drc:502
    Polygons (raw): 2695636 (flat)  60007 (hierarchical)
    Elapsed: 5.640s  Memory: 1455.00M
"interacting" in: sky130A_mr.drc:502
    Polygons (raw): 566503 (flat)  12797 (hierarchical)
    Elapsed: 0.360s  Memory: 1455.00M
"inside" in: sky130A_mr.drc:502
    Polygons (raw): 566503 (flat)  12797 (hierarchical)
    Elapsed: 0.310s  Memory: 1455.00M
"-" in: sky130A_mr.drc:502
    Polygons (raw): 0 (flat)  0 (hierarchical)
    Elapsed: 0.020s  Memory: 1455.00M
"or" in: sky130A_mr.drc:502
    Polygons (raw): 2695636 (flat)  60007 (hierarchical)
    Elapsed: 0.040s  Memory: 1455.00M
"width" in: sky130A_mr.drc:503
    Edge pairs: 0 (flat)  0 (hierarchical)
    Elapsed: 0.810s  Memory: 1455.00M
"output" in: sky130A_mr.drc:503
    Edge pairs: 0 (flat)  0 (hierarchical)
    Elapsed: 0.060s  Memory: 1455.00M
"space" in: sky130A_mr.drc:504
    Edge pairs: 0 (flat)  0 (hierarchical)
    Elapsed: 4.750s  Memory: 1463.00M
"output" in: sky130A_mr.drc:504
    Edge pairs: 0 (flat)  0 (hierarchical)
    Elapsed: 0.030s  Memory: 1455.00M
"-" in: sky130A_mr.drc:505
    Polygons (raw): 11542748 (flat)  6632 (hierarchical)
    Elapsed: 0.270s  Memory: 1455.00M
"enclosing" in: sky130A_mr.drc:506
    Edge pairs: 13598906 (flat)  956925 (hierarchical)
    Elapsed: 19.000s  Memory: 1476.00M
"second_edges" in: sky130A_mr.drc:506
    Edges: 13598906 (flat)  956925 (hierarchical)
    Elapsed: 0.060s  Memory: 1506.00M
"width" in: sky130A_mr.drc:507
    Edge pairs: 0 (flat)  0 (hierarchical)
    Elapsed: 3.060s  Memory: 1698.00M
"polygons" in: sky130A_mr.drc:508
    Polygons (raw): 0 (flat)  0 (hierarchical)
    Elapsed: 0.020s  Memory: 1677.00M
"interacting" in: sky130A_mr.drc:508
    Polygons (raw): 0 (flat)  0 (hierarchical)
    Elapsed: 0.000s  Memory: 1677.00M
"output" in: sky130A_mr.drc:509
    Polygons (raw): 0 (flat)  0 (hierarchical)
    Elapsed: 0.010s  Memory: 1677.00M
"interacting" in: sky130A_mr.drc:510
    Polygons (raw): 566503 (flat)  12797 (hierarchical)
    Elapsed: 0.330s  Memory: 1677.00M
"-" in: sky130A_mr.drc:510
    Polygons (raw): 8277753 (flat)  60534 (hierarchical)
    Elapsed: 0.520s  Memory: 1677.00M
"with_area" in: sky130A_mr.drc:511
    Polygons (raw): 0 (flat)  0 (hierarchical)
    Elapsed: 4.380s  Memory: 1677.00M
"output" in: sky130A_mr.drc:511
    Polygons (raw): 0 (flat)  0 (hierarchical)
    Elapsed: 0.020s  Memory: 1677.00M
"&" in: sky130A_mr.drc:512
    Polygons (raw): 837228 (flat)  40 (hierarchical)
    Elapsed: 0.260s  Memory: 1677.00M
"space" in: sky130A_mr.drc:513
    Edge pairs: 0 (flat)  0 (hierarchical)
    Elapsed: 0.150s  Memory: 1677.00M
"output" in: sky130A_mr.drc:513
    Edge pairs: 0 (flat)  0 (hierarchical)
    Elapsed: 0.010s  Memory: 1677.00M
"width" in: sky130A_mr.drc:514
    Edge pairs: 0 (flat)  0 (hierarchical)
    Elapsed: 0.270s  Memory: 1677.00M
"output" in: sky130A_mr.drc:514
    Edge pairs: 0 (flat)  0 (hierarchical)
    Elapsed: 0.020s  Memory: 1677.00M
END: 67/20 (li)
START: 67/44 (mcon)
"-" in: sky130A_mr.drc:519
    Polygons (raw): 13031564 (flat)  56840 (hierarchical)
    Elapsed: 0.320s  Memory: 1677.00M
"drc" in: sky130A_mr.drc:521
    Polygons (raw): 0 (flat)  0 (hierarchical)
    Elapsed: 11.710s  Memory: 1978.00M
"-" in: sky130A_mr.drc:522
    Polygons (raw): 14531244 (flat)  56913 (hierarchical)
    Elapsed: 0.030s  Memory: 1978.00M
"-" in: sky130A_mr.drc:526
    Polygons (raw): 13031564 (flat)  56840 (hierarchical)
    Elapsed: 0.320s  Memory: 1978.00M
"non_rectangles" in: sky130A_mr.drc:527
    Polygons (raw): 0 (flat)  0 (hierarchical)
    Elapsed: 10.360s  Memory: 1994.00M
"output" in: sky130A_mr.drc:527
    Polygons (raw): 0 (flat)  0 (hierarchical)
    Elapsed: 0.030s  Memory: 1994.00M
"drc" in: sky130A_mr.drc:529
    Edge pairs: 0 (flat)  0 (hierarchical)
    Elapsed: 11.740s  Memory: 2106.00M
"output" in: sky130A_mr.drc:529
    Edge pairs: 0 (flat)  0 (hierarchical)
    Elapsed: 0.030s  Memory: 2010.00M
"drc" in: sky130A_mr.drc:530
    Edges: 0 (flat)  0 (hierarchical)
    Elapsed: 1.850s  Memory: 2074.00M
"output" in: sky130A_mr.drc:530
    Edges: 0 (flat)  0 (hierarchical)
    Elapsed: 0.030s  Memory: 2074.00M
"space" in: sky130A_mr.drc:531
    Edge pairs: 0 (flat)  0 (hierarchical)
    Elapsed: 5.650s  Memory: 2010.00M
"output" in: sky130A_mr.drc:531
    Edge pairs: 0 (flat)  0 (hierarchical)
    Elapsed: 0.030s  Memory: 2010.00M
"width" in: sky130A_mr.drc:533
    Edge pairs: 0 (flat)  0 (hierarchical)
    Elapsed: 0.010s  Memory: 2010.00M
"output" in: sky130A_mr.drc:533
    Edge pairs: 0 (flat)  0 (hierarchical)
    Elapsed: 0.010s  Memory: 2010.00M
"drc" in: sky130A_mr.drc:534
    Edge pairs: 0 (flat)  0 (hierarchical)
    Elapsed: 0.040s  Memory: 2010.00M
"output" in: sky130A_mr.drc:534
    Edge pairs: 0 (flat)  0 (hierarchical)
    Elapsed: 0.010s  Memory: 2010.00M
"-" in: sky130A_mr.drc:535
    Polygons (raw): 0 (flat)  0 (hierarchical)
    Elapsed: 0.010s  Memory: 2010.00M
"output" in: sky130A_mr.drc:535
    Polygons (raw): 0 (flat)  0 (hierarchical)
    Elapsed: 0.000s  Memory: 2010.00M
"-" in: sky130A_mr.drc:537
    Polygons (raw): 0 (flat)  0 (hierarchical)
    Elapsed: 5.050s  Memory: 2034.00M
"output" in: sky130A_mr.drc:537
    Polygons (raw): 0 (flat)  0 (hierarchical)
    Elapsed: 0.030s  Memory: 2010.00M
END: 67/44 (mcon)
START: 68/20 (m1)
"width" in: sky130A_mr.drc:542
    Edge pairs: 10 (flat)  10 (hierarchical)
    Elapsed: 5.730s  Memory: 2010.00M
"output" in: sky130A_mr.drc:542
    Edge pairs: 10 (flat)  10 (hierarchical)
    Elapsed: 0.020s  Memory: 2010.00M
"sized" in: sky130A_mr.drc:543
    Polygons (raw): 0 (flat)  0 (hierarchical)
    Elapsed: 1.600s  Memory: 2010.00M
"sized" in: sky130A_mr.drc:543
    Polygons (raw): 0 (flat)  0 (hierarchical)
    Elapsed: 0.030s  Memory: 2010.00M
"snap" in: sky130A_mr.drc:543
    Polygons (raw): 0 (flat)  0 (hierarchical)
    Elapsed: 0.010s  Memory: 2010.00M
"&" in: sky130A_mr.drc:543
    Polygons (raw): 0 (flat)  0 (hierarchical)
    Elapsed: 0.010s  Memory: 2010.00M
"edges" in: sky130A_mr.drc:544
    Edges: 21086894 (flat)  1685062 (hierarchical)
    Elapsed: 0.070s  Memory: 2052.00M
"-" in: sky130A_mr.drc:544
    Edges: 21086894 (flat)  1685062 (hierarchical)
    Elapsed: 0.020s  Memory: 2071.00M
"edges" in: sky130A_mr.drc:545
    Edges: 0 (flat)  0 (hierarchical)
    Elapsed: 0.010s  Memory: 2071.00M
"merged" in: sky130A_mr.drc:545
    Polygons (raw): 1648708 (flat)  117694 (hierarchical)
    Elapsed: 0.010s  Memory: 2071.00M
"outside_part" in: sky130A_mr.drc:545
    Edges: 0 (flat)  0 (hierarchical)
    Elapsed: 0.010s  Memory: 2071.00M
"space" in: sky130A_mr.drc:547
    Edge pairs: 2325 (flat)  2325 (hierarchical)
    Elapsed: 18.850s  Memory: 2071.00M
"output" in: sky130A_mr.drc:547
    Edge pairs: 2325 (flat)  2325 (hierarchical)
    Elapsed: 0.050s  Memory: 2071.00M
"separation" in: sky130A_mr.drc:549
    Edge pairs: 0 (flat)  0 (hierarchical)
    Elapsed: 0.070s  Memory: 2071.00M
"space" in: sky130A_mr.drc:549
    Edge pairs: 0 (flat)  0 (hierarchical)
    Elapsed: 0.020s  Memory: 2071.00M
"+" in: sky130A_mr.drc:549
    Edge pairs: 0 (flat)  0 (hierarchical)
    Elapsed: 0.010s  Memory: 2071.00M
"output" in: sky130A_mr.drc:549
    Edge pairs: 0 (flat)  0 (hierarchical)
    Elapsed: 0.010s  Memory: 2071.00M
"input" in: sky130A_mr.drc:553
    Polygons (raw): 10875025 (flat)  293903 (hierarchical)
    Elapsed: 0.130s  Memory: 2071.00M
"enclosing" in: sky130A_mr.drc:555
    Edge pairs: 0 (flat)  0 (hierarchical)
    Elapsed: 30.340s  Memory: 2423.00M
"output" in: sky130A_mr.drc:555
    Edge pairs: 0 (flat)  0 (hierarchical)
    Elapsed: 0.050s  Memory: 2071.00M
"-" in: sky130A_mr.drc:556
    Polygons (raw): 0 (flat)  0 (hierarchical)
    Elapsed: 12.550s  Memory: 2095.00M
"output" in: sky130A_mr.drc:556
    Polygons (raw): 0 (flat)  0 (hierarchical)
    Elapsed: 0.020s  Memory: 2071.00M
"input" in: sky130A_mr.drc:558
    Polygons (raw): 0 (flat)  0 (hierarchical)
    Elapsed: 0.030s  Memory: 2071.00M
"enclosing" in: sky130A_mr.drc:559
    Edge pairs: 0 (flat)  0 (hierarchical)
    Elapsed: 0.010s  Memory: 2071.00M
"output" in: sky130A_mr.drc:559
    Edge pairs: 0 (flat)  0 (hierarchical)
    Elapsed: 0.010s  Memory: 2071.00M
"-" in: sky130A_mr.drc:561
    Polygons (raw): 0 (flat)  0 (hierarchical)
    Elapsed: 0.000s  Memory: 2071.00M
"output" in: sky130A_mr.drc:561
    Polygons (raw): 0 (flat)  0 (hierarchical)
    Elapsed: 0.010s  Memory: 2071.00M
"with_area" in: sky130A_mr.drc:563
    Polygons (raw): 0 (flat)  0 (hierarchical)
    Elapsed: 0.080s  Memory: 2071.00M
"output" in: sky130A_mr.drc:563
    Polygons (raw): 0 (flat)  0 (hierarchical)
    Elapsed: 0.010s  Memory: 2071.00M
"holes" in: sky130A_mr.drc:565
    Polygons (raw): 140 (flat)  140 (hierarchical)
    Elapsed: 0.030s  Memory: 2071.00M
"with_area" in: sky130A_mr.drc:565
    Polygons (raw): 71 (flat)  71 (hierarchical)
    Elapsed: 0.060s  Memory: 2071.00M
"output" in: sky130A_mr.drc:565
    Polygons (raw): 71 (flat)  71 (hierarchical)
    Elapsed: 0.010s  Memory: 2071.00M
"enclosing" in: sky130A_mr.drc:572
    Edge pairs: 3946475 (flat)  274466 (hierarchical)
    Elapsed: 25.380s  Memory: 2071.00M
"second_edges" in: sky130A_mr.drc:572
    Edges: 3946475 (flat)  274466 (hierarchical)
    Elapsed: 0.030s  Memory: 2071.00M
"width" in: sky130A_mr.drc:573
    Edge pairs: 0 (flat)  0 (hierarchical)
    Elapsed: 2.380s  Memory: 2071.00M
"polygons" in: sky130A_mr.drc:574
    Polygons (raw): 0 (flat)  0 (hierarchical)
    Elapsed: 0.020s  Memory: 2071.00M
"interacting" in: sky130A_mr.drc:574
    Polygons (raw): 0 (flat)  0 (hierarchical)
    Elapsed: 0.010s  Memory: 2071.00M
"output" in: sky130A_mr.drc:575
    Polygons (raw): 0 (flat)  0 (hierarchical)
    Elapsed: 0.010s  Memory: 2071.00M
END: 68/20 (m1)
START: 68/44 (via)
"drc" in: sky130A_mr.drc:583
    Polygons (raw): 0 (flat)  0 (hierarchical)
    Elapsed: 1.000s  Memory: 2071.00M
"-" in: sky130A_mr.drc:584
    Polygons (raw): 2544888 (flat)  136635 (hierarchical)
    Elapsed: 0.030s  Memory: 2071.00M
"-" in: sky130A_mr.drc:589
    Polygons (raw): 2544888 (flat)  136635 (hierarchical)
    Elapsed: 0.000s  Memory: 2071.00M
"non_rectangles" in: sky130A_mr.drc:591
    Polygons (raw): 0 (flat)  0 (hierarchical)
    Elapsed: 0.720s  Memory: 2071.00M
"output" in: sky130A_mr.drc:591
    Polygons (raw): 0 (flat)  0 (hierarchical)
    Elapsed: 0.020s  Memory: 2071.00M
"width" in: sky130A_mr.drc:592
    Edge pairs: 0 (flat)  0 (hierarchical)
    Elapsed: 0.050s  Memory: 2071.00M
"output" in: sky130A_mr.drc:592
    Edge pairs: 0 (flat)  0 (hierarchical)
    Elapsed: 0.010s  Memory: 2071.00M
"drc" in: sky130A_mr.drc:594
    Edges: 14 (flat)  14 (hierarchical)
    Elapsed: 0.430s  Memory: 2071.00M
"output" in: sky130A_mr.drc:594
    Edges: 14 (flat)  14 (hierarchical)
    Elapsed: 0.010s  Memory: 2071.00M
"space" in: sky130A_mr.drc:596
    Edge pairs: 9 (flat)  9 (hierarchical)
    Elapsed: 0.540s  Memory: 2071.00M
"output" in: sky130A_mr.drc:596
    Edge pairs: 9 (flat)  9 (hierarchical)
    Elapsed: 0.030s  Memory: 2071.00M
"width" in: sky130A_mr.drc:599
    Edge pairs: 0 (flat)  0 (hierarchical)
    Elapsed: 0.010s  Memory: 2071.00M
"output" in: sky130A_mr.drc:599
    Edge pairs: 0 (flat)  0 (hierarchical)
    Elapsed: 0.010s  Memory: 2071.00M
"drc" in: sky130A_mr.drc:600
    Edge pairs: 0 (flat)  0 (hierarchical)
    Elapsed: 0.050s  Memory: 2071.00M
"output" in: sky130A_mr.drc:600
    Edge pairs: 0 (flat)  0 (hierarchical)
    Elapsed: 0.010s  Memory: 2071.00M
"-" in: sky130A_mr.drc:601
    Polygons (raw): 0 (flat)  0 (hierarchical)
    Elapsed: 0.010s  Memory: 2071.00M
"output" in: sky130A_mr.drc:601
    Polygons (raw): 0 (flat)  0 (hierarchical)
    Elapsed: 0.010s  Memory: 2071.00M
"edges" in: sky130A_mr.drc:604
    Edges: 21086894 (flat)  1685062 (hierarchical)
    Elapsed: 0.070s  Memory: 2071.00M
"drc" in: sky130A_mr.drc:604
    Edges: 8434214 (flat)  616102 (hierarchical)
    Elapsed: 2.010s  Memory: 2071.00M
"enclosing" in: sky130A_mr.drc:604
    Edge pairs: 0 (flat)  0 (hierarchical)
    Elapsed: 8.460s  Memory: 2135.00M
"output" in: sky130A_mr.drc:604
    Edge pairs: 0 (flat)  0 (hierarchical)
    Elapsed: 0.070s  Memory: 2135.00M
"squares" in: sky130A_mr.drc:605
    Polygons (raw): 2108550 (flat)  154022 (hierarchical)
    Elapsed: 0.040s  Memory: 2135.00M
"drc" in: sky130A_mr.drc:605
    Edges: 8434200 (flat)  616088 (hierarchical)
    Elapsed: 1.300s  Memory: 2071.00M
"-" in: sky130A_mr.drc:605
    Edges: 0 (flat)  0 (hierarchical)
    Elapsed: 9.610s  Memory: 2071.00M
"output" in: sky130A_mr.drc:605
    Edges: 0 (flat)  0 (hierarchical)
    Elapsed: 0.050s  Memory: 2071.00M
"edges" in: sky130A_mr.drc:607
    Edges: 21086894 (flat)  1685062 (hierarchical)
    Elapsed: 0.070s  Memory: 2071.00M
"drc" in: sky130A_mr.drc:607
    Edges: 8434214 (flat)  616102 (hierarchical)
    Elapsed: 1.290s  Memory: 2071.00M
"enclosing" in: sky130A_mr.drc:607
    Edge pairs: 3286803 (flat)  276669 (hierarchical)
    Elapsed: 11.340s  Memory: 2071.00M
"second_edges" in: sky130A_mr.drc:607
    Edges: 3286803 (flat)  276669 (hierarchical)
    Elapsed: 0.020s  Memory: 2071.00M
"width" in: sky130A_mr.drc:608
    Edge pairs: 0 (flat)  0 (hierarchical)
    Elapsed: 2.690s  Memory: 2071.00M
"polygons" in: sky130A_mr.drc:609
    Polygons (raw): 0 (flat)  0 (hierarchical)
    Elapsed: 0.010s  Memory: 2071.00M
"interacting" in: sky130A_mr.drc:609
    Polygons (raw): 0 (flat)  0 (hierarchical)
    Elapsed: 0.000s  Memory: 2071.00M
"output" in: sky130A_mr.drc:610
    Polygons (raw): 0 (flat)  0 (hierarchical)
    Elapsed: 0.010s  Memory: 2071.00M
END: 68/44 (via)
START: 69/20 (m2)
"&" in: sky130A_mr.drc:617
    Polygons (raw): 420420 (flat)  21 (hierarchical)
    Elapsed: 0.140s  Memory: 2071.00M
"width" in: sky130A_mr.drc:618
    Edge pairs: 11 (flat)  11 (hierarchical)
    Elapsed: 1.820s  Memory: 2071.00M
"output" in: sky130A_mr.drc:618
    Edge pairs: 11 (flat)  11 (hierarchical)
    Elapsed: 0.030s  Memory: 2071.00M
"sized" in: sky130A_mr.drc:620
    Polygons (raw): 0 (flat)  0 (hierarchical)
    Elapsed: 1.130s  Memory: 2071.00M
"sized" in: sky130A_mr.drc:620
    Polygons (raw): 0 (flat)  0 (hierarchical)
    Elapsed: 0.030s  Memory: 2071.00M
"snap" in: sky130A_mr.drc:620
    Polygons (raw): 0 (flat)  0 (hierarchical)
    Elapsed: 0.010s  Memory: 2071.00M
"&" in: sky130A_mr.drc:620
    Polygons (raw): 0 (flat)  0 (hierarchical)
    Elapsed: 0.010s  Memory: 2071.00M
"edges" in: sky130A_mr.drc:621
    Edges: 14160696 (flat)  1570132 (hierarchical)
    Elapsed: 0.070s  Memory: 2092.00M
"-" in: sky130A_mr.drc:621
    Edges: 14160696 (flat)  1570132 (hierarchical)
    Elapsed: 0.020s  Memory: 2092.00M
"edges" in: sky130A_mr.drc:622
    Edges: 0 (flat)  0 (hierarchical)
    Elapsed: 0.010s  Memory: 2092.00M
"merged" in: sky130A_mr.drc:622
    Polygons (raw): 912386 (flat)  90529 (hierarchical)
    Elapsed: 0.000s  Memory: 2092.00M
"outside_part" in: sky130A_mr.drc:622
    Edges: 0 (flat)  0 (hierarchical)
    Elapsed: 0.000s  Memory: 2092.00M
"-" in: sky130A_mr.drc:623
    Polygons (raw): 1824168 (flat)  136599 (hierarchical)
    Elapsed: 0.220s  Memory: 2092.00M
"space" in: sky130A_mr.drc:625
    Edge pairs: 660 (flat)  660 (hierarchical)
    Elapsed: 17.570s  Memory: 2284.00M
"output" in: sky130A_mr.drc:625
    Edge pairs: 660 (flat)  660 (hierarchical)
    Elapsed: 0.030s  Memory: 2284.00M
"separation" in: sky130A_mr.drc:627
    Edge pairs: 0 (flat)  0 (hierarchical)
    Elapsed: 0.070s  Memory: 2284.00M
"space" in: sky130A_mr.drc:627
    Edge pairs: 0 (flat)  0 (hierarchical)
    Elapsed: 0.020s  Memory: 2284.00M
"+" in: sky130A_mr.drc:627
    Edge pairs: 0 (flat)  0 (hierarchical)
    Elapsed: 0.010s  Memory: 2284.00M
"output" in: sky130A_mr.drc:627
    Edge pairs: 0 (flat)  0 (hierarchical)
    Elapsed: 0.000s  Memory: 2284.00M
"with_area" in: sky130A_mr.drc:629
    Polygons (raw): 0 (flat)  0 (hierarchical)
    Elapsed: 0.060s  Memory: 2284.00M
"output" in: sky130A_mr.drc:629
    Polygons (raw): 0 (flat)  0 (hierarchical)
    Elapsed: 0.010s  Memory: 2284.00M
"holes" in: sky130A_mr.drc:630
    Polygons (raw): 624 (flat)  624 (hierarchical)
    Elapsed: 0.030s  Memory: 2284.00M
"with_area" in: sky130A_mr.drc:630
    Polygons (raw): 42 (flat)  42 (hierarchical)
    Elapsed: 0.050s  Memory: 2284.00M
"output" in: sky130A_mr.drc:630
    Polygons (raw): 42 (flat)  42 (hierarchical)
    Elapsed: 0.010s  Memory: 2284.00M
"enclosing" in: sky130A_mr.drc:635
    Edge pairs: 0 (flat)  0 (hierarchical)
    Elapsed: 2.570s  Memory: 2316.00M
"output" in: sky130A_mr.drc:635
    Edge pairs: 0 (flat)  0 (hierarchical)
    Elapsed: 0.040s  Memory: 2092.00M
"-" in: sky130A_mr.drc:636
    Polygons (raw): 0 (flat)  0 (hierarchical)
    Elapsed: 1.730s  Memory: 2092.00M
"output" in: sky130A_mr.drc:636
    Polygons (raw): 0 (flat)  0 (hierarchical)
    Elapsed: 0.030s  Memory: 2092.00M
"enclosing" in: sky130A_mr.drc:637
    Edge pairs: 0 (flat)  0 (hierarchical)
    Elapsed: 0.340s  Memory: 2092.00M
"output" in: sky130A_mr.drc:637
    Edge pairs: 0 (flat)  0 (hierarchical)
    Elapsed: 0.010s  Memory: 2092.00M
"enclosing" in: sky130A_mr.drc:638
    Edge pairs: 3400454 (flat)  329834 (hierarchical)
    Elapsed: 4.180s  Memory: 2092.00M
"second_edges" in: sky130A_mr.drc:638
    Edges: 3400454 (flat)  329834 (hierarchical)
    Elapsed: 0.030s  Memory: 2092.00M
"width" in: sky130A_mr.drc:639
    Edge pairs: 0 (flat)  0 (hierarchical)
    Elapsed: 3.530s  Memory: 2094.00M
"polygons" in: sky130A_mr.drc:640
    Polygons (raw): 0 (flat)  0 (hierarchical)
    Elapsed: 0.020s  Memory: 2094.00M
"interacting" in: sky130A_mr.drc:640
    Polygons (raw): 0 (flat)  0 (hierarchical)
    Elapsed: 0.010s  Memory: 2094.00M
"output" in: sky130A_mr.drc:641
    Polygons (raw): 0 (flat)  0 (hierarchical)
    Elapsed: 0.010s  Memory: 2094.00M
END: 69/20 (m2)
START: 69/44 (via2)
"drc" in: sky130A_mr.drc:650
    Polygons (raw): 0 (flat)  0 (hierarchical)
    Elapsed: 0.440s  Memory: 2094.00M
"-" in: sky130A_mr.drc:651
    Polygons (raw): 605211 (flat)  67376 (hierarchical)
    Elapsed: 0.020s  Memory: 2094.00M
"-" in: sky130A_mr.drc:656
    Polygons (raw): 605211 (flat)  67376 (hierarchical)
    Elapsed: 0.010s  Memory: 2094.00M
"non_rectangles" in: sky130A_mr.drc:657
    Polygons (raw): 1 (flat)  1 (hierarchical)
    Elapsed: 0.300s  Memory: 2094.00M
"output" in: sky130A_mr.drc:657
    Polygons (raw): 1 (flat)  1 (hierarchical)
    Elapsed: 0.010s  Memory: 2094.00M
"width" in: sky130A_mr.drc:658
    Edge pairs: 2 (flat)  2 (hierarchical)
    Elapsed: 0.030s  Memory: 2094.00M
"output" in: sky130A_mr.drc:658
    Edge pairs: 2 (flat)  2 (hierarchical)
    Elapsed: 0.010s  Memory: 2094.00M
"edges" in: sky130A_mr.drc:659
    Edges: 2413872 (flat)  278784 (hierarchical)
    Elapsed: 0.020s  Memory: 2094.00M
"without_length" in: sky130A_mr.drc:659
    Edges: 0 (flat)  0 (hierarchical)
    Elapsed: 0.030s  Memory: 2094.00M
"output" in: sky130A_mr.drc:659
    Edges: 0 (flat)  0 (hierarchical)
    Elapsed: 0.010s  Memory: 2094.00M
"space" in: sky130A_mr.drc:660
    Edge pairs: 4 (flat)  4 (hierarchical)
    Elapsed: 0.210s  Memory: 2094.00M
"output" in: sky130A_mr.drc:660
    Edge pairs: 4 (flat)  4 (hierarchical)
    Elapsed: 0.010s  Memory: 2094.00M
"width" in: sky130A_mr.drc:663
    Edge pairs: 0 (flat)  0 (hierarchical)
    Elapsed: 0.000s  Memory: 2094.00M
"output" in: sky130A_mr.drc:663
    Edge pairs: 0 (flat)  0 (hierarchical)
    Elapsed: 0.010s  Memory: 2094.00M
"drc" in: sky130A_mr.drc:664
    Edge pairs: 0 (flat)  0 (hierarchical)
    Elapsed: 0.050s  Memory: 2094.00M
"output" in: sky130A_mr.drc:664
    Edge pairs: 0 (flat)  0 (hierarchical)
    Elapsed: 0.010s  Memory: 2094.00M
"-" in: sky130A_mr.drc:665
    Polygons (raw): 0 (flat)  0 (hierarchical)
    Elapsed: 0.000s  Memory: 2094.00M
"output" in: sky130A_mr.drc:665
    Polygons (raw): 0 (flat)  0 (hierarchical)
    Elapsed: 0.010s  Memory: 2094.00M
"enclosing" in: sky130A_mr.drc:668
    Edge pairs: 0 (flat)  0 (hierarchical)
    Elapsed: 1.180s  Memory: 2094.00M
"output" in: sky130A_mr.drc:668
    Edge pairs: 0 (flat)  0 (hierarchical)
    Elapsed: 0.070s  Memory: 2094.00M
"-" in: sky130A_mr.drc:669
    Polygons (raw): 0 (flat)  0 (hierarchical)
    Elapsed: 0.780s  Memory: 2094.00M
"output" in: sky130A_mr.drc:669
    Polygons (raw): 0 (flat)  0 (hierarchical)
    Elapsed: 0.030s  Memory: 2094.00M
"enclosing" in: sky130A_mr.drc:671
    Edge pairs: 904960 (flat)  75785 (hierarchical)
    Elapsed: 1.660s  Memory: 2094.00M
"second_edges" in: sky130A_mr.drc:671
    Edges: 904960 (flat)  75785 (hierarchical)
    Elapsed: 0.020s  Memory: 2094.00M
"width" in: sky130A_mr.drc:672
    Edge pairs: 0 (flat)  0 (hierarchical)
    Elapsed: 0.730s  Memory: 2094.00M
"polygons" in: sky130A_mr.drc:673
    Polygons (raw): 0 (flat)  0 (hierarchical)
    Elapsed: 0.020s  Memory: 2094.00M
"interacting" in: sky130A_mr.drc:673
    Polygons (raw): 0 (flat)  0 (hierarchical)
    Elapsed: 0.010s  Memory: 2094.00M
"output" in: sky130A_mr.drc:674
    Polygons (raw): 0 (flat)  0 (hierarchical)
    Elapsed: 0.010s  Memory: 2094.00M
END: 69/44 (via2)
START: 70/20 (m3)
"width" in: sky130A_mr.drc:680
    Edge pairs: 1609 (flat)  1609 (hierarchical)
    Elapsed: 1.090s  Memory: 2094.00M
"output" in: sky130A_mr.drc:680
    Edge pairs: 1609 (flat)  1609 (hierarchical)
    Elapsed: 0.020s  Memory: 2094.00M
"sized" in: sky130A_mr.drc:682
    Polygons (raw): 0 (flat)  0 (hierarchical)
    Elapsed: 0.570s  Memory: 2094.00M
"sized" in: sky130A_mr.drc:682
    Polygons (raw): 0 (flat)  0 (hierarchical)
    Elapsed: 0.040s  Memory: 2094.00M
"snap" in: sky130A_mr.drc:682
    Polygons (raw): 0 (flat)  0 (hierarchical)
    Elapsed: 0.010s  Memory: 2094.00M
"&" in: sky130A_mr.drc:682
    Polygons (raw): 0 (flat)  0 (hierarchical)
    Elapsed: 0.000s  Memory: 2094.00M
"edges" in: sky130A_mr.drc:683
    Edges: 3739644 (flat)  683132 (hierarchical)
    Elapsed: 0.030s  Memory: 2095.00M
"-" in: sky130A_mr.drc:683
    Edges: 3739644 (flat)  683132 (hierarchical)
    Elapsed: 0.020s  Memory: 2095.00M
"edges" in: sky130A_mr.drc:684
    Edges: 0 (flat)  0 (hierarchical)
    Elapsed: 0.010s  Memory: 2095.00M
"merged" in: sky130A_mr.drc:684
    Polygons (raw): 288573 (flat)  41096 (hierarchical)
    Elapsed: 0.000s  Memory: 2095.00M
"outside_part" in: sky130A_mr.drc:684
    Edges: 0 (flat)  0 (hierarchical)
    Elapsed: 0.010s  Memory: 2095.00M
"space" in: sky130A_mr.drc:686
    Edge pairs: 7080 (flat)  6185 (hierarchical)
    Elapsed: 7.070s  Memory: 2159.00M
"output" in: sky130A_mr.drc:686
    Edge pairs: 7080 (flat)  6185 (hierarchical)
    Elapsed: 0.060s  Memory: 2159.00M
"separation" in: sky130A_mr.drc:688
    Edge pairs: 0 (flat)  0 (hierarchical)
    Elapsed: 0.060s  Memory: 2159.00M
"space" in: sky130A_mr.drc:688
    Edge pairs: 0 (flat)  0 (hierarchical)
    Elapsed: 0.010s  Memory: 2159.00M
"+" in: sky130A_mr.drc:688
    Edge pairs: 0 (flat)  0 (hierarchical)
    Elapsed: 0.010s  Memory: 2159.00M
"output" in: sky130A_mr.drc:688
    Edge pairs: 0 (flat)  0 (hierarchical)
    Elapsed: 0.010s  Memory: 2159.00M
"enclosing" in: sky130A_mr.drc:693
    Edge pairs: 0 (flat)  0 (hierarchical)
    Elapsed: 1.090s  Memory: 2095.00M
"output" in: sky130A_mr.drc:693
    Edge pairs: 0 (flat)  0 (hierarchical)
    Elapsed: 0.050s  Memory: 2095.00M
"-" in: sky130A_mr.drc:694
    Polygons (raw): 0 (flat)  0 (hierarchical)
    Elapsed: 0.900s  Memory: 2095.00M
"output" in: sky130A_mr.drc:694
    Polygons (raw): 0 (flat)  0 (hierarchical)
    Elapsed: 0.030s  Memory: 2095.00M
"with_area" in: sky130A_mr.drc:696
    Polygons (raw): 0 (flat)  0 (hierarchical)
    Elapsed: 0.040s  Memory: 2095.00M
"output" in: sky130A_mr.drc:696
    Polygons (raw): 0 (flat)  0 (hierarchical)
    Elapsed: 0.010s  Memory: 2095.00M
"holes" in: sky130A_mr.drc:697
    Polygons (raw): 34 (flat)  34 (hierarchical)
    Elapsed: 0.010s  Memory: 2095.00M
"with_area" in: sky130A_mr.drc:697
    Polygons (raw): 5 (flat)  5 (hierarchical)
    Elapsed: 0.050s  Memory: 2095.00M
"output" in: sky130A_mr.drc:697
    Polygons (raw): 5 (flat)  5 (hierarchical)
    Elapsed: 0.010s  Memory: 2095.00M
END: 70/20 (m3)
START: 70/44 (via3)
"drc" in: sky130A_mr.drc:704
    Polygons (raw): 0 (flat)  0 (hierarchical)
    Elapsed: 0.380s  Memory: 2095.00M
"-" in: sky130A_mr.drc:705
    Polygons (raw): 334225 (flat)  56037 (hierarchical)
    Elapsed: 0.040s  Memory: 2095.00M
"-" in: sky130A_mr.drc:710
    Polygons (raw): 334225 (flat)  56037 (hierarchical)
    Elapsed: 0.010s  Memory: 2095.00M
"non_rectangles" in: sky130A_mr.drc:711
    Polygons (raw): 1 (flat)  1 (hierarchical)
    Elapsed: 0.260s  Memory: 2095.00M
"output" in: sky130A_mr.drc:711
    Polygons (raw): 1 (flat)  1 (hierarchical)
    Elapsed: 0.010s  Memory: 2095.00M
"width" in: sky130A_mr.drc:712
    Edge pairs: 2 (flat)  2 (hierarchical)
    Elapsed: 0.020s  Memory: 2095.00M
"output" in: sky130A_mr.drc:712
    Edge pairs: 2 (flat)  2 (hierarchical)
    Elapsed: 0.010s  Memory: 2095.00M
"edges" in: sky130A_mr.drc:713
    Edges: 1336900 (flat)  224480 (hierarchical)
    Elapsed: 0.010s  Memory: 2095.00M
"without_length" in: sky130A_mr.drc:713
    Edges: 0 (flat)  0 (hierarchical)
    Elapsed: 0.040s  Memory: 2095.00M
"output" in: sky130A_mr.drc:713
    Edges: 0 (flat)  0 (hierarchical)
    Elapsed: 0.010s  Memory: 2095.00M
"space" in: sky130A_mr.drc:715
    Edge pairs: 18 (flat)  18 (hierarchical)
    Elapsed: 0.160s  Memory: 2095.00M
"output" in: sky130A_mr.drc:715
    Edge pairs: 18 (flat)  18 (hierarchical)
    Elapsed: 0.010s  Memory: 2095.00M
"enclosing" in: sky130A_mr.drc:716
    Edge pairs: 0 (flat)  0 (hierarchical)
    Elapsed: 0.670s  Memory: 2095.00M
"output" in: sky130A_mr.drc:716
    Edge pairs: 0 (flat)  0 (hierarchical)
    Elapsed: 0.050s  Memory: 2095.00M
"-" in: sky130A_mr.drc:717
    Polygons (raw): 0 (flat)  0 (hierarchical)
    Elapsed: 0.540s  Memory: 2095.00M
"output" in: sky130A_mr.drc:717
    Polygons (raw): 0 (flat)  0 (hierarchical)
    Elapsed: 0.010s  Memory: 2095.00M
"enclosing" in: sky130A_mr.drc:719
    Edge pairs: 660078 (flat)  118880 (hierarchical)
    Elapsed: 1.060s  Memory: 2095.00M
"second_edges" in: sky130A_mr.drc:719
    Edges: 660078 (flat)  118880 (hierarchical)
    Elapsed: 0.020s  Memory: 2095.00M
"width" in: sky130A_mr.drc:720
    Edge pairs: 0 (flat)  0 (hierarchical)
    Elapsed: 0.430s  Memory: 2106.00M
"polygons" in: sky130A_mr.drc:721
    Polygons (raw): 0 (flat)  0 (hierarchical)
    Elapsed: 0.000s  Memory: 2106.00M
"interacting" in: sky130A_mr.drc:721
    Polygons (raw): 0 (flat)  0 (hierarchical)
    Elapsed: 0.010s  Memory: 2106.00M
"output" in: sky130A_mr.drc:722
    Polygons (raw): 0 (flat)  0 (hierarchical)
    Elapsed: 0.050s  Memory: 2106.00M
END: 70/44 (via3)
START: 71/20 (m4)
"width" in: sky130A_mr.drc:728
    Edge pairs: 0 (flat)  0 (hierarchical)
    Elapsed: 0.230s  Memory: 2106.00M
"output" in: sky130A_mr.drc:728
    Edge pairs: 0 (flat)  0 (hierarchical)
    Elapsed: 0.010s  Memory: 2106.00M
"sized" in: sky130A_mr.drc:730
    Polygons (raw): 142 (flat)  142 (hierarchical)
    Elapsed: 0.060s  Memory: 2106.00M
"sized" in: sky130A_mr.drc:730
    Polygons (raw): 142 (flat)  142 (hierarchical)
    Elapsed: 0.010s  Memory: 2106.00M
"snap" in: sky130A_mr.drc:730
    Polygons (raw): 142 (flat)  142 (hierarchical)
    Elapsed: 0.160s  Memory: 2106.00M
"&" in: sky130A_mr.drc:730
    Polygons (raw): 142 (flat)  142 (hierarchical)
    Elapsed: 0.080s  Memory: 2106.00M
"edges" in: sky130A_mr.drc:731
    Edges: 838000 (flat)  92252 (hierarchical)
    Elapsed: 0.000s  Memory: 2106.00M
"-" in: sky130A_mr.drc:731
    Edges: 837432 (flat)  91684 (hierarchical)
    Elapsed: 0.120s  Memory: 2106.00M
"edges" in: sky130A_mr.drc:732
    Edges: 568 (flat)  568 (hierarchical)
    Elapsed: 0.050s  Memory: 2106.00M
"merged" in: sky130A_mr.drc:732
    Polygons (raw): 68056 (flat)  9018 (hierarchical)
    Elapsed: 0.000s  Memory: 2106.00M
"outside_part" in: sky130A_mr.drc:732
    Edges: 568 (flat)  568 (hierarchical)
    Elapsed: 0.040s  Memory: 2106.00M
"space" in: sky130A_mr.drc:734
    Edge pairs: 111 (flat)  111 (hierarchical)
    Elapsed: 1.110s  Memory: 2106.00M
"output" in: sky130A_mr.drc:734
    Edge pairs: 111 (flat)  111 (hierarchical)
    Elapsed: 0.030s  Memory: 2106.00M
"with_area" in: sky130A_mr.drc:736
    Polygons (raw): 0 (flat)  0 (hierarchical)
    Elapsed: 0.010s  Memory: 2106.00M
"output" in: sky130A_mr.drc:736
    Polygons (raw): 0 (flat)  0 (hierarchical)
    Elapsed: 0.010s  Memory: 2106.00M
"separation" in: sky130A_mr.drc:738
    Edge pairs: 0 (flat)  0 (hierarchical)
    Elapsed: 0.110s  Memory: 2106.00M
"space" in: sky130A_mr.drc:738
    Edge pairs: 0 (flat)  0 (hierarchical)
    Elapsed: 0.020s  Memory: 2106.00M
"+" in: sky130A_mr.drc:738
    Edge pairs: 0 (flat)  0 (hierarchical)
    Elapsed: 0.010s  Memory: 2106.00M
"output" in: sky130A_mr.drc:738
    Edge pairs: 0 (flat)  0 (hierarchical)
    Elapsed: 0.010s  Memory: 2106.00M
"enclosing" in: sky130A_mr.drc:743
    Edge pairs: 0 (flat)  0 (hierarchical)
    Elapsed: 0.870s  Memory: 2106.00M
"output" in: sky130A_mr.drc:743
    Edge pairs: 0 (flat)  0 (hierarchical)
    Elapsed: 0.060s  Memory: 2106.00M
"-" in: sky130A_mr.drc:744
    Polygons (raw): 0 (flat)  0 (hierarchical)
    Elapsed: 0.680s  Memory: 2106.00M
"output" in: sky130A_mr.drc:744
    Polygons (raw): 0 (flat)  0 (hierarchical)
    Elapsed: 0.020s  Memory: 2106.00M
"holes" in: sky130A_mr.drc:746
    Polygons (raw): 2 (flat)  2 (hierarchical)
    Elapsed: 0.000s  Memory: 2106.00M
"with_area" in: sky130A_mr.drc:746
    Polygons (raw): 0 (flat)  0 (hierarchical)
    Elapsed: 0.070s  Memory: 2106.00M
"output" in: sky130A_mr.drc:746
    Polygons (raw): 0 (flat)  0 (hierarchical)
    Elapsed: 0.010s  Memory: 2106.00M
END: 71/20 (m4)
START: 71/44 (via4)
"drc" in: sky130A_mr.drc:752
    Polygons (raw): 0 (flat)  0 (hierarchical)
    Elapsed: 0.150s  Memory: 2106.00M
"-" in: sky130A_mr.drc:753
    Polygons (raw): 12591 (flat)  10755 (hierarchical)
    Elapsed: 0.010s  Memory: 2106.00M
"-" in: sky130A_mr.drc:758
    Polygons (raw): 12591 (flat)  10755 (hierarchical)
    Elapsed: 0.010s  Memory: 2106.00M
"non_rectangles" in: sky130A_mr.drc:759
    Polygons (raw): 0 (flat)  0 (hierarchical)
    Elapsed: 0.090s  Memory: 2106.00M
"output" in: sky130A_mr.drc:759
    Polygons (raw): 0 (flat)  0 (hierarchical)
    Elapsed: 0.060s  Memory: 2106.00M
"width" in: sky130A_mr.drc:760
    Edge pairs: 0 (flat)  0 (hierarchical)
    Elapsed: 0.140s  Memory: 2106.00M
"output" in: sky130A_mr.drc:760
    Edge pairs: 0 (flat)  0 (hierarchical)
    Elapsed: 0.010s  Memory: 2106.00M
"drc" in: sky130A_mr.drc:761
    Edges: 0 (flat)  0 (hierarchical)
    Elapsed: 0.040s  Memory: 2106.00M
"output" in: sky130A_mr.drc:761
    Edges: 0 (flat)  0 (hierarchical)
    Elapsed: 0.010s  Memory: 2106.00M
"space" in: sky130A_mr.drc:763
    Edge pairs: 0 (flat)  0 (hierarchical)
    Elapsed: 0.060s  Memory: 2106.00M
"polygons" in: sky130A_mr.drc:763
    Polygons (raw): 0 (flat)  0 (hierarchical)
    Elapsed: 0.000s  Memory: 2106.00M
"output" in: sky130A_mr.drc:763
    Polygons (raw): 0 (flat)  0 (hierarchical)
    Elapsed: 0.010s  Memory: 2106.00M
"width" in: sky130A_mr.drc:766
    Edge pairs: 0 (flat)  0 (hierarchical)
    Elapsed: 0.010s  Memory: 2106.00M
"output" in: sky130A_mr.drc:766
    Edge pairs: 0 (flat)  0 (hierarchical)
    Elapsed: 0.010s  Memory: 2106.00M
"drc" in: sky130A_mr.drc:767
    Edge pairs: 0 (flat)  0 (hierarchical)
    Elapsed: 0.060s  Memory: 2106.00M
"output" in: sky130A_mr.drc:767
    Edge pairs: 0 (flat)  0 (hierarchical)
    Elapsed: 0.010s  Memory: 2106.00M
"-" in: sky130A_mr.drc:768
    Polygons (raw): 0 (flat)  0 (hierarchical)
    Elapsed: 0.030s  Memory: 2106.00M
"output" in: sky130A_mr.drc:768
    Polygons (raw): 0 (flat)  0 (hierarchical)
    Elapsed: 0.010s  Memory: 2106.00M
"enclosing" in: sky130A_mr.drc:771
    Edge pairs: 0 (flat)  0 (hierarchical)
    Elapsed: 0.120s  Memory: 2106.00M
"output" in: sky130A_mr.drc:771
    Edge pairs: 0 (flat)  0 (hierarchical)
    Elapsed: 0.010s  Memory: 2106.00M
"-" in: sky130A_mr.drc:772
    Polygons (raw): 0 (flat)  0 (hierarchical)
    Elapsed: 0.190s  Memory: 2106.00M
"output" in: sky130A_mr.drc:772
    Polygons (raw): 0 (flat)  0 (hierarchical)
    Elapsed: 0.010s  Memory: 2106.00M
END: 71/44 (via4)
START: 72/20 (m5)
"width" in: sky130A_mr.drc:777
    Edge pairs: 0 (flat)  0 (hierarchical)
    Elapsed: 0.080s  Memory: 2106.00M
"output" in: sky130A_mr.drc:777
    Edge pairs: 0 (flat)  0 (hierarchical)
    Elapsed: 0.020s  Memory: 2106.00M
"space" in: sky130A_mr.drc:779
    Edge pairs: 0 (flat)  0 (hierarchical)
    Elapsed: 0.050s  Memory: 2106.00M
"output" in: sky130A_mr.drc:779
    Edge pairs: 0 (flat)  0 (hierarchical)
    Elapsed: 0.010s  Memory: 2106.00M
"enclosing" in: sky130A_mr.drc:781
    Edge pairs: 0 (flat)  0 (hierarchical)
    Elapsed: 0.070s  Memory: 2106.00M
"output" in: sky130A_mr.drc:781
    Edge pairs: 0 (flat)  0 (hierarchical)
    Elapsed: 0.010s  Memory: 2106.00M
"-" in: sky130A_mr.drc:782
    Polygons (raw): 0 (flat)  0 (hierarchical)
    Elapsed: 0.110s  Memory: 2106.00M
"output" in: sky130A_mr.drc:782
    Polygons (raw): 0 (flat)  0 (hierarchical)
    Elapsed: 0.010s  Memory: 2106.00M
"with_area" in: sky130A_mr.drc:786
    Polygons (raw): 0 (flat)  0 (hierarchical)
    Elapsed: 0.010s  Memory: 2106.00M
"output" in: sky130A_mr.drc:786
    Polygons (raw): 0 (flat)  0 (hierarchical)
    Elapsed: 0.010s  Memory: 2106.00M
"holes" in: sky130A_mr.drc:787
    Polygons (raw): 0 (flat)  0 (hierarchical)
    Elapsed: 0.000s  Memory: 2106.00M
"with_area" in: sky130A_mr.drc:787
    Polygons (raw): 0 (flat)  0 (hierarchical)
    Elapsed: 0.010s  Memory: 2106.00M
"output" in: sky130A_mr.drc:787
    Polygons (raw): 0 (flat)  0 (hierarchical)
    Elapsed: 0.010s  Memory: 2106.00M
END: 72/20 (m5)
START: 76/20 (pad)
"space" in: sky130A_mr.drc:792
    Edge pairs: 0 (flat)  0 (hierarchical)
    Elapsed: 0.010s  Memory: 2106.00M
"output" in: sky130A_mr.drc:792
    Edge pairs: 0 (flat)  0 (hierarchical)
    Elapsed: 0.010s  Memory: 2106.00M
END: 76/20 (pad)
FEOL section
START: 75/20 (hvi)
"-" in: sky130A_mr.drc:802
    Polygons (raw): 0 (flat)  0 (hierarchical)
    Elapsed: 0.020s  Memory: 2106.00M
"width" in: sky130A_mr.drc:803
    Edge pairs: 0 (flat)  0 (hierarchical)
    Elapsed: 0.000s  Memory: 2106.00M
"output" in: sky130A_mr.drc:803
    Edge pairs: 0 (flat)  0 (hierarchical)
    Elapsed: 0.010s  Memory: 2106.00M
"space" in: sky130A_mr.drc:804
    Edge pairs: 0 (flat)  0 (hierarchical)
    Elapsed: 0.010s  Memory: 2106.00M
"output" in: sky130A_mr.drc:804
    Edge pairs: 0 (flat)  0 (hierarchical)
    Elapsed: 0.010s  Memory: 2106.00M
END: 75/20 (hvi)
START: 125/20 (hvntm)
"-" in: sky130A_mr.drc:809
    Polygons (raw): 0 (flat)  0 (hierarchical)
    Elapsed: 0.010s  Memory: 2106.00M
"width" in: sky130A_mr.drc:810
    Edge pairs: 0 (flat)  0 (hierarchical)
    Elapsed: 0.010s  Memory: 2106.00M
"output" in: sky130A_mr.drc:810
    Edge pairs: 0 (flat)  0 (hierarchical)
    Elapsed: 0.010s  Memory: 2106.00M
"space" in: sky130A_mr.drc:811
    Edge pairs: 0 (flat)  0 (hierarchical)
    Elapsed: 0.000s  Memory: 2106.00M
"output" in: sky130A_mr.drc:811
    Edge pairs: 0 (flat)  0 (hierarchical)
    Elapsed: 0.010s  Memory: 2106.00M
END: 125/20 (hvntm)
OFFGRID-ANGLES section
"ongrid" in: sky130A_mr.drc:820
    Edge pairs: 0 (flat)  0 (hierarchical)
    Elapsed: 0.010s  Memory: 2106.00M
"output" in: sky130A_mr.drc:820
    Edge pairs: 0 (flat)  0 (hierarchical)
    Elapsed: 0.010s  Memory: 2106.00M
"with_angle" in: sky130A_mr.drc:821
    Edge pairs: 0 (flat)  0 (hierarchical)
    Elapsed: 0.000s  Memory: 2106.00M
"output" in: sky130A_mr.drc:821
    Edge pairs: 0 (flat)  0 (hierarchical)
    Elapsed: 0.010s  Memory: 2106.00M
"ongrid" in: sky130A_mr.drc:822
    Edge pairs: 0 (flat)  0 (hierarchical)
    Elapsed: 0.010s  Memory: 2106.00M
"output" in: sky130A_mr.drc:822
    Edge pairs: 0 (flat)  0 (hierarchical)
    Elapsed: 0.010s  Memory: 2106.00M
"with_angle" in: sky130A_mr.drc:823
    Edge pairs: 0 (flat)  0 (hierarchical)
    Elapsed: 0.000s  Memory: 2106.00M
"output" in: sky130A_mr.drc:823
    Edge pairs: 0 (flat)  0 (hierarchical)
    Elapsed: 0.010s  Memory: 2106.00M
"ongrid" in: sky130A_mr.drc:824
    Edge pairs: 0 (flat)  0 (hierarchical)
    Elapsed: 0.000s  Memory: 2106.00M
"output" in: sky130A_mr.drc:824
    Edge pairs: 0 (flat)  0 (hierarchical)
    Elapsed: 0.000s  Memory: 2106.00M
"with_angle" in: sky130A_mr.drc:825
    Edge pairs: 0 (flat)  0 (hierarchical)
    Elapsed: 0.000s  Memory: 2106.00M
"output" in: sky130A_mr.drc:825
    Edge pairs: 0 (flat)  0 (hierarchical)
    Elapsed: 0.010s  Memory: 2106.00M
"ongrid" in: sky130A_mr.drc:826
    Edge pairs: 0 (flat)  0 (hierarchical)
    Elapsed: 0.010s  Memory: 2106.00M
"output" in: sky130A_mr.drc:826
    Edge pairs: 0 (flat)  0 (hierarchical)
    Elapsed: 0.000s  Memory: 2106.00M
"with_angle" in: sky130A_mr.drc:827
    Edge pairs: 0 (flat)  0 (hierarchical)
    Elapsed: 0.010s  Memory: 2106.00M
"output" in: sky130A_mr.drc:827
    Edge pairs: 0 (flat)  0 (hierarchical)
    Elapsed: 0.010s  Memory: 2106.00M
"ongrid" in: sky130A_mr.drc:828
    Edge pairs: 0 (flat)  0 (hierarchical)
    Elapsed: 0.000s  Memory: 2106.00M
"output" in: sky130A_mr.drc:828
    Edge pairs: 0 (flat)  0 (hierarchical)
    Elapsed: 0.010s  Memory: 2106.00M
"with_angle" in: sky130A_mr.drc:829
    Edge pairs: 0 (flat)  0 (hierarchical)
    Elapsed: 0.000s  Memory: 2106.00M
"output" in: sky130A_mr.drc:829
    Edge pairs: 0 (flat)  0 (hierarchical)
    Elapsed: 0.010s  Memory: 2106.00M
"ongrid" in: sky130A_mr.drc:830
    Edge pairs: 0 (flat)  0 (hierarchical)
    Elapsed: 0.010s  Memory: 2106.00M
"output" in: sky130A_mr.drc:830
    Edge pairs: 0 (flat)  0 (hierarchical)
    Elapsed: 0.000s  Memory: 2106.00M
"with_angle" in: sky130A_mr.drc:831
    Edge pairs: 0 (flat)  0 (hierarchical)
    Elapsed: 0.010s  Memory: 2106.00M
"output" in: sky130A_mr.drc:831
    Edge pairs: 0 (flat)  0 (hierarchical)
    Elapsed: 0.010s  Memory: 2106.00M
"ongrid" in: sky130A_mr.drc:832
    Edge pairs: 0 (flat)  0 (hierarchical)
    Elapsed: 0.000s  Memory: 2106.00M
"output" in: sky130A_mr.drc:832
    Edge pairs: 0 (flat)  0 (hierarchical)
    Elapsed: 0.000s  Memory: 2106.00M
"with_angle" in: sky130A_mr.drc:833
    Edge pairs: 0 (flat)  0 (hierarchical)
    Elapsed: 0.010s  Memory: 2106.00M
"output" in: sky130A_mr.drc:833
    Edge pairs: 0 (flat)  0 (hierarchical)
    Elapsed: 0.010s  Memory: 2106.00M
"ongrid" in: sky130A_mr.drc:834
    Edge pairs: 0 (flat)  0 (hierarchical)
    Elapsed: 0.010s  Memory: 2106.00M
"output" in: sky130A_mr.drc:834
    Edge pairs: 0 (flat)  0 (hierarchical)
    Elapsed: 0.000s  Memory: 2106.00M
"with_angle" in: sky130A_mr.drc:835
    Edge pairs: 0 (flat)  0 (hierarchical)
    Elapsed: 0.010s  Memory: 2106.00M
"output" in: sky130A_mr.drc:835
    Edge pairs: 0 (flat)  0 (hierarchical)
    Elapsed: 0.010s  Memory: 2106.00M
"ongrid" in: sky130A_mr.drc:836
    Edge pairs: 0 (flat)  0 (hierarchical)
    Elapsed: 0.010s  Memory: 2106.00M
"output" in: sky130A_mr.drc:836
    Edge pairs: 0 (flat)  0 (hierarchical)
    Elapsed: 0.010s  Memory: 2106.00M
"ongrid" in: sky130A_mr.drc:837
    Edge pairs: 0 (flat)  0 (hierarchical)
    Elapsed: 0.010s  Memory: 2106.00M
"output" in: sky130A_mr.drc:837
    Edge pairs: 0 (flat)  0 (hierarchical)
    Elapsed: 0.020s  Memory: 2106.00M
"&" in: sky130A_mr.drc:838
    Polygons (raw): 0 (flat)  0 (hierarchical)
    Elapsed: 0.010s  Memory: 2106.00M
"-" in: sky130A_mr.drc:838
    Polygons (raw): 2649818 (flat)  1421 (hierarchical)
    Elapsed: 0.030s  Memory: 2106.00M
"with_angle" in: sky130A_mr.drc:838
    Edge pairs: 0 (flat)  0 (hierarchical)
    Elapsed: 0.410s  Memory: 2106.00M
"output" in: sky130A_mr.drc:838
    Edge pairs: 0 (flat)  0 (hierarchical)
    Elapsed: 0.100s  Memory: 2106.00M
"&" in: sky130A_mr.drc:839
    Polygons (raw): 0 (flat)  0 (hierarchical)
    Elapsed: 0.010s  Memory: 2106.00M
"&" in: sky130A_mr.drc:839
    Polygons (raw): 0 (flat)  0 (hierarchical)
    Elapsed: 0.000s  Memory: 2106.00M
"with_angle" in: sky130A_mr.drc:839
    Edge pairs: 0 (flat)  0 (hierarchical)
    Elapsed: 0.010s  Memory: 2106.00M
"output" in: sky130A_mr.drc:839
    Edge pairs: 0 (flat)  0 (hierarchical)
    Elapsed: 0.010s  Memory: 2106.00M
"&" in: sky130A_mr.drc:840
    Polygons (raw): 0 (flat)  0 (hierarchical)
    Elapsed: 0.010s  Memory: 2106.00M
"-" in: sky130A_mr.drc:840
    Polygons (raw): 404158 (flat)  102 (hierarchical)
    Elapsed: 0.010s  Memory: 2106.00M
"with_angle" in: sky130A_mr.drc:840
    Edge pairs: 0 (flat)  0 (hierarchical)
    Elapsed: 0.160s  Memory: 2106.00M
"output" in: sky130A_mr.drc:840
    Edge pairs: 0 (flat)  0 (hierarchical)
    Elapsed: 0.010s  Memory: 2106.00M
"&" in: sky130A_mr.drc:841
    Polygons (raw): 0 (flat)  0 (hierarchical)
    Elapsed: 0.090s  Memory: 2106.00M
"&" in: sky130A_mr.drc:841
    Polygons (raw): 0 (flat)  0 (hierarchical)
    Elapsed: 0.010s  Memory: 2106.00M
"with_angle" in: sky130A_mr.drc:841
    Edge pairs: 0 (flat)  0 (hierarchical)
    Elapsed: 0.010s  Memory: 2106.00M
"output" in: sky130A_mr.drc:841
    Edge pairs: 0 (flat)  0 (hierarchical)
    Elapsed: 0.010s  Memory: 2106.00M
"ongrid" in: sky130A_mr.drc:842
    Edge pairs: 0 (flat)  0 (hierarchical)
    Elapsed: 0.000s  Memory: 2106.00M
"output" in: sky130A_mr.drc:842
    Edge pairs: 0 (flat)  0 (hierarchical)
    Elapsed: 0.000s  Memory: 2106.00M
"with_angle" in: sky130A_mr.drc:843
    Edge pairs: 0 (flat)  0 (hierarchical)
    Elapsed: 0.010s  Memory: 2106.00M
"output" in: sky130A_mr.drc:843
    Edge pairs: 0 (flat)  0 (hierarchical)
    Elapsed: 0.010s  Memory: 2106.00M
"ongrid" in: sky130A_mr.drc:844
    Edge pairs: 0 (flat)  0 (hierarchical)
    Elapsed: 0.010s  Memory: 2106.00M
"output" in: sky130A_mr.drc:844
    Edge pairs: 0 (flat)  0 (hierarchical)
    Elapsed: 0.010s  Memory: 2106.00M
"with_angle" in: sky130A_mr.drc:845
    Edge pairs: 0 (flat)  0 (hierarchical)
    Elapsed: 0.010s  Memory: 2106.00M
"output" in: sky130A_mr.drc:845
    Edge pairs: 0 (flat)  0 (hierarchical)
    Elapsed: 0.000s  Memory: 2106.00M
"ongrid" in: sky130A_mr.drc:846
    Edge pairs: 0 (flat)  0 (hierarchical)
    Elapsed: 0.010s  Memory: 2106.00M
"output" in: sky130A_mr.drc:846
    Edge pairs: 0 (flat)  0 (hierarchical)
    Elapsed: 0.000s  Memory: 2106.00M
"with_angle" in: sky130A_mr.drc:847
    Edge pairs: 0 (flat)  0 (hierarchical)
    Elapsed: 0.000s  Memory: 2106.00M
"output" in: sky130A_mr.drc:847
    Edge pairs: 0 (flat)  0 (hierarchical)
    Elapsed: 0.010s  Memory: 2106.00M
"ongrid" in: sky130A_mr.drc:848
    Edge pairs: 0 (flat)  0 (hierarchical)
    Elapsed: 0.020s  Memory: 2106.00M
"output" in: sky130A_mr.drc:848
    Edge pairs: 0 (flat)  0 (hierarchical)
    Elapsed: 0.010s  Memory: 2106.00M
"with_angle" in: sky130A_mr.drc:849
    Edge pairs: 0 (flat)  0 (hierarchical)
    Elapsed: 0.010s  Memory: 2106.00M
"output" in: sky130A_mr.drc:849
    Edge pairs: 0 (flat)  0 (hierarchical)
    Elapsed: 0.010s  Memory: 2106.00M
"ongrid" in: sky130A_mr.drc:850
    Edge pairs: 0 (flat)  0 (hierarchical)
    Elapsed: 1.760s  Memory: 2106.00M
"output" in: sky130A_mr.drc:850
    Edge pairs: 0 (flat)  0 (hierarchical)
    Elapsed: 0.030s  Memory: 2106.00M
"with_angle" in: sky130A_mr.drc:851
    Edge pairs: 0 (flat)  0 (hierarchical)
    Elapsed: 0.010s  Memory: 2106.00M
"output" in: sky130A_mr.drc:851
    Edge pairs: 0 (flat)  0 (hierarchical)
    Elapsed: 0.010s  Memory: 2106.00M
"ongrid" in: sky130A_mr.drc:852
    Edge pairs: 0 (flat)  0 (hierarchical)
    Elapsed: 1.840s  Memory: 2106.00M
"output" in: sky130A_mr.drc:852
    Edge pairs: 0 (flat)  0 (hierarchical)
    Elapsed: 0.020s  Memory: 2106.00M
"with_angle" in: sky130A_mr.drc:853
    Edge pairs: 0 (flat)  0 (hierarchical)
    Elapsed: 0.000s  Memory: 2106.00M
"output" in: sky130A_mr.drc:853
    Edge pairs: 0 (flat)  0 (hierarchical)
    Elapsed: 0.010s  Memory: 2106.00M
"ongrid" in: sky130A_mr.drc:854
    Edge pairs: 0 (flat)  0 (hierarchical)
    Elapsed: 0.010s  Memory: 2106.00M
"output" in: sky130A_mr.drc:854
    Edge pairs: 0 (flat)  0 (hierarchical)
    Elapsed: 0.010s  Memory: 2106.00M
"with_angle" in: sky130A_mr.drc:855
    Edge pairs: 0 (flat)  0 (hierarchical)
    Elapsed: 0.010s  Memory: 2106.00M
"output" in: sky130A_mr.drc:855
    Edge pairs: 0 (flat)  0 (hierarchical)
    Elapsed: 0.010s  Memory: 2106.00M
"ongrid" in: sky130A_mr.drc:856
    Edge pairs: 0 (flat)  0 (hierarchical)
    Elapsed: 0.040s  Memory: 2106.00M
"output" in: sky130A_mr.drc:856
    Edge pairs: 0 (flat)  0 (hierarchical)
    Elapsed: 0.010s  Memory: 2106.00M
"with_angle" in: sky130A_mr.drc:857
    Edge pairs: 0 (flat)  0 (hierarchical)
    Elapsed: 0.040s  Memory: 2106.00M
"output" in: sky130A_mr.drc:857
    Edge pairs: 0 (flat)  0 (hierarchical)
    Elapsed: 0.010s  Memory: 2106.00M
"ongrid" in: sky130A_mr.drc:858
    Edge pairs: 0 (flat)  0 (hierarchical)
    Elapsed: 0.150s  Memory: 2106.00M
"output" in: sky130A_mr.drc:858
    Edge pairs: 0 (flat)  0 (hierarchical)
    Elapsed: 0.010s  Memory: 2106.00M
"with_angle" in: sky130A_mr.drc:859
    Edge pairs: 0 (flat)  0 (hierarchical)
    Elapsed: 0.160s  Memory: 2106.00M
"output" in: sky130A_mr.drc:859
    Edge pairs: 0 (flat)  0 (hierarchical)
    Elapsed: 0.030s  Memory: 2106.00M
"ongrid" in: sky130A_mr.drc:860
    Edge pairs: 0 (flat)  0 (hierarchical)
    Elapsed: 0.010s  Memory: 2106.00M
"output" in: sky130A_mr.drc:860
    Edge pairs: 0 (flat)  0 (hierarchical)
    Elapsed: 0.000s  Memory: 2106.00M
"with_angle" in: sky130A_mr.drc:861
    Edge pairs: 0 (flat)  0 (hierarchical)
    Elapsed: 0.010s  Memory: 2106.00M
"output" in: sky130A_mr.drc:861
    Edge pairs: 0 (flat)  0 (hierarchical)
    Elapsed: 0.010s  Memory: 2106.00M
"ongrid" in: sky130A_mr.drc:862
    Edge pairs: 0 (flat)  0 (hierarchical)
    Elapsed: 0.050s  Memory: 2106.00M
"output" in: sky130A_mr.drc:862
    Edge pairs: 0 (flat)  0 (hierarchical)
    Elapsed: 0.010s  Memory: 2106.00M
"with_angle" in: sky130A_mr.drc:863
    Edge pairs: 0 (flat)  0 (hierarchical)
    Elapsed: 0.040s  Memory: 2106.00M
"output" in: sky130A_mr.drc:863
    Edge pairs: 0 (flat)  0 (hierarchical)
    Elapsed: 0.010s  Memory: 2106.00M
"ongrid" in: sky130A_mr.drc:864
    Edge pairs: 0 (flat)  0 (hierarchical)
    Elapsed: 0.030s  Memory: 2106.00M
"output" in: sky130A_mr.drc:864
    Edge pairs: 0 (flat)  0 (hierarchical)
    Elapsed: 0.010s  Memory: 2106.00M
"with_angle" in: sky130A_mr.drc:865
    Edge pairs: 0 (flat)  0 (hierarchical)
    Elapsed: 0.030s  Memory: 2106.00M
"output" in: sky130A_mr.drc:865
    Edge pairs: 0 (flat)  0 (hierarchical)
    Elapsed: 0.010s  Memory: 2106.00M
"ongrid" in: sky130A_mr.drc:866
    Edge pairs: 0 (flat)  0 (hierarchical)
    Elapsed: 0.030s  Memory: 2106.00M
"output" in: sky130A_mr.drc:866
    Edge pairs: 0 (flat)  0 (hierarchical)
    Elapsed: 0.010s  Memory: 2106.00M
"with_angle" in: sky130A_mr.drc:867
    Edge pairs: 0 (flat)  0 (hierarchical)
    Elapsed: 0.040s  Memory: 2106.00M
"output" in: sky130A_mr.drc:867
    Edge pairs: 0 (flat)  0 (hierarchical)
    Elapsed: 0.010s  Memory: 2106.00M
"ongrid" in: sky130A_mr.drc:868
    Edge pairs: 0 (flat)  0 (hierarchical)
    Elapsed: 0.020s  Memory: 2106.00M
"output" in: sky130A_mr.drc:868
    Edge pairs: 0 (flat)  0 (hierarchical)
    Elapsed: 0.010s  Memory: 2106.00M
"with_angle" in: sky130A_mr.drc:869
    Edge pairs: 0 (flat)  0 (hierarchical)
    Elapsed: 0.010s  Memory: 2106.00M
"output" in: sky130A_mr.drc:869
    Edge pairs: 0 (flat)  0 (hierarchical)
    Elapsed: 0.010s  Memory: 2106.00M
"ongrid" in: sky130A_mr.drc:870
    Edge pairs: 0 (flat)  0 (hierarchical)
    Elapsed: 0.020s  Memory: 2106.00M
"output" in: sky130A_mr.drc:870
    Edge pairs: 0 (flat)  0 (hierarchical)
    Elapsed: 0.010s  Memory: 2106.00M
"with_angle" in: sky130A_mr.drc:871
    Edge pairs: 0 (flat)  0 (hierarchical)
    Elapsed: 0.020s  Memory: 2106.00M
"output" in: sky130A_mr.drc:871
    Edge pairs: 0 (flat)  0 (hierarchical)
    Elapsed: 0.030s  Memory: 2106.00M
"ongrid" in: sky130A_mr.drc:872
    Edge pairs: 0 (flat)  0 (hierarchical)
    Elapsed: 0.010s  Memory: 2106.00M
"output" in: sky130A_mr.drc:872
    Edge pairs: 0 (flat)  0 (hierarchical)
    Elapsed: 0.010s  Memory: 2106.00M
"with_angle" in: sky130A_mr.drc:873
    Edge pairs: 0 (flat)  0 (hierarchical)
    Elapsed: 0.010s  Memory: 2106.00M
"output" in: sky130A_mr.drc:873
    Edge pairs: 0 (flat)  0 (hierarchical)
    Elapsed: 0.010s  Memory: 2106.00M
"ongrid" in: sky130A_mr.drc:874
    Edge pairs: 0 (flat)  0 (hierarchical)
    Elapsed: 0.010s  Memory: 2106.00M
"output" in: sky130A_mr.drc:874
    Edge pairs: 0 (flat)  0 (hierarchical)
    Elapsed: 0.000s  Memory: 2106.00M
"with_angle" in: sky130A_mr.drc:875
    Edge pairs: 0 (flat)  0 (hierarchical)
    Elapsed: 0.010s  Memory: 2106.00M
"output" in: sky130A_mr.drc:875
    Edge pairs: 0 (flat)  0 (hierarchical)
    Elapsed: 0.010s  Memory: 2106.00M
"ongrid" in: sky130A_mr.drc:876
    Edge pairs: 0 (flat)  0 (hierarchical)
    Elapsed: 0.010s  Memory: 2106.00M
"output" in: sky130A_mr.drc:876
    Edge pairs: 0 (flat)  0 (hierarchical)
    Elapsed: 0.010s  Memory: 2106.00M
"with_angle" in: sky130A_mr.drc:877
    Edge pairs: 0 (flat)  0 (hierarchical)
    Elapsed: 0.000s  Memory: 2106.00M
"output" in: sky130A_mr.drc:877
    Edge pairs: 0 (flat)  0 (hierarchical)
    Elapsed: 0.010s  Memory: 2106.00M
"ongrid" in: sky130A_mr.drc:878
    Edge pairs: 0 (flat)  0 (hierarchical)
    Elapsed: 0.010s  Memory: 2106.00M
"output" in: sky130A_mr.drc:878
    Edge pairs: 0 (flat)  0 (hierarchical)
    Elapsed: 0.010s  Memory: 2106.00M
"with_angle" in: sky130A_mr.drc:879
    Edge pairs: 0 (flat)  0 (hierarchical)
    Elapsed: 0.000s  Memory: 2106.00M
"output" in: sky130A_mr.drc:879
    Edge pairs: 0 (flat)  0 (hierarchical)
    Elapsed: 0.010s  Memory: 2106.00M
"ongrid" in: sky130A_mr.drc:880
    Edge pairs: 0 (flat)  0 (hierarchical)
    Elapsed: 0.000s  Memory: 2106.00M
"output" in: sky130A_mr.drc:880
    Edge pairs: 0 (flat)  0 (hierarchical)
    Elapsed: 0.010s  Memory: 2106.00M
"with_angle" in: sky130A_mr.drc:881
    Edge pairs: 0 (flat)  0 (hierarchical)
    Elapsed: 0.000s  Memory: 2106.00M
"output" in: sky130A_mr.drc:881
    Edge pairs: 0 (flat)  0 (hierarchical)
    Elapsed: 0.010s  Memory: 2106.00M
"ongrid" in: sky130A_mr.drc:882
    Edge pairs: 0 (flat)  0 (hierarchical)
    Elapsed: 0.010s  Memory: 2106.00M
"output" in: sky130A_mr.drc:882
    Edge pairs: 0 (flat)  0 (hierarchical)
    Elapsed: 0.000s  Memory: 2106.00M
"with_angle" in: sky130A_mr.drc:883
    Edge pairs: 0 (flat)  0 (hierarchical)
    Elapsed: 0.010s  Memory: 2106.00M
"output" in: sky130A_mr.drc:883
    Edge pairs: 0 (flat)  0 (hierarchical)
    Elapsed: 0.010s  Memory: 2106.00M
"ongrid" in: sky130A_mr.drc:884
    Edge pairs: 0 (flat)  0 (hierarchical)
    Elapsed: 0.000s  Memory: 2106.00M
"output" in: sky130A_mr.drc:884
    Edge pairs: 0 (flat)  0 (hierarchical)
    Elapsed: 0.010s  Memory: 2106.00M
"with_angle" in: sky130A_mr.drc:885
    Edge pairs: 0 (flat)  0 (hierarchical)
    Elapsed: 0.000s  Memory: 2106.00M
"output" in: sky130A_mr.drc:885
    Edge pairs: 0 (flat)  0 (hierarchical)
    Elapsed: 0.010s  Memory: 2106.00M
"ongrid" in: sky130A_mr.drc:886
    Edge pairs: 0 (flat)  0 (hierarchical)
    Elapsed: 0.010s  Memory: 2106.00M
"output" in: sky130A_mr.drc:886
    Edge pairs: 0 (flat)  0 (hierarchical)
    Elapsed: 0.000s  Memory: 2106.00M
"with_angle" in: sky130A_mr.drc:887
    Edge pairs: 0 (flat)  0 (hierarchical)
    Elapsed: 0.010s  Memory: 2106.00M
"output" in: sky130A_mr.drc:887
    Edge pairs: 0 (flat)  0 (hierarchical)
    Elapsed: 0.010s  Memory: 2106.00M
"ongrid" in: sky130A_mr.drc:888
    Edge pairs: 0 (flat)  0 (hierarchical)
    Elapsed: 0.000s  Memory: 2106.00M
"output" in: sky130A_mr.drc:888
    Edge pairs: 0 (flat)  0 (hierarchical)
    Elapsed: 0.000s  Memory: 2106.00M
"with_angle" in: sky130A_mr.drc:889
    Edge pairs: 0 (flat)  0 (hierarchical)
    Elapsed: 0.010s  Memory: 2106.00M
"output" in: sky130A_mr.drc:889
    Edge pairs: 0 (flat)  0 (hierarchical)
    Elapsed: 0.010s  Memory: 2106.00M
"ongrid" in: sky130A_mr.drc:890
    Edge pairs: 0 (flat)  0 (hierarchical)
    Elapsed: 0.010s  Memory: 2106.00M
"output" in: sky130A_mr.drc:890
    Edge pairs: 0 (flat)  0 (hierarchical)
    Elapsed: 0.000s  Memory: 2106.00M
"with_angle" in: sky130A_mr.drc:891
    Edge pairs: 0 (flat)  0 (hierarchical)
    Elapsed: 0.010s  Memory: 2106.00M
"output" in: sky130A_mr.drc:891
    Edge pairs: 0 (flat)  0 (hierarchical)
    Elapsed: 0.010s  Memory: 2106.00M
"ongrid" in: sky130A_mr.drc:892
    Edge pairs: 0 (flat)  0 (hierarchical)
    Elapsed: 0.000s  Memory: 2106.00M
"output" in: sky130A_mr.drc:892
    Edge pairs: 0 (flat)  0 (hierarchical)
    Elapsed: 0.000s  Memory: 2106.00M
"with_angle" in: sky130A_mr.drc:893
    Edge pairs: 0 (flat)  0 (hierarchical)
    Elapsed: 0.010s  Memory: 2106.00M
"output" in: sky130A_mr.drc:893
    Edge pairs: 0 (flat)  0 (hierarchical)
    Elapsed: 0.010s  Memory: 2106.00M
"ongrid" in: sky130A_mr.drc:894
    Edge pairs: 0 (flat)  0 (hierarchical)
    Elapsed: 0.010s  Memory: 2106.00M
"output" in: sky130A_mr.drc:894
    Edge pairs: 0 (flat)  0 (hierarchical)
    Elapsed: 0.000s  Memory: 2106.00M
"with_angle" in: sky130A_mr.drc:895
    Edge pairs: 0 (flat)  0 (hierarchical)
    Elapsed: 0.010s  Memory: 2106.00M
"output" in: sky130A_mr.drc:895
    Edge pairs: 0 (flat)  0 (hierarchical)
    Elapsed: 0.010s  Memory: 2106.00M
"ongrid" in: sky130A_mr.drc:896
    Edge pairs: 0 (flat)  0 (hierarchical)
    Elapsed: 0.020s  Memory: 2106.00M
"output" in: sky130A_mr.drc:896
    Edge pairs: 0 (flat)  0 (hierarchical)
    Elapsed: 0.000s  Memory: 2106.00M
Writing report database: /mnt/vault0/rsunketa/openframe_user_project/openlane/efpga_core/runs/25_11_28_03_50/60-klayout-drc/reports/drc_violations.klayout.xml ..
Total elapsed: 348.880s  Memory: 1962.00M
 
Cell exclusion list:
   rule    | cell
   nwell.6 | sky130_fd_io__gpiov2_amux, sky130_fd_io__simple_pad_and_busses, sram
   nsd.1   | sram
   nsd.2   | sram
   psd.1   | sram
   psd.2   | sram
 
release 2024.2.11_01.09
