[WARNING ORD-0039] .openroad ignored with -python
Connecting power net vccd1 to eFPGA_top_i.Inst_BlockRAM_0/vccd1…
[INFO] eFPGA_top_i.Inst_BlockRAM_0/vccd1 is already connected to vccd1 in the layout.
Connecting ground net vssd1 to eFPGA_top_i.Inst_BlockRAM_0/vssd1…
[INFO] eFPGA_top_i.Inst_BlockRAM_0/vssd1 is already connected to vssd1 in the layout.
Connecting power net vccd1 to eFPGA_top_i.Inst_BlockRAM_1/vccd1…
[INFO] eFPGA_top_i.Inst_BlockRAM_1/vccd1 is already connected to vccd1 in the layout.
Connecting ground net vssd1 to eFPGA_top_i.Inst_BlockRAM_1/vssd1…
[INFO] eFPGA_top_i.Inst_BlockRAM_1/vssd1 is already connected to vssd1 in the layout.
Connecting power net vccd1 to eFPGA_top_i.Inst_BlockRAM_2/vccd1…
[INFO] eFPGA_top_i.Inst_BlockRAM_2/vccd1 is already connected to vccd1 in the layout.
Connecting ground net vssd1 to eFPGA_top_i.Inst_BlockRAM_2/vssd1…
[INFO] eFPGA_top_i.Inst_BlockRAM_2/vssd1 is already connected to vssd1 in the layout.
Connecting power net vccd1 to eFPGA_top_i.Inst_BlockRAM_3/vccd1…
[INFO] eFPGA_top_i.Inst_BlockRAM_3/vccd1 is already connected to vccd1 in the layout.
Connecting ground net vssd1 to eFPGA_top_i.Inst_BlockRAM_3/vssd1…
[INFO] eFPGA_top_i.Inst_BlockRAM_3/vssd1 is already connected to vssd1 in the layout.
Connecting power net vccd1 to eFPGA_top_i.Inst_BlockRAM_4/vccd1…
[INFO] eFPGA_top_i.Inst_BlockRAM_4/vccd1 is already connected to vccd1 in the layout.
Connecting ground net vssd1 to eFPGA_top_i.Inst_BlockRAM_4/vssd1…
[INFO] eFPGA_top_i.Inst_BlockRAM_4/vssd1 is already connected to vssd1 in the layout.
Connecting power net vccd1 to eFPGA_top_i.Inst_BlockRAM_5/vccd1…
[INFO] eFPGA_top_i.Inst_BlockRAM_5/vccd1 is already connected to vccd1 in the layout.
Connecting ground net vssd1 to eFPGA_top_i.Inst_BlockRAM_5/vssd1…
[INFO] eFPGA_top_i.Inst_BlockRAM_5/vssd1 is already connected to vssd1 in the layout.
Connecting power net vccd1 to eFPGA_top_i.Inst_BlockRAM_6/vccd1…
[INFO] eFPGA_top_i.Inst_BlockRAM_6/vccd1 is already connected to vccd1 in the layout.
Connecting ground net vssd1 to eFPGA_top_i.Inst_BlockRAM_6/vssd1…
[INFO] eFPGA_top_i.Inst_BlockRAM_6/vssd1 is already connected to vssd1 in the layout.
Connecting power net vccd1 to eFPGA_top_i.eFPGA_Config_inst/vccd1…
[INFO] eFPGA_top_i.eFPGA_Config_inst/vccd1 is already connected to vccd1 in the layout.
Connecting ground net vssd1 to eFPGA_top_i.eFPGA_Config_inst/vssd1…
[INFO] eFPGA_top_i.eFPGA_Config_inst/vssd1 is already connected to vssd1 in the layout.
Connecting power net eFPGA_top_i.eFPGA_inst.vccd1 to eFPGA_top_i.eFPGA_inst.Tile_X0Y10_W_IO/VPWR…
[INFO] Made 1 connections.
Connecting ground net eFPGA_top_i.eFPGA_inst.vssd1 to eFPGA_top_i.eFPGA_inst.Tile_X0Y10_W_IO/VGND…
[INFO] Made 1 connections.
Connecting power net eFPGA_top_i.eFPGA_inst.vccd1 to eFPGA_top_i.eFPGA_inst.Tile_X0Y11_W_IO/VPWR…
[INFO] Made 1 connections.
Connecting ground net eFPGA_top_i.eFPGA_inst.vssd1 to eFPGA_top_i.eFPGA_inst.Tile_X0Y11_W_IO/VGND…
[INFO] Made 1 connections.
Connecting power net eFPGA_top_i.eFPGA_inst.vccd1 to eFPGA_top_i.eFPGA_inst.Tile_X0Y12_W_IO/VPWR…
[INFO] Made 1 connections.
Connecting ground net eFPGA_top_i.eFPGA_inst.vssd1 to eFPGA_top_i.eFPGA_inst.Tile_X0Y12_W_IO/VGND…
[INFO] Made 1 connections.
Connecting power net eFPGA_top_i.eFPGA_inst.vccd1 to eFPGA_top_i.eFPGA_inst.Tile_X0Y13_W_IO/VPWR…
[INFO] Made 1 connections.
Connecting ground net eFPGA_top_i.eFPGA_inst.vssd1 to eFPGA_top_i.eFPGA_inst.Tile_X0Y13_W_IO/VGND…
[INFO] Made 1 connections.
Connecting power net eFPGA_top_i.eFPGA_inst.vccd1 to eFPGA_top_i.eFPGA_inst.Tile_X0Y14_W_IO/VPWR…
[INFO] Made 1 connections.
Connecting ground net eFPGA_top_i.eFPGA_inst.vssd1 to eFPGA_top_i.eFPGA_inst.Tile_X0Y14_W_IO/VGND…
[INFO] Made 1 connections.
Connecting power net eFPGA_top_i.eFPGA_inst.vccd1 to eFPGA_top_i.eFPGA_inst.Tile_X0Y1_W_IO/VPWR…
[INFO] Made 1 connections.
Connecting ground net eFPGA_top_i.eFPGA_inst.vssd1 to eFPGA_top_i.eFPGA_inst.Tile_X0Y1_W_IO/VGND…
[INFO] Made 1 connections.
Connecting power net eFPGA_top_i.eFPGA_inst.vccd1 to eFPGA_top_i.eFPGA_inst.Tile_X0Y2_W_IO/VPWR…
[INFO] Made 1 connections.
Connecting ground net eFPGA_top_i.eFPGA_inst.vssd1 to eFPGA_top_i.eFPGA_inst.Tile_X0Y2_W_IO/VGND…
[INFO] Made 1 connections.
Connecting power net eFPGA_top_i.eFPGA_inst.vccd1 to eFPGA_top_i.eFPGA_inst.Tile_X0Y3_W_IO/VPWR…
[INFO] Made 1 connections.
Connecting ground net eFPGA_top_i.eFPGA_inst.vssd1 to eFPGA_top_i.eFPGA_inst.Tile_X0Y3_W_IO/VGND…
[INFO] Made 1 connections.
Connecting power net eFPGA_top_i.eFPGA_inst.vccd1 to eFPGA_top_i.eFPGA_inst.Tile_X0Y4_W_IO/VPWR…
[INFO] Made 1 connections.
Connecting ground net eFPGA_top_i.eFPGA_inst.vssd1 to eFPGA_top_i.eFPGA_inst.Tile_X0Y4_W_IO/VGND…
[INFO] Made 1 connections.
Connecting power net eFPGA_top_i.eFPGA_inst.vccd1 to eFPGA_top_i.eFPGA_inst.Tile_X0Y5_W_IO/VPWR…
[INFO] Made 1 connections.
Connecting ground net eFPGA_top_i.eFPGA_inst.vssd1 to eFPGA_top_i.eFPGA_inst.Tile_X0Y5_W_IO/VGND…
[INFO] Made 1 connections.
Connecting power net eFPGA_top_i.eFPGA_inst.vccd1 to eFPGA_top_i.eFPGA_inst.Tile_X0Y6_W_IO/VPWR…
[INFO] Made 1 connections.
Connecting ground net eFPGA_top_i.eFPGA_inst.vssd1 to eFPGA_top_i.eFPGA_inst.Tile_X0Y6_W_IO/VGND…
[INFO] Made 1 connections.
Connecting power net eFPGA_top_i.eFPGA_inst.vccd1 to eFPGA_top_i.eFPGA_inst.Tile_X0Y7_W_IO/VPWR…
[INFO] Made 1 connections.
Connecting ground net eFPGA_top_i.eFPGA_inst.vssd1 to eFPGA_top_i.eFPGA_inst.Tile_X0Y7_W_IO/VGND…
[INFO] Made 1 connections.
Connecting power net eFPGA_top_i.eFPGA_inst.vccd1 to eFPGA_top_i.eFPGA_inst.Tile_X0Y8_W_IO/VPWR…
[INFO] Made 1 connections.
Connecting ground net eFPGA_top_i.eFPGA_inst.vssd1 to eFPGA_top_i.eFPGA_inst.Tile_X0Y8_W_IO/VGND…
[INFO] Made 1 connections.
Connecting power net eFPGA_top_i.eFPGA_inst.vccd1 to eFPGA_top_i.eFPGA_inst.Tile_X0Y9_W_IO/VPWR…
[INFO] Made 1 connections.
Connecting ground net eFPGA_top_i.eFPGA_inst.vssd1 to eFPGA_top_i.eFPGA_inst.Tile_X0Y9_W_IO/VGND…
[INFO] Made 1 connections.
Connecting power net eFPGA_top_i.eFPGA_inst.vccd1 to eFPGA_top_i.eFPGA_inst.Tile_X1Y0_N_term_single/vccd1…
[INFO] Made 1 connections.
Connecting ground net eFPGA_top_i.eFPGA_inst.vssd1 to eFPGA_top_i.eFPGA_inst.Tile_X1Y0_N_term_single/vssd1…
[INFO] Made 1 connections.
Connecting power net eFPGA_top_i.eFPGA_inst.vccd1 to eFPGA_top_i.eFPGA_inst.Tile_X1Y10_LUT4AB/vccd1…
[INFO] Made 1 connections.
Connecting ground net eFPGA_top_i.eFPGA_inst.vssd1 to eFPGA_top_i.eFPGA_inst.Tile_X1Y10_LUT4AB/vssd1…
[INFO] Made 1 connections.
Connecting power net eFPGA_top_i.eFPGA_inst.vccd1 to eFPGA_top_i.eFPGA_inst.Tile_X1Y11_LUT4AB/vccd1…
[INFO] Made 1 connections.
Connecting ground net eFPGA_top_i.eFPGA_inst.vssd1 to eFPGA_top_i.eFPGA_inst.Tile_X1Y11_LUT4AB/vssd1…
[INFO] Made 1 connections.
Connecting power net eFPGA_top_i.eFPGA_inst.vccd1 to eFPGA_top_i.eFPGA_inst.Tile_X1Y12_LUT4AB/vccd1…
[INFO] Made 1 connections.
Connecting ground net eFPGA_top_i.eFPGA_inst.vssd1 to eFPGA_top_i.eFPGA_inst.Tile_X1Y12_LUT4AB/vssd1…
[INFO] Made 1 connections.
Connecting power net eFPGA_top_i.eFPGA_inst.vccd1 to eFPGA_top_i.eFPGA_inst.Tile_X1Y13_LUT4AB/vccd1…
[INFO] Made 1 connections.
Connecting ground net eFPGA_top_i.eFPGA_inst.vssd1 to eFPGA_top_i.eFPGA_inst.Tile_X1Y13_LUT4AB/vssd1…
[INFO] Made 1 connections.
Connecting power net eFPGA_top_i.eFPGA_inst.vccd1 to eFPGA_top_i.eFPGA_inst.Tile_X1Y14_LUT4AB/vccd1…
[INFO] Made 1 connections.
Connecting ground net eFPGA_top_i.eFPGA_inst.vssd1 to eFPGA_top_i.eFPGA_inst.Tile_X1Y14_LUT4AB/vssd1…
[INFO] Made 1 connections.
Connecting power net eFPGA_top_i.eFPGA_inst.vccd1 to eFPGA_top_i.eFPGA_inst.Tile_X1Y15_S_term_single/vccd1…
[INFO] Made 1 connections.
Connecting ground net eFPGA_top_i.eFPGA_inst.vssd1 to eFPGA_top_i.eFPGA_inst.Tile_X1Y15_S_term_single/vssd1…
[INFO] Made 1 connections.
Connecting power net eFPGA_top_i.eFPGA_inst.vccd1 to eFPGA_top_i.eFPGA_inst.Tile_X1Y1_LUT4AB/vccd1…
[INFO] Made 1 connections.
Connecting ground net eFPGA_top_i.eFPGA_inst.vssd1 to eFPGA_top_i.eFPGA_inst.Tile_X1Y1_LUT4AB/vssd1…
[INFO] Made 1 connections.
Connecting power net eFPGA_top_i.eFPGA_inst.vccd1 to eFPGA_top_i.eFPGA_inst.Tile_X1Y2_LUT4AB/vccd1…
[INFO] Made 1 connections.
Connecting ground net eFPGA_top_i.eFPGA_inst.vssd1 to eFPGA_top_i.eFPGA_inst.Tile_X1Y2_LUT4AB/vssd1…
[INFO] Made 1 connections.
Connecting power net eFPGA_top_i.eFPGA_inst.vccd1 to eFPGA_top_i.eFPGA_inst.Tile_X1Y3_LUT4AB/vccd1…
[INFO] Made 1 connections.
Connecting ground net eFPGA_top_i.eFPGA_inst.vssd1 to eFPGA_top_i.eFPGA_inst.Tile_X1Y3_LUT4AB/vssd1…
[INFO] Made 1 connections.
Connecting power net eFPGA_top_i.eFPGA_inst.vccd1 to eFPGA_top_i.eFPGA_inst.Tile_X1Y4_LUT4AB/vccd1…
[INFO] Made 1 connections.
Connecting ground net eFPGA_top_i.eFPGA_inst.vssd1 to eFPGA_top_i.eFPGA_inst.Tile_X1Y4_LUT4AB/vssd1…
[INFO] Made 1 connections.
Connecting power net eFPGA_top_i.eFPGA_inst.vccd1 to eFPGA_top_i.eFPGA_inst.Tile_X1Y5_LUT4AB/vccd1…
[INFO] Made 1 connections.
Connecting ground net eFPGA_top_i.eFPGA_inst.vssd1 to eFPGA_top_i.eFPGA_inst.Tile_X1Y5_LUT4AB/vssd1…
[INFO] Made 1 connections.
Connecting power net eFPGA_top_i.eFPGA_inst.vccd1 to eFPGA_top_i.eFPGA_inst.Tile_X1Y6_LUT4AB/vccd1…
[INFO] Made 1 connections.
Connecting ground net eFPGA_top_i.eFPGA_inst.vssd1 to eFPGA_top_i.eFPGA_inst.Tile_X1Y6_LUT4AB/vssd1…
[INFO] Made 1 connections.
Connecting power net eFPGA_top_i.eFPGA_inst.vccd1 to eFPGA_top_i.eFPGA_inst.Tile_X1Y7_LUT4AB/vccd1…
[INFO] Made 1 connections.
Connecting ground net eFPGA_top_i.eFPGA_inst.vssd1 to eFPGA_top_i.eFPGA_inst.Tile_X1Y7_LUT4AB/vssd1…
[INFO] Made 1 connections.
Connecting power net eFPGA_top_i.eFPGA_inst.vccd1 to eFPGA_top_i.eFPGA_inst.Tile_X1Y8_LUT4AB/vccd1…
[INFO] Made 1 connections.
Connecting ground net eFPGA_top_i.eFPGA_inst.vssd1 to eFPGA_top_i.eFPGA_inst.Tile_X1Y8_LUT4AB/vssd1…
[INFO] Made 1 connections.
Connecting power net eFPGA_top_i.eFPGA_inst.vccd1 to eFPGA_top_i.eFPGA_inst.Tile_X1Y9_LUT4AB/vccd1…
[INFO] Made 1 connections.
Connecting ground net eFPGA_top_i.eFPGA_inst.vssd1 to eFPGA_top_i.eFPGA_inst.Tile_X1Y9_LUT4AB/vssd1…
[INFO] Made 1 connections.
Connecting power net eFPGA_top_i.eFPGA_inst.vccd1 to eFPGA_top_i.eFPGA_inst.Tile_X2Y0_N_term_single/vccd1…
[INFO] Made 1 connections.
Connecting ground net eFPGA_top_i.eFPGA_inst.vssd1 to eFPGA_top_i.eFPGA_inst.Tile_X2Y0_N_term_single/vssd1…
[INFO] Made 1 connections.
Connecting power net eFPGA_top_i.eFPGA_inst.vccd1 to eFPGA_top_i.eFPGA_inst.Tile_X2Y10_LUT4AB/vccd1…
[INFO] Made 1 connections.
Connecting ground net eFPGA_top_i.eFPGA_inst.vssd1 to eFPGA_top_i.eFPGA_inst.Tile_X2Y10_LUT4AB/vssd1…
[INFO] Made 1 connections.
Connecting power net eFPGA_top_i.eFPGA_inst.vccd1 to eFPGA_top_i.eFPGA_inst.Tile_X2Y11_LUT4AB/vccd1…
[INFO] Made 1 connections.
Connecting ground net eFPGA_top_i.eFPGA_inst.vssd1 to eFPGA_top_i.eFPGA_inst.Tile_X2Y11_LUT4AB/vssd1…
[INFO] Made 1 connections.
Connecting power net eFPGA_top_i.eFPGA_inst.vccd1 to eFPGA_top_i.eFPGA_inst.Tile_X2Y12_LUT4AB/vccd1…
[INFO] Made 1 connections.
Connecting ground net eFPGA_top_i.eFPGA_inst.vssd1 to eFPGA_top_i.eFPGA_inst.Tile_X2Y12_LUT4AB/vssd1…
[INFO] Made 1 connections.
Connecting power net eFPGA_top_i.eFPGA_inst.vccd1 to eFPGA_top_i.eFPGA_inst.Tile_X2Y13_LUT4AB/vccd1…
[INFO] Made 1 connections.
Connecting ground net eFPGA_top_i.eFPGA_inst.vssd1 to eFPGA_top_i.eFPGA_inst.Tile_X2Y13_LUT4AB/vssd1…
[INFO] Made 1 connections.
Connecting power net eFPGA_top_i.eFPGA_inst.vccd1 to eFPGA_top_i.eFPGA_inst.Tile_X2Y14_LUT4AB/vccd1…
[INFO] Made 1 connections.
Connecting ground net eFPGA_top_i.eFPGA_inst.vssd1 to eFPGA_top_i.eFPGA_inst.Tile_X2Y14_LUT4AB/vssd1…
[INFO] Made 1 connections.
Connecting power net eFPGA_top_i.eFPGA_inst.vccd1 to eFPGA_top_i.eFPGA_inst.Tile_X2Y15_S_term_single/vccd1…
[INFO] Made 1 connections.
Connecting ground net eFPGA_top_i.eFPGA_inst.vssd1 to eFPGA_top_i.eFPGA_inst.Tile_X2Y15_S_term_single/vssd1…
[INFO] Made 1 connections.
Connecting power net eFPGA_top_i.eFPGA_inst.vccd1 to eFPGA_top_i.eFPGA_inst.Tile_X2Y1_LUT4AB/vccd1…
[INFO] Made 1 connections.
Connecting ground net eFPGA_top_i.eFPGA_inst.vssd1 to eFPGA_top_i.eFPGA_inst.Tile_X2Y1_LUT4AB/vssd1…
[INFO] Made 1 connections.
Connecting power net eFPGA_top_i.eFPGA_inst.vccd1 to eFPGA_top_i.eFPGA_inst.Tile_X2Y2_LUT4AB/vccd1…
[INFO] Made 1 connections.
Connecting ground net eFPGA_top_i.eFPGA_inst.vssd1 to eFPGA_top_i.eFPGA_inst.Tile_X2Y2_LUT4AB/vssd1…
[INFO] Made 1 connections.
Connecting power net eFPGA_top_i.eFPGA_inst.vccd1 to eFPGA_top_i.eFPGA_inst.Tile_X2Y3_LUT4AB/vccd1…
[INFO] Made 1 connections.
Connecting ground net eFPGA_top_i.eFPGA_inst.vssd1 to eFPGA_top_i.eFPGA_inst.Tile_X2Y3_LUT4AB/vssd1…
[INFO] Made 1 connections.
Connecting power net eFPGA_top_i.eFPGA_inst.vccd1 to eFPGA_top_i.eFPGA_inst.Tile_X2Y4_LUT4AB/vccd1…
[INFO] Made 1 connections.
Connecting ground net eFPGA_top_i.eFPGA_inst.vssd1 to eFPGA_top_i.eFPGA_inst.Tile_X2Y4_LUT4AB/vssd1…
[INFO] Made 1 connections.
Connecting power net eFPGA_top_i.eFPGA_inst.vccd1 to eFPGA_top_i.eFPGA_inst.Tile_X2Y5_LUT4AB/vccd1…
[INFO] Made 1 connections.
Connecting ground net eFPGA_top_i.eFPGA_inst.vssd1 to eFPGA_top_i.eFPGA_inst.Tile_X2Y5_LUT4AB/vssd1…
[INFO] Made 1 connections.
Connecting power net eFPGA_top_i.eFPGA_inst.vccd1 to eFPGA_top_i.eFPGA_inst.Tile_X2Y6_LUT4AB/vccd1…
[INFO] Made 1 connections.
Connecting ground net eFPGA_top_i.eFPGA_inst.vssd1 to eFPGA_top_i.eFPGA_inst.Tile_X2Y6_LUT4AB/vssd1…
[INFO] Made 1 connections.
Connecting power net eFPGA_top_i.eFPGA_inst.vccd1 to eFPGA_top_i.eFPGA_inst.Tile_X2Y7_LUT4AB/vccd1…
[INFO] Made 1 connections.
Connecting ground net eFPGA_top_i.eFPGA_inst.vssd1 to eFPGA_top_i.eFPGA_inst.Tile_X2Y7_LUT4AB/vssd1…
[INFO] Made 1 connections.
Connecting power net eFPGA_top_i.eFPGA_inst.vccd1 to eFPGA_top_i.eFPGA_inst.Tile_X2Y8_LUT4AB/vccd1…
[INFO] Made 1 connections.
Connecting ground net eFPGA_top_i.eFPGA_inst.vssd1 to eFPGA_top_i.eFPGA_inst.Tile_X2Y8_LUT4AB/vssd1…
[INFO] Made 1 connections.
Connecting power net eFPGA_top_i.eFPGA_inst.vccd1 to eFPGA_top_i.eFPGA_inst.Tile_X2Y9_LUT4AB/vccd1…
[INFO] Made 1 connections.
Connecting ground net eFPGA_top_i.eFPGA_inst.vssd1 to eFPGA_top_i.eFPGA_inst.Tile_X2Y9_LUT4AB/vssd1…
[INFO] Made 1 connections.
Connecting power net eFPGA_top_i.eFPGA_inst.vccd1 to eFPGA_top_i.eFPGA_inst.Tile_X3Y0_N_term_single2/vccd1…
[INFO] Made 1 connections.
Connecting ground net eFPGA_top_i.eFPGA_inst.vssd1 to eFPGA_top_i.eFPGA_inst.Tile_X3Y0_N_term_single2/vssd1…
[INFO] Made 1 connections.
Connecting power net eFPGA_top_i.eFPGA_inst.vccd1 to eFPGA_top_i.eFPGA_inst.Tile_X3Y10_RegFile/VPWR…
[INFO] Made 1 connections.
Connecting ground net eFPGA_top_i.eFPGA_inst.vssd1 to eFPGA_top_i.eFPGA_inst.Tile_X3Y10_RegFile/VGND…
[INFO] Made 1 connections.
Connecting power net eFPGA_top_i.eFPGA_inst.vccd1 to eFPGA_top_i.eFPGA_inst.Tile_X3Y11_RegFile/VPWR…
[INFO] Made 1 connections.
Connecting ground net eFPGA_top_i.eFPGA_inst.vssd1 to eFPGA_top_i.eFPGA_inst.Tile_X3Y11_RegFile/VGND…
[INFO] Made 1 connections.
Connecting power net eFPGA_top_i.eFPGA_inst.vccd1 to eFPGA_top_i.eFPGA_inst.Tile_X3Y12_RegFile/VPWR…
[INFO] Made 1 connections.
Connecting ground net eFPGA_top_i.eFPGA_inst.vssd1 to eFPGA_top_i.eFPGA_inst.Tile_X3Y12_RegFile/VGND…
[INFO] Made 1 connections.
Connecting power net eFPGA_top_i.eFPGA_inst.vccd1 to eFPGA_top_i.eFPGA_inst.Tile_X3Y13_RegFile/VPWR…
[INFO] Made 1 connections.
Connecting ground net eFPGA_top_i.eFPGA_inst.vssd1 to eFPGA_top_i.eFPGA_inst.Tile_X3Y13_RegFile/VGND…
[INFO] Made 1 connections.
Connecting power net eFPGA_top_i.eFPGA_inst.vccd1 to eFPGA_top_i.eFPGA_inst.Tile_X3Y14_RegFile/VPWR…
[INFO] Made 1 connections.
Connecting ground net eFPGA_top_i.eFPGA_inst.vssd1 to eFPGA_top_i.eFPGA_inst.Tile_X3Y14_RegFile/VGND…
[INFO] Made 1 connections.
Connecting power net eFPGA_top_i.eFPGA_inst.vccd1 to eFPGA_top_i.eFPGA_inst.Tile_X3Y15_S_term_single2/vccd1…
[INFO] Made 1 connections.
Connecting ground net eFPGA_top_i.eFPGA_inst.vssd1 to eFPGA_top_i.eFPGA_inst.Tile_X3Y15_S_term_single2/vssd1…
[INFO] Made 1 connections.
Connecting power net eFPGA_top_i.eFPGA_inst.vccd1 to eFPGA_top_i.eFPGA_inst.Tile_X3Y1_RegFile/VPWR…
[INFO] Made 1 connections.
Connecting ground net eFPGA_top_i.eFPGA_inst.vssd1 to eFPGA_top_i.eFPGA_inst.Tile_X3Y1_RegFile/VGND…
[INFO] Made 1 connections.
Connecting power net eFPGA_top_i.eFPGA_inst.vccd1 to eFPGA_top_i.eFPGA_inst.Tile_X3Y2_RegFile/VPWR…
[INFO] Made 1 connections.
Connecting ground net eFPGA_top_i.eFPGA_inst.vssd1 to eFPGA_top_i.eFPGA_inst.Tile_X3Y2_RegFile/VGND…
[INFO] Made 1 connections.
Connecting power net eFPGA_top_i.eFPGA_inst.vccd1 to eFPGA_top_i.eFPGA_inst.Tile_X3Y3_RegFile/VPWR…
[INFO] Made 1 connections.
Connecting ground net eFPGA_top_i.eFPGA_inst.vssd1 to eFPGA_top_i.eFPGA_inst.Tile_X3Y3_RegFile/VGND…
[INFO] Made 1 connections.
Connecting power net eFPGA_top_i.eFPGA_inst.vccd1 to eFPGA_top_i.eFPGA_inst.Tile_X3Y4_RegFile/VPWR…
[INFO] Made 1 connections.
Connecting ground net eFPGA_top_i.eFPGA_inst.vssd1 to eFPGA_top_i.eFPGA_inst.Tile_X3Y4_RegFile/VGND…
[INFO] Made 1 connections.
Connecting power net eFPGA_top_i.eFPGA_inst.vccd1 to eFPGA_top_i.eFPGA_inst.Tile_X3Y5_RegFile/VPWR…
[INFO] Made 1 connections.
Connecting ground net eFPGA_top_i.eFPGA_inst.vssd1 to eFPGA_top_i.eFPGA_inst.Tile_X3Y5_RegFile/VGND…
[INFO] Made 1 connections.
Connecting power net eFPGA_top_i.eFPGA_inst.vccd1 to eFPGA_top_i.eFPGA_inst.Tile_X3Y6_RegFile/VPWR…
[INFO] Made 1 connections.
Connecting ground net eFPGA_top_i.eFPGA_inst.vssd1 to eFPGA_top_i.eFPGA_inst.Tile_X3Y6_RegFile/VGND…
[INFO] Made 1 connections.
Connecting power net eFPGA_top_i.eFPGA_inst.vccd1 to eFPGA_top_i.eFPGA_inst.Tile_X3Y7_RegFile/VPWR…
[INFO] Made 1 connections.
Connecting ground net eFPGA_top_i.eFPGA_inst.vssd1 to eFPGA_top_i.eFPGA_inst.Tile_X3Y7_RegFile/VGND…
[INFO] Made 1 connections.
Connecting power net eFPGA_top_i.eFPGA_inst.vccd1 to eFPGA_top_i.eFPGA_inst.Tile_X3Y8_RegFile/VPWR…
[INFO] Made 1 connections.
Connecting ground net eFPGA_top_i.eFPGA_inst.vssd1 to eFPGA_top_i.eFPGA_inst.Tile_X3Y8_RegFile/VGND…
[INFO] Made 1 connections.
Connecting power net eFPGA_top_i.eFPGA_inst.vccd1 to eFPGA_top_i.eFPGA_inst.Tile_X3Y9_RegFile/VPWR…
[INFO] Made 1 connections.
Connecting ground net eFPGA_top_i.eFPGA_inst.vssd1 to eFPGA_top_i.eFPGA_inst.Tile_X3Y9_RegFile/VGND…
[INFO] Made 1 connections.
Connecting power net eFPGA_top_i.eFPGA_inst.vccd1 to eFPGA_top_i.eFPGA_inst.Tile_X4Y0_N_term_single/vccd1…
[INFO] Made 1 connections.
Connecting ground net eFPGA_top_i.eFPGA_inst.vssd1 to eFPGA_top_i.eFPGA_inst.Tile_X4Y0_N_term_single/vssd1…
[INFO] Made 1 connections.
Connecting power net eFPGA_top_i.eFPGA_inst.vccd1 to eFPGA_top_i.eFPGA_inst.Tile_X4Y10_LUT4AB/vccd1…
[INFO] Made 1 connections.
Connecting ground net eFPGA_top_i.eFPGA_inst.vssd1 to eFPGA_top_i.eFPGA_inst.Tile_X4Y10_LUT4AB/vssd1…
[INFO] Made 1 connections.
Connecting power net eFPGA_top_i.eFPGA_inst.vccd1 to eFPGA_top_i.eFPGA_inst.Tile_X4Y11_LUT4AB/vccd1…
[INFO] Made 1 connections.
Connecting ground net eFPGA_top_i.eFPGA_inst.vssd1 to eFPGA_top_i.eFPGA_inst.Tile_X4Y11_LUT4AB/vssd1…
[INFO] Made 1 connections.
Connecting power net eFPGA_top_i.eFPGA_inst.vccd1 to eFPGA_top_i.eFPGA_inst.Tile_X4Y12_LUT4AB/vccd1…
[INFO] Made 1 connections.
Connecting ground net eFPGA_top_i.eFPGA_inst.vssd1 to eFPGA_top_i.eFPGA_inst.Tile_X4Y12_LUT4AB/vssd1…
[INFO] Made 1 connections.
Connecting power net eFPGA_top_i.eFPGA_inst.vccd1 to eFPGA_top_i.eFPGA_inst.Tile_X4Y13_LUT4AB/vccd1…
[INFO] Made 1 connections.
Connecting ground net eFPGA_top_i.eFPGA_inst.vssd1 to eFPGA_top_i.eFPGA_inst.Tile_X4Y13_LUT4AB/vssd1…
[INFO] Made 1 connections.
Connecting power net eFPGA_top_i.eFPGA_inst.vccd1 to eFPGA_top_i.eFPGA_inst.Tile_X4Y14_LUT4AB/vccd1…
[INFO] Made 1 connections.
Connecting ground net eFPGA_top_i.eFPGA_inst.vssd1 to eFPGA_top_i.eFPGA_inst.Tile_X4Y14_LUT4AB/vssd1…
[INFO] Made 1 connections.
Connecting power net eFPGA_top_i.eFPGA_inst.vccd1 to eFPGA_top_i.eFPGA_inst.Tile_X4Y15_S_term_single/vccd1…
[INFO] Made 1 connections.
Connecting ground net eFPGA_top_i.eFPGA_inst.vssd1 to eFPGA_top_i.eFPGA_inst.Tile_X4Y15_S_term_single/vssd1…
[INFO] Made 1 connections.
Connecting power net eFPGA_top_i.eFPGA_inst.vccd1 to eFPGA_top_i.eFPGA_inst.Tile_X4Y1_LUT4AB/vccd1…
[INFO] Made 1 connections.
Connecting ground net eFPGA_top_i.eFPGA_inst.vssd1 to eFPGA_top_i.eFPGA_inst.Tile_X4Y1_LUT4AB/vssd1…
[INFO] Made 1 connections.
Connecting power net eFPGA_top_i.eFPGA_inst.vccd1 to eFPGA_top_i.eFPGA_inst.Tile_X4Y2_LUT4AB/vccd1…
[INFO] Made 1 connections.
Connecting ground net eFPGA_top_i.eFPGA_inst.vssd1 to eFPGA_top_i.eFPGA_inst.Tile_X4Y2_LUT4AB/vssd1…
[INFO] Made 1 connections.
Connecting power net eFPGA_top_i.eFPGA_inst.vccd1 to eFPGA_top_i.eFPGA_inst.Tile_X4Y3_LUT4AB/vccd1…
[INFO] Made 1 connections.
Connecting ground net eFPGA_top_i.eFPGA_inst.vssd1 to eFPGA_top_i.eFPGA_inst.Tile_X4Y3_LUT4AB/vssd1…
[INFO] Made 1 connections.
Connecting power net eFPGA_top_i.eFPGA_inst.vccd1 to eFPGA_top_i.eFPGA_inst.Tile_X4Y4_LUT4AB/vccd1…
[INFO] Made 1 connections.
Connecting ground net eFPGA_top_i.eFPGA_inst.vssd1 to eFPGA_top_i.eFPGA_inst.Tile_X4Y4_LUT4AB/vssd1…
[INFO] Made 1 connections.
Connecting power net eFPGA_top_i.eFPGA_inst.vccd1 to eFPGA_top_i.eFPGA_inst.Tile_X4Y5_LUT4AB/vccd1…
[INFO] Made 1 connections.
Connecting ground net eFPGA_top_i.eFPGA_inst.vssd1 to eFPGA_top_i.eFPGA_inst.Tile_X4Y5_LUT4AB/vssd1…
[INFO] Made 1 connections.
Connecting power net eFPGA_top_i.eFPGA_inst.vccd1 to eFPGA_top_i.eFPGA_inst.Tile_X4Y6_LUT4AB/vccd1…
[INFO] Made 1 connections.
Connecting ground net eFPGA_top_i.eFPGA_inst.vssd1 to eFPGA_top_i.eFPGA_inst.Tile_X4Y6_LUT4AB/vssd1…
[INFO] Made 1 connections.
Connecting power net eFPGA_top_i.eFPGA_inst.vccd1 to eFPGA_top_i.eFPGA_inst.Tile_X4Y7_LUT4AB/vccd1…
[INFO] Made 1 connections.
Connecting ground net eFPGA_top_i.eFPGA_inst.vssd1 to eFPGA_top_i.eFPGA_inst.Tile_X4Y7_LUT4AB/vssd1…
[INFO] Made 1 connections.
Connecting power net eFPGA_top_i.eFPGA_inst.vccd1 to eFPGA_top_i.eFPGA_inst.Tile_X4Y8_LUT4AB/vccd1…
[INFO] Made 1 connections.
Connecting ground net eFPGA_top_i.eFPGA_inst.vssd1 to eFPGA_top_i.eFPGA_inst.Tile_X4Y8_LUT4AB/vssd1…
[INFO] Made 1 connections.
Connecting power net eFPGA_top_i.eFPGA_inst.vccd1 to eFPGA_top_i.eFPGA_inst.Tile_X4Y9_LUT4AB/vccd1…
[INFO] Made 1 connections.
Connecting ground net eFPGA_top_i.eFPGA_inst.vssd1 to eFPGA_top_i.eFPGA_inst.Tile_X4Y9_LUT4AB/vssd1…
[INFO] Made 1 connections.
Connecting power net eFPGA_top_i.eFPGA_inst.vccd1 to eFPGA_top_i.eFPGA_inst.Tile_X5Y0_N_term_single/vccd1…
[INFO] Made 1 connections.
Connecting ground net eFPGA_top_i.eFPGA_inst.vssd1 to eFPGA_top_i.eFPGA_inst.Tile_X5Y0_N_term_single/vssd1…
[INFO] Made 1 connections.
Connecting power net eFPGA_top_i.eFPGA_inst.vccd1 to eFPGA_top_i.eFPGA_inst.Tile_X5Y10_LUT4AB/vccd1…
[INFO] Made 1 connections.
Connecting ground net eFPGA_top_i.eFPGA_inst.vssd1 to eFPGA_top_i.eFPGA_inst.Tile_X5Y10_LUT4AB/vssd1…
[INFO] Made 1 connections.
Connecting power net eFPGA_top_i.eFPGA_inst.vccd1 to eFPGA_top_i.eFPGA_inst.Tile_X5Y11_LUT4AB/vccd1…
[INFO] Made 1 connections.
Connecting ground net eFPGA_top_i.eFPGA_inst.vssd1 to eFPGA_top_i.eFPGA_inst.Tile_X5Y11_LUT4AB/vssd1…
[INFO] Made 1 connections.
Connecting power net eFPGA_top_i.eFPGA_inst.vccd1 to eFPGA_top_i.eFPGA_inst.Tile_X5Y12_LUT4AB/vccd1…
[INFO] Made 1 connections.
Connecting ground net eFPGA_top_i.eFPGA_inst.vssd1 to eFPGA_top_i.eFPGA_inst.Tile_X5Y12_LUT4AB/vssd1…
[INFO] Made 1 connections.
Connecting power net eFPGA_top_i.eFPGA_inst.vccd1 to eFPGA_top_i.eFPGA_inst.Tile_X5Y13_LUT4AB/vccd1…
[INFO] Made 1 connections.
Connecting ground net eFPGA_top_i.eFPGA_inst.vssd1 to eFPGA_top_i.eFPGA_inst.Tile_X5Y13_LUT4AB/vssd1…
[INFO] Made 1 connections.
Connecting power net eFPGA_top_i.eFPGA_inst.vccd1 to eFPGA_top_i.eFPGA_inst.Tile_X5Y14_LUT4AB/vccd1…
[INFO] Made 1 connections.
Connecting ground net eFPGA_top_i.eFPGA_inst.vssd1 to eFPGA_top_i.eFPGA_inst.Tile_X5Y14_LUT4AB/vssd1…
[INFO] Made 1 connections.
Connecting power net eFPGA_top_i.eFPGA_inst.vccd1 to eFPGA_top_i.eFPGA_inst.Tile_X5Y15_S_term_single/vccd1…
[INFO] Made 1 connections.
Connecting ground net eFPGA_top_i.eFPGA_inst.vssd1 to eFPGA_top_i.eFPGA_inst.Tile_X5Y15_S_term_single/vssd1…
[INFO] Made 1 connections.
Connecting power net eFPGA_top_i.eFPGA_inst.vccd1 to eFPGA_top_i.eFPGA_inst.Tile_X5Y1_LUT4AB/vccd1…
[INFO] Made 1 connections.
Connecting ground net eFPGA_top_i.eFPGA_inst.vssd1 to eFPGA_top_i.eFPGA_inst.Tile_X5Y1_LUT4AB/vssd1…
[INFO] Made 1 connections.
Connecting power net eFPGA_top_i.eFPGA_inst.vccd1 to eFPGA_top_i.eFPGA_inst.Tile_X5Y2_LUT4AB/vccd1…
[INFO] Made 1 connections.
Connecting ground net eFPGA_top_i.eFPGA_inst.vssd1 to eFPGA_top_i.eFPGA_inst.Tile_X5Y2_LUT4AB/vssd1…
[INFO] Made 1 connections.
Connecting power net eFPGA_top_i.eFPGA_inst.vccd1 to eFPGA_top_i.eFPGA_inst.Tile_X5Y3_LUT4AB/vccd1…
[INFO] Made 1 connections.
Connecting ground net eFPGA_top_i.eFPGA_inst.vssd1 to eFPGA_top_i.eFPGA_inst.Tile_X5Y3_LUT4AB/vssd1…
[INFO] Made 1 connections.
Connecting power net eFPGA_top_i.eFPGA_inst.vccd1 to eFPGA_top_i.eFPGA_inst.Tile_X5Y4_LUT4AB/vccd1…
[INFO] Made 1 connections.
Connecting ground net eFPGA_top_i.eFPGA_inst.vssd1 to eFPGA_top_i.eFPGA_inst.Tile_X5Y4_LUT4AB/vssd1…
[INFO] Made 1 connections.
Connecting power net eFPGA_top_i.eFPGA_inst.vccd1 to eFPGA_top_i.eFPGA_inst.Tile_X5Y5_LUT4AB/vccd1…
[INFO] Made 1 connections.
Connecting ground net eFPGA_top_i.eFPGA_inst.vssd1 to eFPGA_top_i.eFPGA_inst.Tile_X5Y5_LUT4AB/vssd1…
[INFO] Made 1 connections.
Connecting power net eFPGA_top_i.eFPGA_inst.vccd1 to eFPGA_top_i.eFPGA_inst.Tile_X5Y6_LUT4AB/vccd1…
[INFO] Made 1 connections.
Connecting ground net eFPGA_top_i.eFPGA_inst.vssd1 to eFPGA_top_i.eFPGA_inst.Tile_X5Y6_LUT4AB/vssd1…
[INFO] Made 1 connections.
Connecting power net eFPGA_top_i.eFPGA_inst.vccd1 to eFPGA_top_i.eFPGA_inst.Tile_X5Y7_LUT4AB/vccd1…
[INFO] Made 1 connections.
Connecting ground net eFPGA_top_i.eFPGA_inst.vssd1 to eFPGA_top_i.eFPGA_inst.Tile_X5Y7_LUT4AB/vssd1…
[INFO] Made 1 connections.
Connecting power net eFPGA_top_i.eFPGA_inst.vccd1 to eFPGA_top_i.eFPGA_inst.Tile_X5Y8_LUT4AB/vccd1…
[INFO] Made 1 connections.
Connecting ground net eFPGA_top_i.eFPGA_inst.vssd1 to eFPGA_top_i.eFPGA_inst.Tile_X5Y8_LUT4AB/vssd1…
[INFO] Made 1 connections.
Connecting power net eFPGA_top_i.eFPGA_inst.vccd1 to eFPGA_top_i.eFPGA_inst.Tile_X5Y9_LUT4AB/vccd1…
[INFO] Made 1 connections.
Connecting ground net eFPGA_top_i.eFPGA_inst.vssd1 to eFPGA_top_i.eFPGA_inst.Tile_X5Y9_LUT4AB/vssd1…
[INFO] Made 1 connections.
Connecting power net eFPGA_top_i.eFPGA_inst.vccd1 to eFPGA_top_i.eFPGA_inst.Tile_X6Y0_N_term_DSP/vccd1…
[INFO] Made 1 connections.
Connecting ground net eFPGA_top_i.eFPGA_inst.vssd1 to eFPGA_top_i.eFPGA_inst.Tile_X6Y0_N_term_DSP/vssd1…
[INFO] Made 1 connections.
Connecting power net eFPGA_top_i.eFPGA_inst.vccd1 to eFPGA_top_i.eFPGA_inst.Tile_X6Y11_DSP/VPWR…
[INFO] Made 1 connections.
Connecting ground net eFPGA_top_i.eFPGA_inst.vssd1 to eFPGA_top_i.eFPGA_inst.Tile_X6Y11_DSP/VGND…
[INFO] Made 1 connections.
Connecting power net eFPGA_top_i.eFPGA_inst.vccd1 to eFPGA_top_i.eFPGA_inst.Tile_X6Y13_DSP/VPWR…
[INFO] Made 1 connections.
Connecting ground net eFPGA_top_i.eFPGA_inst.vssd1 to eFPGA_top_i.eFPGA_inst.Tile_X6Y13_DSP/VGND…
[INFO] Made 1 connections.
Connecting power net eFPGA_top_i.eFPGA_inst.vccd1 to eFPGA_top_i.eFPGA_inst.Tile_X6Y15_S_term_DSP/vccd1…
[INFO] Made 1 connections.
Connecting ground net eFPGA_top_i.eFPGA_inst.vssd1 to eFPGA_top_i.eFPGA_inst.Tile_X6Y15_S_term_DSP/vssd1…
[INFO] Made 1 connections.
Connecting power net eFPGA_top_i.eFPGA_inst.vccd1 to eFPGA_top_i.eFPGA_inst.Tile_X6Y1_DSP/VPWR…
[INFO] Made 1 connections.
Connecting ground net eFPGA_top_i.eFPGA_inst.vssd1 to eFPGA_top_i.eFPGA_inst.Tile_X6Y1_DSP/VGND…
[INFO] Made 1 connections.
Connecting power net eFPGA_top_i.eFPGA_inst.vccd1 to eFPGA_top_i.eFPGA_inst.Tile_X6Y3_DSP/VPWR…
[INFO] Made 1 connections.
Connecting ground net eFPGA_top_i.eFPGA_inst.vssd1 to eFPGA_top_i.eFPGA_inst.Tile_X6Y3_DSP/VGND…
[INFO] Made 1 connections.
Connecting power net eFPGA_top_i.eFPGA_inst.vccd1 to eFPGA_top_i.eFPGA_inst.Tile_X6Y5_DSP/VPWR…
[INFO] Made 1 connections.
Connecting ground net eFPGA_top_i.eFPGA_inst.vssd1 to eFPGA_top_i.eFPGA_inst.Tile_X6Y5_DSP/VGND…
[INFO] Made 1 connections.
Connecting power net eFPGA_top_i.eFPGA_inst.vccd1 to eFPGA_top_i.eFPGA_inst.Tile_X6Y7_DSP/VPWR…
[INFO] Made 1 connections.
Connecting ground net eFPGA_top_i.eFPGA_inst.vssd1 to eFPGA_top_i.eFPGA_inst.Tile_X6Y7_DSP/VGND…
[INFO] Made 1 connections.
Connecting power net eFPGA_top_i.eFPGA_inst.vccd1 to eFPGA_top_i.eFPGA_inst.Tile_X6Y9_DSP/VPWR…
[INFO] Made 1 connections.
Connecting ground net eFPGA_top_i.eFPGA_inst.vssd1 to eFPGA_top_i.eFPGA_inst.Tile_X6Y9_DSP/VGND…
[INFO] Made 1 connections.
Connecting power net eFPGA_top_i.eFPGA_inst.vccd1 to eFPGA_top_i.eFPGA_inst.Tile_X7Y0_N_term_single/vccd1…
[INFO] Made 1 connections.
Connecting ground net eFPGA_top_i.eFPGA_inst.vssd1 to eFPGA_top_i.eFPGA_inst.Tile_X7Y0_N_term_single/vssd1…
[INFO] Made 1 connections.
Connecting power net eFPGA_top_i.eFPGA_inst.vccd1 to eFPGA_top_i.eFPGA_inst.Tile_X7Y10_LUT4AB/vccd1…
[INFO] Made 1 connections.
Connecting ground net eFPGA_top_i.eFPGA_inst.vssd1 to eFPGA_top_i.eFPGA_inst.Tile_X7Y10_LUT4AB/vssd1…
[INFO] Made 1 connections.
Connecting power net eFPGA_top_i.eFPGA_inst.vccd1 to eFPGA_top_i.eFPGA_inst.Tile_X7Y11_LUT4AB/vccd1…
[INFO] Made 1 connections.
Connecting ground net eFPGA_top_i.eFPGA_inst.vssd1 to eFPGA_top_i.eFPGA_inst.Tile_X7Y11_LUT4AB/vssd1…
[INFO] Made 1 connections.
Connecting power net eFPGA_top_i.eFPGA_inst.vccd1 to eFPGA_top_i.eFPGA_inst.Tile_X7Y12_LUT4AB/vccd1…
[INFO] Made 1 connections.
Connecting ground net eFPGA_top_i.eFPGA_inst.vssd1 to eFPGA_top_i.eFPGA_inst.Tile_X7Y12_LUT4AB/vssd1…
[INFO] Made 1 connections.
Connecting power net eFPGA_top_i.eFPGA_inst.vccd1 to eFPGA_top_i.eFPGA_inst.Tile_X7Y13_LUT4AB/vccd1…
[INFO] Made 1 connections.
Connecting ground net eFPGA_top_i.eFPGA_inst.vssd1 to eFPGA_top_i.eFPGA_inst.Tile_X7Y13_LUT4AB/vssd1…
[INFO] Made 1 connections.
Connecting power net eFPGA_top_i.eFPGA_inst.vccd1 to eFPGA_top_i.eFPGA_inst.Tile_X7Y14_LUT4AB/vccd1…
[INFO] Made 1 connections.
Connecting ground net eFPGA_top_i.eFPGA_inst.vssd1 to eFPGA_top_i.eFPGA_inst.Tile_X7Y14_LUT4AB/vssd1…
[INFO] Made 1 connections.
Connecting power net eFPGA_top_i.eFPGA_inst.vccd1 to eFPGA_top_i.eFPGA_inst.Tile_X7Y15_S_term_single/vccd1…
[INFO] Made 1 connections.
Connecting ground net eFPGA_top_i.eFPGA_inst.vssd1 to eFPGA_top_i.eFPGA_inst.Tile_X7Y15_S_term_single/vssd1…
[INFO] Made 1 connections.
Connecting power net eFPGA_top_i.eFPGA_inst.vccd1 to eFPGA_top_i.eFPGA_inst.Tile_X7Y1_LUT4AB/vccd1…
[INFO] Made 1 connections.
Connecting ground net eFPGA_top_i.eFPGA_inst.vssd1 to eFPGA_top_i.eFPGA_inst.Tile_X7Y1_LUT4AB/vssd1…
[INFO] Made 1 connections.
Connecting power net eFPGA_top_i.eFPGA_inst.vccd1 to eFPGA_top_i.eFPGA_inst.Tile_X7Y2_LUT4AB/vccd1…
[INFO] Made 1 connections.
Connecting ground net eFPGA_top_i.eFPGA_inst.vssd1 to eFPGA_top_i.eFPGA_inst.Tile_X7Y2_LUT4AB/vssd1…
[INFO] Made 1 connections.
Connecting power net eFPGA_top_i.eFPGA_inst.vccd1 to eFPGA_top_i.eFPGA_inst.Tile_X7Y3_LUT4AB/vccd1…
[INFO] Made 1 connections.
Connecting ground net eFPGA_top_i.eFPGA_inst.vssd1 to eFPGA_top_i.eFPGA_inst.Tile_X7Y3_LUT4AB/vssd1…
[INFO] Made 1 connections.
Connecting power net eFPGA_top_i.eFPGA_inst.vccd1 to eFPGA_top_i.eFPGA_inst.Tile_X7Y4_LUT4AB/vccd1…
[INFO] Made 1 connections.
Connecting ground net eFPGA_top_i.eFPGA_inst.vssd1 to eFPGA_top_i.eFPGA_inst.Tile_X7Y4_LUT4AB/vssd1…
[INFO] Made 1 connections.
Connecting power net eFPGA_top_i.eFPGA_inst.vccd1 to eFPGA_top_i.eFPGA_inst.Tile_X7Y5_LUT4AB/vccd1…
[INFO] Made 1 connections.
Connecting ground net eFPGA_top_i.eFPGA_inst.vssd1 to eFPGA_top_i.eFPGA_inst.Tile_X7Y5_LUT4AB/vssd1…
[INFO] Made 1 connections.
Connecting power net eFPGA_top_i.eFPGA_inst.vccd1 to eFPGA_top_i.eFPGA_inst.Tile_X7Y6_LUT4AB/vccd1…
[INFO] Made 1 connections.
Connecting ground net eFPGA_top_i.eFPGA_inst.vssd1 to eFPGA_top_i.eFPGA_inst.Tile_X7Y6_LUT4AB/vssd1…
[INFO] Made 1 connections.
Connecting power net eFPGA_top_i.eFPGA_inst.vccd1 to eFPGA_top_i.eFPGA_inst.Tile_X7Y7_LUT4AB/vccd1…
[INFO] Made 1 connections.
Connecting ground net eFPGA_top_i.eFPGA_inst.vssd1 to eFPGA_top_i.eFPGA_inst.Tile_X7Y7_LUT4AB/vssd1…
[INFO] Made 1 connections.
Connecting power net eFPGA_top_i.eFPGA_inst.vccd1 to eFPGA_top_i.eFPGA_inst.Tile_X7Y8_LUT4AB/vccd1…
[INFO] Made 1 connections.
Connecting ground net eFPGA_top_i.eFPGA_inst.vssd1 to eFPGA_top_i.eFPGA_inst.Tile_X7Y8_LUT4AB/vssd1…
[INFO] Made 1 connections.
Connecting power net eFPGA_top_i.eFPGA_inst.vccd1 to eFPGA_top_i.eFPGA_inst.Tile_X7Y9_LUT4AB/vccd1…
[INFO] Made 1 connections.
Connecting ground net eFPGA_top_i.eFPGA_inst.vssd1 to eFPGA_top_i.eFPGA_inst.Tile_X7Y9_LUT4AB/vssd1…
[INFO] Made 1 connections.
Connecting power net eFPGA_top_i.eFPGA_inst.vccd1 to eFPGA_top_i.eFPGA_inst.Tile_X8Y0_N_term_single/vccd1…
[INFO] Made 1 connections.
Connecting ground net eFPGA_top_i.eFPGA_inst.vssd1 to eFPGA_top_i.eFPGA_inst.Tile_X8Y0_N_term_single/vssd1…
[INFO] Made 1 connections.
Connecting power net eFPGA_top_i.eFPGA_inst.vccd1 to eFPGA_top_i.eFPGA_inst.Tile_X8Y10_LUT4AB/vccd1…
[INFO] Made 1 connections.
Connecting ground net eFPGA_top_i.eFPGA_inst.vssd1 to eFPGA_top_i.eFPGA_inst.Tile_X8Y10_LUT4AB/vssd1…
[INFO] Made 1 connections.
Connecting power net eFPGA_top_i.eFPGA_inst.vccd1 to eFPGA_top_i.eFPGA_inst.Tile_X8Y11_LUT4AB/vccd1…
[INFO] Made 1 connections.
Connecting ground net eFPGA_top_i.eFPGA_inst.vssd1 to eFPGA_top_i.eFPGA_inst.Tile_X8Y11_LUT4AB/vssd1…
[INFO] Made 1 connections.
Connecting power net eFPGA_top_i.eFPGA_inst.vccd1 to eFPGA_top_i.eFPGA_inst.Tile_X8Y12_LUT4AB/vccd1…
[INFO] Made 1 connections.
Connecting ground net eFPGA_top_i.eFPGA_inst.vssd1 to eFPGA_top_i.eFPGA_inst.Tile_X8Y12_LUT4AB/vssd1…
[INFO] Made 1 connections.
Connecting power net eFPGA_top_i.eFPGA_inst.vccd1 to eFPGA_top_i.eFPGA_inst.Tile_X8Y13_LUT4AB/vccd1…
[INFO] Made 1 connections.
Connecting ground net eFPGA_top_i.eFPGA_inst.vssd1 to eFPGA_top_i.eFPGA_inst.Tile_X8Y13_LUT4AB/vssd1…
[INFO] Made 1 connections.
Connecting power net eFPGA_top_i.eFPGA_inst.vccd1 to eFPGA_top_i.eFPGA_inst.Tile_X8Y14_LUT4AB/vccd1…
[INFO] Made 1 connections.
Connecting ground net eFPGA_top_i.eFPGA_inst.vssd1 to eFPGA_top_i.eFPGA_inst.Tile_X8Y14_LUT4AB/vssd1…
[INFO] Made 1 connections.
Connecting power net eFPGA_top_i.eFPGA_inst.vccd1 to eFPGA_top_i.eFPGA_inst.Tile_X8Y15_S_term_single/vccd1…
[INFO] Made 1 connections.
Connecting ground net eFPGA_top_i.eFPGA_inst.vssd1 to eFPGA_top_i.eFPGA_inst.Tile_X8Y15_S_term_single/vssd1…
[INFO] Made 1 connections.
Connecting power net eFPGA_top_i.eFPGA_inst.vccd1 to eFPGA_top_i.eFPGA_inst.Tile_X8Y1_LUT4AB/vccd1…
[INFO] Made 1 connections.
Connecting ground net eFPGA_top_i.eFPGA_inst.vssd1 to eFPGA_top_i.eFPGA_inst.Tile_X8Y1_LUT4AB/vssd1…
[INFO] Made 1 connections.
Connecting power net eFPGA_top_i.eFPGA_inst.vccd1 to eFPGA_top_i.eFPGA_inst.Tile_X8Y2_LUT4AB/vccd1…
[INFO] Made 1 connections.
Connecting ground net eFPGA_top_i.eFPGA_inst.vssd1 to eFPGA_top_i.eFPGA_inst.Tile_X8Y2_LUT4AB/vssd1…
[INFO] Made 1 connections.
Connecting power net eFPGA_top_i.eFPGA_inst.vccd1 to eFPGA_top_i.eFPGA_inst.Tile_X8Y3_LUT4AB/vccd1…
[INFO] Made 1 connections.
Connecting ground net eFPGA_top_i.eFPGA_inst.vssd1 to eFPGA_top_i.eFPGA_inst.Tile_X8Y3_LUT4AB/vssd1…
[INFO] Made 1 connections.
Connecting power net eFPGA_top_i.eFPGA_inst.vccd1 to eFPGA_top_i.eFPGA_inst.Tile_X8Y4_LUT4AB/vccd1…
[INFO] Made 1 connections.
Connecting ground net eFPGA_top_i.eFPGA_inst.vssd1 to eFPGA_top_i.eFPGA_inst.Tile_X8Y4_LUT4AB/vssd1…
[INFO] Made 1 connections.
Connecting power net eFPGA_top_i.eFPGA_inst.vccd1 to eFPGA_top_i.eFPGA_inst.Tile_X8Y5_LUT4AB/vccd1…
[INFO] Made 1 connections.
Connecting ground net eFPGA_top_i.eFPGA_inst.vssd1 to eFPGA_top_i.eFPGA_inst.Tile_X8Y5_LUT4AB/vssd1…
[INFO] Made 1 connections.
Connecting power net eFPGA_top_i.eFPGA_inst.vccd1 to eFPGA_top_i.eFPGA_inst.Tile_X8Y6_LUT4AB/vccd1…
[INFO] Made 1 connections.
Connecting ground net eFPGA_top_i.eFPGA_inst.vssd1 to eFPGA_top_i.eFPGA_inst.Tile_X8Y6_LUT4AB/vssd1…
[INFO] Made 1 connections.
Connecting power net eFPGA_top_i.eFPGA_inst.vccd1 to eFPGA_top_i.eFPGA_inst.Tile_X8Y7_LUT4AB/vccd1…
[INFO] Made 1 connections.
Connecting ground net eFPGA_top_i.eFPGA_inst.vssd1 to eFPGA_top_i.eFPGA_inst.Tile_X8Y7_LUT4AB/vssd1…
[INFO] Made 1 connections.
Connecting power net eFPGA_top_i.eFPGA_inst.vccd1 to eFPGA_top_i.eFPGA_inst.Tile_X8Y8_LUT4AB/vccd1…
[INFO] Made 1 connections.
Connecting ground net eFPGA_top_i.eFPGA_inst.vssd1 to eFPGA_top_i.eFPGA_inst.Tile_X8Y8_LUT4AB/vssd1…
[INFO] Made 1 connections.
Connecting power net eFPGA_top_i.eFPGA_inst.vccd1 to eFPGA_top_i.eFPGA_inst.Tile_X8Y9_LUT4AB/vccd1…
[INFO] Made 1 connections.
Connecting ground net eFPGA_top_i.eFPGA_inst.vssd1 to eFPGA_top_i.eFPGA_inst.Tile_X8Y9_LUT4AB/vssd1…
[INFO] Made 1 connections.
Connecting power net eFPGA_top_i.eFPGA_inst.vccd1 to eFPGA_top_i.eFPGA_inst.Tile_X9Y0_N_term_RAM_IO/VPWR…
[INFO] Made 1 connections.
Connecting ground net eFPGA_top_i.eFPGA_inst.vssd1 to eFPGA_top_i.eFPGA_inst.Tile_X9Y0_N_term_RAM_IO/VGND…
[INFO] Made 1 connections.
Connecting power net eFPGA_top_i.eFPGA_inst.vccd1 to eFPGA_top_i.eFPGA_inst.Tile_X9Y10_RAM_IO/VPWR…
[INFO] Made 1 connections.
Connecting ground net eFPGA_top_i.eFPGA_inst.vssd1 to eFPGA_top_i.eFPGA_inst.Tile_X9Y10_RAM_IO/VGND…
[INFO] Made 1 connections.
Connecting power net eFPGA_top_i.eFPGA_inst.vccd1 to eFPGA_top_i.eFPGA_inst.Tile_X9Y11_RAM_IO/VPWR…
[INFO] Made 1 connections.
Connecting ground net eFPGA_top_i.eFPGA_inst.vssd1 to eFPGA_top_i.eFPGA_inst.Tile_X9Y11_RAM_IO/VGND…
[INFO] Made 1 connections.
Connecting power net eFPGA_top_i.eFPGA_inst.vccd1 to eFPGA_top_i.eFPGA_inst.Tile_X9Y12_RAM_IO/VPWR…
[INFO] Made 1 connections.
Connecting ground net eFPGA_top_i.eFPGA_inst.vssd1 to eFPGA_top_i.eFPGA_inst.Tile_X9Y12_RAM_IO/VGND…
[INFO] Made 1 connections.
Connecting power net eFPGA_top_i.eFPGA_inst.vccd1 to eFPGA_top_i.eFPGA_inst.Tile_X9Y13_RAM_IO/VPWR…
[INFO] Made 1 connections.
Connecting ground net eFPGA_top_i.eFPGA_inst.vssd1 to eFPGA_top_i.eFPGA_inst.Tile_X9Y13_RAM_IO/VGND…
[INFO] Made 1 connections.
Connecting power net eFPGA_top_i.eFPGA_inst.vccd1 to eFPGA_top_i.eFPGA_inst.Tile_X9Y14_RAM_IO/VPWR…
[INFO] Made 1 connections.
Connecting ground net eFPGA_top_i.eFPGA_inst.vssd1 to eFPGA_top_i.eFPGA_inst.Tile_X9Y14_RAM_IO/VGND…
[INFO] Made 1 connections.
Connecting power net eFPGA_top_i.eFPGA_inst.vccd1 to eFPGA_top_i.eFPGA_inst.Tile_X9Y15_S_term_RAM_IO/VPWR…
[INFO] Made 1 connections.
Connecting ground net eFPGA_top_i.eFPGA_inst.vssd1 to eFPGA_top_i.eFPGA_inst.Tile_X9Y15_S_term_RAM_IO/VGND…
[INFO] Made 1 connections.
Connecting power net eFPGA_top_i.eFPGA_inst.vccd1 to eFPGA_top_i.eFPGA_inst.Tile_X9Y1_RAM_IO/VPWR…
[INFO] Made 1 connections.
Connecting ground net eFPGA_top_i.eFPGA_inst.vssd1 to eFPGA_top_i.eFPGA_inst.Tile_X9Y1_RAM_IO/VGND…
[INFO] Made 1 connections.
Connecting power net eFPGA_top_i.eFPGA_inst.vccd1 to eFPGA_top_i.eFPGA_inst.Tile_X9Y2_RAM_IO/VPWR…
[INFO] Made 1 connections.
Connecting ground net eFPGA_top_i.eFPGA_inst.vssd1 to eFPGA_top_i.eFPGA_inst.Tile_X9Y2_RAM_IO/VGND…
[INFO] Made 1 connections.
Connecting power net eFPGA_top_i.eFPGA_inst.vccd1 to eFPGA_top_i.eFPGA_inst.Tile_X9Y3_RAM_IO/VPWR…
[INFO] Made 1 connections.
Connecting ground net eFPGA_top_i.eFPGA_inst.vssd1 to eFPGA_top_i.eFPGA_inst.Tile_X9Y3_RAM_IO/VGND…
[INFO] Made 1 connections.
Connecting power net eFPGA_top_i.eFPGA_inst.vccd1 to eFPGA_top_i.eFPGA_inst.Tile_X9Y4_RAM_IO/VPWR…
[INFO] Made 1 connections.
Connecting ground net eFPGA_top_i.eFPGA_inst.vssd1 to eFPGA_top_i.eFPGA_inst.Tile_X9Y4_RAM_IO/VGND…
[INFO] Made 1 connections.
Connecting power net eFPGA_top_i.eFPGA_inst.vccd1 to eFPGA_top_i.eFPGA_inst.Tile_X9Y5_RAM_IO/VPWR…
[INFO] Made 1 connections.
Connecting ground net eFPGA_top_i.eFPGA_inst.vssd1 to eFPGA_top_i.eFPGA_inst.Tile_X9Y5_RAM_IO/VGND…
[INFO] Made 1 connections.
Connecting power net eFPGA_top_i.eFPGA_inst.vccd1 to eFPGA_top_i.eFPGA_inst.Tile_X9Y6_RAM_IO/VPWR…
[INFO] Made 1 connections.
Connecting ground net eFPGA_top_i.eFPGA_inst.vssd1 to eFPGA_top_i.eFPGA_inst.Tile_X9Y6_RAM_IO/VGND…
[INFO] Made 1 connections.
Connecting power net eFPGA_top_i.eFPGA_inst.vccd1 to eFPGA_top_i.eFPGA_inst.Tile_X9Y7_RAM_IO/VPWR…
[INFO] Made 1 connections.
Connecting ground net eFPGA_top_i.eFPGA_inst.vssd1 to eFPGA_top_i.eFPGA_inst.Tile_X9Y7_RAM_IO/VGND…
[INFO] Made 1 connections.
Connecting power net eFPGA_top_i.eFPGA_inst.vccd1 to eFPGA_top_i.eFPGA_inst.Tile_X9Y8_RAM_IO/VPWR…
[INFO] Made 1 connections.
Connecting ground net eFPGA_top_i.eFPGA_inst.vssd1 to eFPGA_top_i.eFPGA_inst.Tile_X9Y8_RAM_IO/VGND…
[INFO] Made 1 connections.
Connecting power net eFPGA_top_i.eFPGA_inst.vccd1 to eFPGA_top_i.eFPGA_inst.Tile_X9Y9_RAM_IO/VPWR…
[INFO] Made 1 connections.
Connecting ground net eFPGA_top_i.eFPGA_inst.vssd1 to eFPGA_top_i.eFPGA_inst.Tile_X9Y9_RAM_IO/VGND…
[INFO] Made 1 connections.
