┏━━━━━━━┳━━━━━━━━━━┳━━━━━━━━━━┳━━━━━━━━━━━━━━━━━━━━━━━━━━━━━━━━━━━━━━━━━━━━━━━━━━━┳━━━━━━━━━━━━━━━━━━━━━━━━━━━━━━━━━━━━━━━━━━━━━━━━━━━━━━━┳━━━━━━━┓
┃ P / R ┃ Partial  ┃ Required ┃ Net                                               ┃ Pin                                                   ┃ Layer ┃
┡━━━━━━━╇━━━━━━━━━━╇━━━━━━━━━━╇━━━━━━━━━━━━━━━━━━━━━━━━━━━━━━━━━━━━━━━━━━━━━━━━━━━╇━━━━━━━━━━━━━━━━━━━━━━━━━━━━━━━━━━━━━━━━━━━━━━━━━━━━━━━╇━━━━━━━┩
│ 43.98 │ 17593.57 │ 400.00   │ eFPGA_top_i.eFPGA_inst.Tile_X9Y11_WW4BEG[10\]     │ eFPGA_top_i.eFPGA_inst.Tile_X8Y11_LUT4AB/WW4END[10]   │ met3  │
│ 41.03 │ 16411.68 │ 400.00   │ eFPGA_top_i.eFPGA_inst.Tile_X9Y10_W6BEG[0\]       │ eFPGA_top_i.eFPGA_inst.Tile_X8Y10_LUT4AB/W6END[0]     │ met3  │
│ 33.50 │ 13399.82 │ 400.00   │ eFPGA_top_i.eFPGA_inst.Tile_X4Y2_NN4BEG[10\]      │ eFPGA_top_i.eFPGA_inst.Tile_X4Y1_LUT4AB/NN4END[10]    │ met3  │
│ 23.47 │ 9388.34  │ 400.00   │ eFPGA_top_i.eFPGA_inst.Tile_X4Y2_N4BEG[10\]       │ eFPGA_top_i.eFPGA_inst.Tile_X4Y1_LUT4AB/N4END[10]     │ met3  │
│ 23.44 │ 9376.34  │ 400.00   │ eFPGA_top_i.eFPGA_inst.Tile_X4Y1_S1BEG[2\]        │ eFPGA_top_i.eFPGA_inst.Tile_X4Y2_LUT4AB/S1END[2]      │ met3  │
│ 23.32 │ 9329.58  │ 400.00   │ eFPGA_top_i.eFPGA_inst.Tile_X8Y13_E6BEG[0\]       │ eFPGA_top_i.eFPGA_inst.Tile_X9Y13_RAM_IO/E6END[0]     │ met4  │
│ 23.27 │ 9308.96  │ 400.00   │ eFPGA_top_i.eFPGA_inst.Tile_X4Y1_S2BEG[0\]        │ eFPGA_top_i.eFPGA_inst.Tile_X4Y2_LUT4AB/S2MID[0]      │ met3  │
│ 21.09 │ 8437.54  │ 400.00   │ eFPGA_top_i.eFPGA_inst.Tile_X9Y11_W6BEG[5\]       │ eFPGA_top_i.eFPGA_inst.Tile_X8Y11_LUT4AB/W6END[5]     │ met3  │
│ 18.26 │ 7304.45  │ 400.00   │ eFPGA_top_i.eFPGA_inst.Tile_X8Y13_E1BEG[1\]       │ eFPGA_top_i.eFPGA_inst.Tile_X9Y13_RAM_IO/E1END[1]     │ met4  │
│ 18.06 │ 7225.16  │ 400.00   │ eFPGA_top_i.eFPGA_inst.Tile_X7Y1_S4BEG[11\]       │ eFPGA_top_i.eFPGA_inst.Tile_X7Y2_LUT4AB/S4END[11]     │ met3  │
│ 18.01 │ 7202.69  │ 400.00   │ eFPGA_top_i.eFPGA_inst.Tile_X8Y2_EE4BEG[11\]      │ eFPGA_top_i.eFPGA_inst.Tile_X9Y2_RAM_IO/EE4END[11]    │ met4  │
│ 17.05 │ 6820.96  │ 400.00   │ eFPGA_top_i.eFPGA_inst.Tile_X9Y4_W6BEG[0\]        │ eFPGA_top_i.eFPGA_inst.Tile_X8Y4_LUT4AB/W6END[0]      │ met4  │
│ 16.60 │ 6639.55  │ 400.00   │ eFPGA_top_i.eFPGA_inst.Tile_X9Y10_W6BEG[0\]       │ eFPGA_top_i.eFPGA_inst.Tile_X8Y10_LUT4AB/W6END[0]     │ met4  │
│ 15.62 │ 6247.57  │ 400.00   │ eFPGA_top_i.eFPGA_inst.Tile_X7Y1_SS4BEG[11\]      │ eFPGA_top_i.eFPGA_inst.Tile_X7Y2_LUT4AB/SS4END[11]    │ met3  │
│ 14.88 │ 5950.31  │ 400.00   │ eFPGA_top_i.eFPGA_inst.Tile_X2Y1_S2BEG[6\]        │ eFPGA_top_i.eFPGA_inst.Tile_X2Y2_LUT4AB/S2MID[6]      │ met3  │
│ 13.81 │ 5522.81  │ 400.00   │ eFPGA_top_i.eFPGA_inst.Tile_X9Y11_WW4BEG[10\]     │ eFPGA_top_i.eFPGA_inst.Tile_X8Y11_LUT4AB/WW4END[10]   │ met4  │
│ 12.96 │ 5182.12  │ 400.00   │ eFPGA_top_i.eFPGA_inst.Tile_X9Y4_W6BEG[0\]        │ eFPGA_top_i.eFPGA_inst.Tile_X8Y4_LUT4AB/W6END[0]      │ met3  │
│ 12.90 │ 5158.23  │ 400.00   │ eFPGA_top_i.eFPGA_inst.Tile_X8Y13_E6BEG[0\]       │ eFPGA_top_i.eFPGA_inst.Tile_X9Y13_RAM_IO/E6END[0]     │ met3  │
│ 12.50 │ 5000.97  │ 400.00   │ eFPGA_top_i.eFPGA_inst.Tile_X4Y1_SS4BEG[12\]      │ eFPGA_top_i.eFPGA_inst.Tile_X4Y2_LUT4AB/SS4END[12]    │ met2  │
│ 11.17 │ 4466.69  │ 400.00   │ eFPGA_top_i.eFPGA_inst.Tile_X1Y1_S4BEG[13\]       │ eFPGA_top_i.eFPGA_inst.Tile_X1Y2_LUT4AB/S4END[13]     │ met3  │
│ 10.91 │ 4362.46  │ 400.00   │ eFPGA_top_i.eFPGA_inst.Tile_X9Y3_W6BEG[10\]       │ eFPGA_top_i.eFPGA_inst.Tile_X8Y3_LUT4AB/W6END[10]     │ met3  │
│ 10.07 │ 4027.39  │ 400.00   │ eFPGA_top_i.eFPGA_inst.Tile_X4Y2_N4BEG[10\]       │ eFPGA_top_i.eFPGA_inst.Tile_X4Y1_LUT4AB/N4END[10]     │ met2  │
│ 9.27  │ 3709.08  │ 400.00   │ eFPGA_top_i.eFPGA_inst.Tile_X8Y13_E1BEG[1\]       │ eFPGA_top_i.eFPGA_inst.Tile_X9Y13_RAM_IO/E1END[1]     │ met3  │
│ 9.04  │ 3617.92  │ 400.00   │ eFPGA_top_i.eFPGA_inst.Tile_X1Y1_S2BEG[6\]        │ eFPGA_top_i.eFPGA_inst.Tile_X1Y2_LUT4AB/S2MID[6]      │ met3  │
│ 8.89  │ 3556.52  │ 400.00   │ eFPGA_top_i.eFPGA_inst.Tile_X7Y2_Co               │ eFPGA_top_i.eFPGA_inst.Tile_X7Y1_LUT4AB/Ci            │ met3  │
│ 8.89  │ 3556.40  │ 400.00   │ eFPGA_top_i.eFPGA_inst.Tile_X9Y11_W6BEG[5\]       │ eFPGA_top_i.eFPGA_inst.Tile_X8Y11_LUT4AB/W6END[5]     │ met4  │
│ 8.78  │ 3512.26  │ 400.00   │ eFPGA_top_i.eFPGA_inst.Tile_X8Y7_EE4BEG[10\]      │ eFPGA_top_i.eFPGA_inst.Tile_X9Y7_RAM_IO/EE4END[10]    │ met3  │
│ 8.24  │ 3296.56  │ 400.00   │ eFPGA_top_i.eFPGA_inst.Tile_X1Y1_S1BEG[1\]        │ eFPGA_top_i.eFPGA_inst.Tile_X1Y2_LUT4AB/S1END[1]      │ met3  │
│ 6.85  │ 2741.74  │ 400.00   │ eFPGA_top_i.eFPGA_inst.Tile_X8Y14_E2BEG[1\]       │ eFPGA_top_i.eFPGA_inst.Tile_X9Y14_RAM_IO/E2MID[1]     │ met4  │
│ 6.34  │ 2537.71  │ 400.00   │ eFPGA_top_i.eFPGA_inst.Tile_X8Y5_E1BEG[1\]        │ eFPGA_top_i.eFPGA_inst.Tile_X9Y5_RAM_IO/E1END[1]      │ met3  │
│ 6.20  │ 2480.97  │ 400.00   │ eFPGA_top_i.eFPGA_inst.Tile_X1Y1_SS4BEG[10\]      │ eFPGA_top_i.eFPGA_inst.Tile_X1Y2_LUT4AB/SS4END[10]    │ met2  │
│ 5.21  │ 2084.40  │ 400.00   │ eFPGA_top_i.eFPGA_inst.Tile_X2Y2_NN4BEG[4\]       │ eFPGA_top_i.eFPGA_inst.Tile_X2Y1_LUT4AB/NN4END[4]     │ met3  │
│ 4.63  │ 1850.97  │ 400.00   │ eFPGA_top_i.LocalWriteData[15\]                   │ _1058_/A1                                             │ met2  │
│ 3.86  │ 1545.04  │ 400.00   │ eFPGA_top_i.eFPGA_inst.Tile_X8Y1_EE4BEG[4\]       │ eFPGA_top_i.eFPGA_inst.Tile_X9Y1_RAM_IO/EE4END[4]     │ met4  │
│ 3.83  │ 1532.02  │ 400.00   │ eFPGA_top_i.eFPGA_inst.Tile_X8Y14_E6BEG[4\]       │ eFPGA_top_i.eFPGA_inst.Tile_X9Y14_RAM_IO/E6END[4]     │ met3  │
│ 3.20  │ 1281.68  │ 400.00   │ eFPGA_top_i.FrameData[268\]                       │ _0955_/A0                                             │ met2  │
│ 3.16  │ 1263.70  │ 400.00   │ eFPGA_top_i.eFPGA_inst.Tile_X8Y8_E1BEG[1\]        │ eFPGA_top_i.eFPGA_inst.Tile_X9Y8_RAM_IO/E1END[1]      │ met4  │
│ 3.15  │ 1259.06  │ 400.00   │ net246                                            │ _0771_/A1                                             │ met2  │
│ 3.15  │ 1259.06  │ 400.00   │ net246                                            │ _0874_/A0                                             │ met2  │
│ 3.15  │ 1259.06  │ 400.00   │ net246                                            │ _0908_/A1                                             │ met2  │
│ 3.15  │ 1259.06  │ 400.00   │ net246                                            │ _0941_/A1                                             │ met2  │
│ 3.15  │ 1259.06  │ 400.00   │ net246                                            │ _0974_/A1                                             │ met2  │
│ 3.15  │ 1259.06  │ 400.00   │ net246                                            │ _1008_/A0                                             │ met2  │
│ 3.15  │ 1259.06  │ 400.00   │ net246                                            │ _1041_/A1                                             │ met2  │
│ 2.98  │ 1190.55  │ 400.00   │ eFPGA_top_i.FrameData[206\]                       │ _1024_/A0                                             │ met2  │
│ 2.97  │ 1186.67  │ 400.00   │ eFPGA_top_i.eFPGA_inst.Tile_X8Y7_E1BEG[0\]        │ eFPGA_top_i.eFPGA_inst.Tile_X9Y7_RAM_IO/E1END[0]      │ met3  │
│ 2.88  │ 1151.76  │ 400.00   │ eFPGA_top_i.eFPGA_inst.Tile_X9Y3_W6BEG[10\]       │ eFPGA_top_i.eFPGA_inst.Tile_X8Y3_LUT4AB/W6END[10]     │ met4  │
│ 2.81  │ 1125.81  │ 400.00   │ eFPGA_top_i.FrameAddressRegister[17\]             │ _0541_/A                                              │ met1  │
│ 2.81  │ 1123.42  │ 400.00   │ eFPGA_top_i.eFPGA_inst.Tile_X9Y4_W6BEG[5\]        │ eFPGA_top_i.eFPGA_inst.Tile_X8Y4_LUT4AB/W6END[5]      │ met3  │
│ 2.74  │ 1094.60  │ 400.00   │ eFPGA_top_i.eFPGA_inst.Tile_X8Y12_EE4BEG[12\]     │ eFPGA_top_i.eFPGA_inst.Tile_X9Y12_RAM_IO/EE4END[12]   │ met3  │
│ 2.72  │ 7944.31  │ 2918.08  │ eFPGA_top_i.eFPGA_inst.Tile_X8Y7_EE4BEG[10\]      │ eFPGA_top_i.eFPGA_inst.Tile_X9Y7_RAM_IO/EE4END[10]    │ met4  │
│ 2.63  │ 1050.63  │ 400.00   │ eFPGA_top_i.eFPGA_inst.Tile_X4Y2_N4BEG[5\]        │ eFPGA_top_i.eFPGA_inst.Tile_X4Y1_LUT4AB/N4END[5]      │ met3  │
│ 2.58  │ 1033.77  │ 400.00   │ eFPGA_top_i.eFPGA_inst.Tile_X8Y1_EE4BEG[10\]      │ eFPGA_top_i.eFPGA_inst.Tile_X9Y1_RAM_IO/EE4END[10]    │ met4  │
│ 2.50  │ 999.02   │ 400.00   │ eFPGA_top_i.FrameData[359\]                       │ _0850_/A1                                             │ met2  │
│ 2.32  │ 928.04   │ 400.00   │ eFPGA_top_i.eFPGA_inst.Tile_X9Y7_W2BEGb[6\]       │ eFPGA_top_i.eFPGA_inst.Tile_X8Y7_LUT4AB/W2END[6]      │ met3  │
│ 2.26  │ 904.55   │ 400.00   │ eFPGA_top_i.eFPGA_inst.Tile_X8Y5_E2BEGb[6\]       │ eFPGA_top_i.eFPGA_inst.Tile_X9Y5_RAM_IO/E2END[6]      │ met4  │
│ 2.12  │ 848.37   │ 400.00   │ net289                                            │ eFPGA_top_i.eFPGA_Config_inst/SelfWriteData[18]       │ met3  │
│ 2.10  │ 841.39   │ 400.00   │ eFPGA_top_i.eFPGA_inst.Tile_X8Y12_E6BEG[3\]       │ eFPGA_top_i.eFPGA_inst.Tile_X9Y12_RAM_IO/E6END[3]     │ met3  │
│ 2.10  │ 839.66   │ 400.00   │ eFPGA_top_i.eFPGA_inst.Tile_X4Y1_S1BEG[1\]        │ eFPGA_top_i.eFPGA_inst.Tile_X4Y2_LUT4AB/S1END[1]      │ met3  │
│ 2.07  │ 826.02   │ 400.00   │ eFPGA_top_i.FrameData[328\]                       │ _0748_/A0                                             │ met2  │
│ 2.06  │ 824.41   │ 400.00   │ eFPGA_top_i.eFPGA_inst.Tile_X7Y1_SS4BEG[11\]      │ eFPGA_top_i.eFPGA_inst.Tile_X7Y2_LUT4AB/SS4END[11]    │ met2  │
│ 2.04  │ 815.97   │ 400.00   │ eFPGA_top_i.FrameData[160\]                       │ _1043_/A0                                             │ met2  │
│ 2.01  │ 804.29   │ 400.00   │ net266                                            │ _0788_/A1                                             │ met2  │
│ 2.01  │ 804.29   │ 400.00   │ net266                                            │ _0856_/A0                                             │ met2  │
│ 2.01  │ 802.40   │ 400.00   │ eFPGA_top_i.eFPGA_inst.Tile_X2Y2_NN4BEG[4\]       │ eFPGA_top_i.eFPGA_inst.Tile_X2Y1_LUT4AB/NN4END[4]     │ met2  │
│ 2.01  │ 802.06   │ 400.00   │ eFPGA_top_i.eFPGA_inst.Tile_X2Y2_N4BEG[10\]       │ eFPGA_top_i.eFPGA_inst.Tile_X2Y1_LUT4AB/N4END[10]     │ met2  │
│ 2.00  │ 798.12   │ 400.00   │ eFPGA_top_i.eFPGA_inst.Tile_X1Y1_S4BEG[13\]       │ eFPGA_top_i.eFPGA_inst.Tile_X1Y2_LUT4AB/S4END[13]     │ met2  │
│ 1.99  │ 797.77   │ 400.00   │ eFPGA_top_i.eFPGA_inst.Tile_X7Y1_S4BEG[11\]       │ eFPGA_top_i.eFPGA_inst.Tile_X7Y2_LUT4AB/S4END[11]     │ met2  │
│ 1.99  │ 797.41   │ 400.00   │ eFPGA_top_i.eFPGA_inst.Tile_X7Y2_Co               │ eFPGA_top_i.eFPGA_inst.Tile_X7Y1_LUT4AB/Ci            │ met2  │
│ 1.99  │ 797.15   │ 400.00   │ eFPGA_top_i.eFPGA_inst.Tile_X4Y2_NN4BEG[10\]      │ eFPGA_top_i.eFPGA_inst.Tile_X4Y1_LUT4AB/NN4END[10]    │ met2  │
│ 1.95  │ 5421.22  │ 2773.88  │ eFPGA_top_i.eFPGA_inst.Tile_X8Y8_E1BEG[2\]        │ ANTENNA_753/DIODE                                     │ met2  │
│ 1.91  │ 765.47   │ 400.00   │ eFPGA_top_i.LocalWriteData[4\]                    │ _1080_/A1                                             │ met2  │
│ 1.91  │ 762.92   │ 400.00   │ eFPGA_top_i.eFPGA_inst.Tile_X2Y1_S2BEG[6\]        │ eFPGA_top_i.eFPGA_inst.Tile_X2Y2_LUT4AB/S2MID[6]      │ met2  │
│ 1.90  │ 761.27   │ 400.00   │ eFPGA_top_i.eFPGA_inst.Tile_X1Y2_N2BEG[6\]        │ eFPGA_top_i.eFPGA_inst.Tile_X1Y1_LUT4AB/N2MID[6]      │ met2  │
│ 1.90  │ 760.76   │ 400.00   │ net258                                            │ _0760_/A1                                             │ met2  │
│ 1.90  │ 760.76   │ 400.00   │ net258                                            │ _0863_/A0                                             │ met2  │
│ 1.90  │ 760.76   │ 400.00   │ net258                                            │ _0930_/A1                                             │ met2  │
│ 1.90  │ 760.76   │ 400.00   │ net258                                            │ _0963_/A1                                             │ met2  │
│ 1.89  │ 757.99   │ 400.00   │ eFPGA_top_i.eFPGA_inst.Tile_X1Y1_S1BEG[1\]        │ eFPGA_top_i.eFPGA_inst.Tile_X1Y2_LUT4AB/S1END[1]      │ met2  │
│ 1.88  │ 750.86   │ 400.00   │ eFPGA_top_i.eFPGA_inst.Tile_X8Y6_E6BEG[11\]       │ eFPGA_top_i.eFPGA_inst.Tile_X9Y6_RAM_IO/E6END[11]     │ met3  │
│ 1.87  │ 748.70   │ 400.00   │ eFPGA_top_i.eFPGA_inst.Tile_X8Y9_E2BEG[1\]        │ eFPGA_top_i.eFPGA_inst.Tile_X9Y9_RAM_IO/E2MID[1]      │ met3  │
│ 1.86  │ 743.82   │ 400.00   │ eFPGA_top_i.eFPGA_inst.Tile_X8Y1_EE4BEG[10\]      │ eFPGA_top_i.eFPGA_inst.Tile_X9Y1_RAM_IO/EE4END[10]    │ met3  │
│ 1.86  │ 742.23   │ 400.00   │ eFPGA_top_i.eFPGA_inst.Tile_X2Y2_N2BEG[6\]        │ eFPGA_top_i.eFPGA_inst.Tile_X2Y1_LUT4AB/N2MID[6]      │ met2  │
│ 1.85  │ 739.93   │ 400.00   │ eFPGA_top_i.eFPGA_inst.Tile_X2Y2_N4BEG[0\]        │ eFPGA_top_i.eFPGA_inst.Tile_X2Y1_LUT4AB/N4END[0]      │ met2  │
│ 1.85  │ 738.20   │ 400.00   │ eFPGA_top_i.eFPGA_inst.Tile_X4Y1_S2BEG[0\]        │ eFPGA_top_i.eFPGA_inst.Tile_X4Y2_LUT4AB/S2MID[0]      │ met2  │
│ 1.84  │ 736.30   │ 400.00   │ eFPGA_top_i.eFPGA_inst.Tile_X1Y1_S2BEG[6\]        │ eFPGA_top_i.eFPGA_inst.Tile_X1Y2_LUT4AB/S2MID[6]      │ met2  │
│ 1.84  │ 5441.14  │ 2956.40  │ _0211_                                            │ _1418_/D                                              │ met4  │
│ 1.84  │ 735.90   │ 400.00   │ eFPGA_top_i.eFPGA_inst.Tile_X4Y1_S1BEG[2\]        │ eFPGA_top_i.eFPGA_inst.Tile_X4Y2_LUT4AB/S1END[2]      │ met2  │
│ 1.84  │ 735.69   │ 400.00   │ eFPGA_top_i.FrameData[351\]                       │ _0771_/A0                                             │ met2  │
│ 1.81  │ 724.92   │ 400.00   │ eFPGA_top_i.eFPGA_inst.Tile_X9Y3_W2BEGb[0\]       │ eFPGA_top_i.eFPGA_inst.Tile_X8Y3_LUT4AB/W2END[0]      │ met3  │
│ 1.78  │ 5265.90  │ 2956.40  │ _0403_                                            │ _1610_/D                                              │ met4  │
│ 1.75  │ 701.23   │ 400.00   │ eFPGA_top_i.eFPGA_inst.Tile_X8Y12_EE4BEG[11\]     │ eFPGA_top_i.eFPGA_inst.Tile_X9Y12_RAM_IO/EE4END[11]   │ met3  │
│ 1.75  │ 5178.29  │ 2956.40  │ _0123_                                            │ _1330_/D                                              │ met4  │
│ 1.75  │ 699.85   │ 400.00   │ eFPGA_top_i.eFPGA_inst.Tile_X8Y14_E2BEG[1\]       │ eFPGA_top_i.eFPGA_inst.Tile_X9Y14_RAM_IO/E2MID[1]     │ met3  │
│ 1.74  │ 697.36   │ 400.00   │ eFPGA_top_i.FrameData[392\]                       │ _0817_/A0                                             │ met2  │
│ 1.72  │ 687.80   │ 400.00   │ eFPGA_top_i.eFPGA_inst.Tile_X8Y9_E1BEG[1\]        │ eFPGA_top_i.eFPGA_inst.Tile_X9Y9_RAM_IO/E1END[1]      │ met3  │
│ 1.69  │ 5003.05  │ 2956.40  │ _0407_                                            │ _1614_/D                                              │ met4  │
│ 1.69  │ 674.14   │ 400.00   │ eFPGA_top_i.FrameData[107\]                       │ _1120_/A1                                             │ met2  │
│ 1.66  │ 4613.52  │ 2773.88  │ eFPGA_top_i.eFPGA_inst.Tile_X9Y9_W2BEGb[5\]       │ ANTENNA_785/DIODE                                     │ met2  │
│ 1.62  │ 646.89   │ 400.00   │ net268                                            │ _0751_/A1                                             │ met2  │
│ 1.62  │ 646.89   │ 400.00   │ net268                                            │ _0820_/A1                                             │ met2  │
│ 1.62  │ 646.89   │ 400.00   │ net268                                            │ _0854_/A0                                             │ met2  │
│ 1.62  │ 646.89   │ 400.00   │ net268                                            │ _0921_/A1                                             │ met2  │
│ 1.60  │ 638.21   │ 400.00   │ eFPGA_top_i.eFPGA_inst.Tile_X8Y5_E2BEGb[6\]       │ eFPGA_top_i.eFPGA_inst.Tile_X9Y5_RAM_IO/E2END[6]      │ met3  │
│ 1.58  │ 4389.71  │ 2778.20  │ _0165_                                            │ _1372_/D                                              │ met4  │
│ 1.58  │ 631.85   │ 400.00   │ eFPGA_top_i.eFPGA_inst.Tile_X8Y9_E1BEG[1\]        │ eFPGA_top_i.eFPGA_inst.Tile_X9Y9_RAM_IO/E1END[1]      │ met4  │
│ 1.55  │ 619.62   │ 400.00   │ eFPGA_top_i.eFPGA_inst.Tile_X9Y12_W2BEGb[2\]      │ eFPGA_top_i.eFPGA_inst.Tile_X8Y12_LUT4AB/W2END[2]     │ met3  │
│ 1.49  │ 4126.86  │ 2778.20  │ _0117_                                            │ _1324_/D                                              │ met4  │
│ 1.49  │ 4126.86  │ 2778.20  │ _0356_                                            │ _1563_/D                                              │ met4  │
│ 1.48  │ 593.50   │ 400.00   │ eFPGA_top_i.eFPGA_inst.Tile_X8Y10_E6BEG[3\]       │ eFPGA_top_i.eFPGA_inst.Tile_X9Y10_RAM_IO/E6END[3]     │ met3  │
│ 1.48  │ 593.26   │ 400.00   │ eFPGA_top_i.eFPGA_inst.Tile_X8Y1_FrameData_O[12\] │ eFPGA_top_i.eFPGA_inst.Tile_X9Y1_RAM_IO/FrameData[12] │ met4  │
│ 1.47  │ 589.20   │ 400.00   │ eFPGA_top_i.FrameData[256\]                       │ _0943_/A0                                             │ met2  │
│ 1.47  │ 588.24   │ 400.00   │ eFPGA_top_i.eFPGA_inst.Tile_X8Y5_E6BEG[0\]        │ eFPGA_top_i.eFPGA_inst.Tile_X9Y5_RAM_IO/E6END[0]      │ met3  │
│ 1.42  │ 567.57   │ 400.00   │ eFPGA_top_i.eFPGA_inst.Tile_X1Y1_SS4BEG[10\]      │ eFPGA_top_i.eFPGA_inst.Tile_X1Y2_LUT4AB/SS4END[10]    │ met3  │
│ 1.42  │ 567.45   │ 400.00   │ net271                                            │ eFPGA_top_i.eFPGA_Config_inst/SelfWriteData[0]        │ met3  │
│ 1.41  │ 3918.42  │ 2778.20  │ eFPGA_top_i.eFPGA_inst.Tile_X8Y5_E6BEG[0\]        │ eFPGA_top_i.eFPGA_inst.Tile_X9Y5_RAM_IO/E6END[0]      │ met4  │
│ 1.40  │ 4126.86  │ 2956.40  │ _0336_                                            │ _1543_/D                                              │ met4  │
│ 1.38  │ 552.63   │ 400.00   │ eFPGA_top_i.FrameData[271\]                       │ _0958_/A0                                             │ met2  │
│ 1.38  │ 552.55   │ 400.00   │ eFPGA_top_i.eFPGA_inst.Tile_X9Y14_W2BEG[3\]       │ eFPGA_top_i.eFPGA_inst.Tile_X8Y14_LUT4AB/W2MID[3]     │ met3  │
│ 1.36  │ 545.43   │ 400.00   │ eFPGA_top_i.eFPGA_inst.Tile_X8Y6_E6BEG[0\]        │ eFPGA_top_i.eFPGA_inst.Tile_X9Y6_RAM_IO/E6END[0]      │ met3  │
│ 1.35  │ 538.67   │ 400.00   │ eFPGA_top_i.eFPGA_inst.Tile_X8Y11_E6BEG[0\]       │ eFPGA_top_i.eFPGA_inst.Tile_X9Y11_RAM_IO/E6END[0]     │ met3  │
│ 1.34  │ 534.67   │ 400.00   │ _0306_                                            │ _1513_/D                                              │ met3  │
│ 1.33  │ 3688.76  │ 2778.20  │ _0306_                                            │ _1513_/D                                              │ met4  │
│ 1.31  │ 522.25   │ 400.00   │ eFPGA_top_i.FrameData[282\]                       │ _0969_/A0                                             │ met2  │
│ 1.30  │ 521.00   │ 400.00   │ eFPGA_top_i.eFPGA_inst.Tile_X8Y8_EE4BEG[11\]      │ eFPGA_top_i.eFPGA_inst.Tile_X9Y8_RAM_IO/EE4END[11]    │ met3  │
│ 1.30  │ 3601.14  │ 2778.20  │ _0323_                                            │ _1530_/D                                              │ met4  │
│ 1.29  │ 517.63   │ 400.00   │ eFPGA_top_i.eFPGA_inst.Tile_X9Y14_W2BEGb[5\]      │ eFPGA_top_i.eFPGA_inst.Tile_X8Y14_LUT4AB/W2END[5]     │ met3  │
│ 1.29  │ 516.73   │ 400.00   │ eFPGA_top_i.eFPGA_inst.Tile_X9Y14_W2BEG[0\]       │ eFPGA_top_i.eFPGA_inst.Tile_X8Y14_LUT4AB/W2MID[0]     │ met3  │
│ 1.27  │ 508.28   │ 400.00   │ eFPGA_top_i.eFPGA_inst.Tile_X9Y4_W2BEG[7\]        │ eFPGA_top_i.eFPGA_inst.Tile_X8Y4_LUT4AB/W2MID[7]      │ met3  │
│ 1.15  │ 461.49   │ 400.00   │ eFPGA_top_i.FrameData[132\]                       │ _1080_/A0                                             │ met2  │
│ 1.15  │ 3181.39  │ 2773.88  │ eFPGA_top_i.eFPGA_inst.Tile_X8Y11_EE4BEG[11\]     │ ANTENNA_691/DIODE                                     │ met2  │
│ 1.14  │ 456.90   │ 400.00   │ eFPGA_top_i.eFPGA_inst.Tile_X9Y11_WW4BEG[0\]      │ eFPGA_top_i.eFPGA_inst.Tile_X8Y11_LUT4AB/WW4END[0]    │ met3  │
│ 1.14  │ 3163.05  │ 2778.20  │ _0438_                                            │ _1645_/D                                              │ met4  │
│ 1.14  │ 455.08   │ 400.00   │ eFPGA_top_i.eFPGA_inst.Tile_X8Y9_E2BEG[1\]        │ eFPGA_top_i.eFPGA_inst.Tile_X9Y9_RAM_IO/E2MID[1]      │ met4  │
│ 1.10  │ 3250.67  │ 2956.40  │ _0348_                                            │ _1555_/D                                              │ met4  │
│ 1.08  │ 430.84   │ 400.00   │ eFPGA_top_i.LocalWriteData[4\]                    │ _1080_/A1                                             │ met3  │
│ 1.07  │ 429.03   │ 400.00   │ eFPGA_top_i.FrameData[441\]                       │ _0800_/A0                                             │ met2  │
│ 1.06  │ 423.70   │ 400.00   │ eFPGA_top_i.FrameData[39\]                        │ _1182_/A0                                             │ met3  │
│ 1.05  │ 421.37   │ 400.00   │ eFPGA_top_i.eFPGA_inst.Tile_X8Y8_E2BEG[1\]        │ eFPGA_top_i.eFPGA_inst.Tile_X9Y8_RAM_IO/E2MID[1]      │ met3  │
│ 1.05  │ 418.89   │ 400.00   │ eFPGA_top_i.eFPGA_inst.Tile_X8Y13_EE4BEG[10\]     │ eFPGA_top_i.eFPGA_inst.Tile_X9Y13_RAM_IO/EE4END[10]   │ met3  │
│ 1.04  │ 416.81   │ 400.00   │ eFPGA_top_i.eFPGA_inst.Tile_X8Y2_EE4BEG[11\]      │ eFPGA_top_i.eFPGA_inst.Tile_X9Y2_RAM_IO/EE4END[11]    │ met3  │
│ 1.04  │ 415.66   │ 400.00   │ eFPGA_top_i.eFPGA_inst.Tile_X9Y9_W6BEG[0\]        │ eFPGA_top_i.eFPGA_inst.Tile_X8Y9_LUT4AB/W6END[0]      │ met3  │
│ 1.02  │ 407.40   │ 400.00   │ eFPGA_top_i.eFPGA_inst.Tile_X9Y6_W2BEGb[2\]       │ eFPGA_top_i.eFPGA_inst.Tile_X8Y6_LUT4AB/W2END[2]      │ met3  │
│ 1.01  │ 405.47   │ 400.00   │ eFPGA_top_i.FrameData[268\]                       │ _0955_/A0                                             │ met3  │
│ 1.01  │ 405.47   │ 400.00   │ eFPGA_top_i.FrameData[268\]                       │ eFPGA_top_i.eFPGA_inst.Tile_X0Y8_W_IO/FrameData[12]   │ met3  │
└───────┴──────────┴──────────┴───────────────────────────────────────────────────┴───────────────────────────────────────────────────────┴───────┘
