Clock: wb_clk_i
Sources: wb_clk_i 
Generated: no
Virtual: yes
Propagated: no
Period: 25.000000

===========================================================================
report_clock_properties
============================================================================
Clock                   Period          Waveform
----------------------------------------------------
wb_clk_i             25.000000    0.000000 12.500000

===========================================================================
report_clock_latency
============================================================================
Clock wb_clk_i
rise -> rise
    min     max
0.000000 0.000000 source latency
1.855229         network latency _714_/CLK
        1.865170 network latency _706_/CLK
---------------
1.855229 1.865170 latency
        0.009941 skew

fall -> fall
    min     max
0.000000 0.000000 source latency
1.457603         network latency _714_/CLK
        1.466443 network latency _706_/CLK
---------------
1.457603 1.466443 latency
        0.008840 skew



===========================================================================
report_clock_min_period
============================================================================
wb_clk_i period_min = 7.83 fmax = 127.72
