Clock: wb_clk_i
Sources: wb_clk_i 
Generated: no
Virtual: yes
Propagated: no
Period: 25.000000

===========================================================================
report_clock_properties
============================================================================
Clock                   Period          Waveform
----------------------------------------------------
wb_clk_i             25.000000    0.000000 12.500000

===========================================================================
report_clock_latency
============================================================================
Clock wb_clk_i
rise -> rise
    min     max
0.000000 0.000000 source latency
0.732661         network latency _756_/CLK
        0.738053 network latency _681_/CLK
---------------
0.732661 0.738053 latency
        0.005392 skew

fall -> fall
    min     max
0.000000 0.000000 source latency
0.588017         network latency _756_/CLK
        0.592753 network latency _681_/CLK
---------------
0.588017 0.592753 latency
        0.004737 skew



===========================================================================
report_clock_min_period
============================================================================
wb_clk_i period_min = 2.64 fmax = 378.93
