Clock: wb_clk_i
Sources: wb_clk_i 
Generated: no
Virtual: yes
Propagated: no
Period: 25.000000

===========================================================================
report_clock_properties
============================================================================
Clock                   Period          Waveform
----------------------------------------------------
wb_clk_i             25.000000    0.000000 12.500000

===========================================================================
report_clock_latency
============================================================================
Clock wb_clk_i
rise -> rise
    min     max
0.000000 0.000000 source latency
0.686735         network latency _701_/CLK
        0.691028 network latency _681_/CLK
---------------
0.686735 0.691028 latency
        0.004293 skew

fall -> fall
    min     max
0.000000 0.000000 source latency
0.546054         network latency _756_/CLK
        0.549644 network latency _681_/CLK
---------------
0.546054 0.549644 latency
        0.003590 skew



===========================================================================
report_clock_min_period
============================================================================
wb_clk_i period_min = 2.63 fmax = 380.69
