Clock: wb_clk_i
Sources: wb_clk_i 
Generated: no
Virtual: yes
Propagated: no
Period: 25.000000

===========================================================================
report_clock_properties
============================================================================
Clock                   Period          Waveform
----------------------------------------------------
wb_clk_i             25.000000    0.000000 12.500000

===========================================================================
report_clock_latency
============================================================================
Clock wb_clk_i
rise -> rise
    min     max
0.000000 0.000000 source latency
0.784972         network latency _756_/CLK
        0.793423 network latency _681_/CLK
---------------
0.784972 0.793423 latency
        0.008451 skew

fall -> fall
    min     max
0.000000 0.000000 source latency
0.635709         network latency _756_/CLK
        0.643443 network latency _681_/CLK
---------------
0.635709 0.643443 latency
        0.007733 skew



===========================================================================
report_clock_min_period
============================================================================
wb_clk_i period_min = 2.65 fmax = 376.85
