
60. Executing CHECK pass (checking for obvious problems).
Checking module efpga_core...
Checking module $paramod$07a76cb8f206e816f1c6d5d478c16467ad9de809\Frame_Select...
Checking module $paramod$7070fbbcfebb2cda5ee2ef5af6601adf93d82ad1\Frame_Select...
Checking module $paramod$21bcffd8d849e9ce6b44d6f7e5f49dbf4675262b\Frame_Select...
Checking module $paramod$b2ecbc93265e0b38e6705929c427180b82d8ff71\Frame_Select...
Checking module eFPGA...
Checking module eFPGA_top...
Checking module $paramod$e8fd28e07f6b2cf0a01ced161b1208605273f67d\Frame_Select...
Checking module $paramod$7d768d404f653ef5dc83a6e5f3bb676f93aeeb73\Frame_Data_Reg...
Checking module $paramod$cc4f641948864a0c4207cf6701c72eb1ccbf3ce8\Frame_Data_Reg...
Checking module $paramod$59f0861204deb350b5447d5dc528684d06b74228\Frame_Data_Reg...
Checking module $paramod$e0eebe5b5dd0d8e0d405abf0dbb9ef0c721a803d\Frame_Data_Reg...
Checking module $paramod$2576d64690a67c1c7c2746eb6a939f61d025e4c0\Frame_Data_Reg...
Checking module $paramod$a1e712efb304de7885099cb23065439df895e92e\Frame_Data_Reg...
Checking module $paramod$0d1010a92b03bfa12167317a927789417f5b3b78\Frame_Data_Reg...
Checking module $paramod$a65579d6c961f7bd67d173535aad86cf0b58d65d\Frame_Data_Reg...
Checking module $paramod$7eab5ada9c1ea88f812d069a56251476ef25e097\Frame_Data_Reg...
Checking module $paramod$0d8e3e925ec799022aa3c11ff566b726dfcdc44f\Frame_Data_Reg...
Checking module $paramod$8a04d1adf8e8de3ad2e35a8d59763aebc64c7cb8\Frame_Data_Reg...
Checking module $paramod$da3220a5086fe353f32dfefde517c1db820e266a\Frame_Data_Reg...
Checking module $paramod$15854df134fa91b3e8a5b6b048c141d405ff5bdd\Frame_Data_Reg...
Checking module $paramod$cca5cab30566aefade7b9b07d513eb829d6dd636\Frame_Data_Reg...
Checking module $paramod$743c767e021754d8d83130b63b4b41a17bbe39e7\Frame_Select...
Checking module $paramod$141cb76be0898c01084159e2335f46b918d15cd3\Frame_Select...
Checking module $paramod$0d66c9fb5383fba3598980af4524c2666568063b\Frame_Select...
Checking module $paramod$ec1a7a34f97034bbedfea577ec005ac7f2972002\Frame_Select...
Checking module $paramod$a7777ea750bba6d0a09cda34c12ee574f2a3a0b4\Frame_Select...
Found and reported 0 problems.
