
===========================================================================
report_checks -unconstrained
===========================================================================
======================= min_tt_025C_1v80 Corner ===================================

Startpoint: wb_rst_i (input port clocked by wb_clk_i)
Endpoint: _696_ (recovery check against rising-edge clock wb_clk_i)
Path Group: asynchronous
Path Type: max

Fanout         Cap        Slew       Delay        Time   Description
---------------------------------------------------------------------------------------------
                                  0.000000    0.000000   clock wb_clk_i (rise edge)
                                  0.000000    0.000000   clock network delay (propagated)
                                  5.000000    5.000000 v input external delay
     2    0.008270    0.020713    0.013379    5.013379 v wb_rst_i (in)
                                                         wb_rst_i (net)
                      0.020713    0.000000    5.013379 v input1/A (sky130_fd_sc_hd__buf_8)
     3    0.151591    0.084296    0.149614    5.162993 v input1/X (sky130_fd_sc_hd__buf_8)
                                                         net1 (net)
                      0.203527    0.089274    5.252267 v fanout19/A (sky130_fd_sc_hd__buf_4)
    21    0.081557    0.109115    0.282334    5.534600 v fanout19/X (sky130_fd_sc_hd__buf_4)
                                                         net19 (net)
                      0.109126    0.001363    5.535964 v fanout14/A (sky130_fd_sc_hd__buf_6)
    33    0.108728    0.098817    0.213015    5.748979 v fanout14/X (sky130_fd_sc_hd__buf_6)
                                                         net14 (net)
                      0.098817    0.000450    5.749429 v fanout13/A (sky130_fd_sc_hd__buf_6)
    16    0.096515    0.088919    0.202312    5.951741 v fanout13/X (sky130_fd_sc_hd__buf_6)
                                                         net13 (net)
                      0.089224    0.003778    5.955519 v _612_/A (sky130_fd_sc_hd__inv_2)
     1    0.004346    0.036774    0.062627    6.018146 ^ _612_/Y (sky130_fd_sc_hd__inv_2)
                                                         _087_ (net)
                      0.036774    0.000041    6.018187 ^ _696_/RESET_B (sky130_fd_sc_hd__dfrtp_1)
                                              6.018187   data arrival time

                                 25.000000   25.000000   clock wb_clk_i (rise edge)
                                  0.000000   25.000000   clock source latency
     2    0.145970    0.656254    0.502585   25.502584 ^ wb_clk_i (in)
                                                         wb_clk_i (net)
                      0.673657    0.000000   25.502584 ^ clkbuf_0_wb_clk_i/A (sky130_fd_sc_hd__clkbuf_16)
    17    0.098755    0.122364    0.333189   25.835773 ^ clkbuf_0_wb_clk_i/X (sky130_fd_sc_hd__clkbuf_16)
                                                         clknet_0_wb_clk_i (net)
                      0.122382    0.001512   25.837286 ^ clkbuf_3_1__f_wb_clk_i/A (sky130_fd_sc_hd__clkbuf_16)
    11    0.035064    0.055492    0.166610   26.003895 ^ clkbuf_3_1__f_wb_clk_i/X (sky130_fd_sc_hd__clkbuf_16)
                                                         clknet_3_1__leaf_wb_clk_i (net)
                      0.055492    0.000215   26.004110 ^ _696_/CLK (sky130_fd_sc_hd__dfrtp_1)
                                 -0.250000   25.754110   clock uncertainty
                                  0.000000   25.754110   clock reconvergence pessimism
                                  0.235675   25.989786   library recovery time
                                             25.989786   data required time
---------------------------------------------------------------------------------------------
                                             25.989786   data required time
                                             -6.018187   data arrival time
---------------------------------------------------------------------------------------------
                                             19.971598   slack (MET)


Startpoint: _721_ (rising edge-triggered flip-flop clocked by wb_clk_i)
Endpoint: io_out[8] (output port clocked by wb_clk_i)
Path Group: wb_clk_i
Path Type: max

Fanout         Cap        Slew       Delay        Time   Description
---------------------------------------------------------------------------------------------
                                  0.000000    0.000000   clock wb_clk_i (rise edge)
                                  0.000000    0.000000   clock source latency
     2    0.145970    0.656254    0.502584    0.502584 ^ wb_clk_i (in)
                                                         wb_clk_i (net)
                      0.673657    0.000000    0.502584 ^ clkbuf_0_wb_clk_i/A (sky130_fd_sc_hd__clkbuf_16)
    17    0.098755    0.122364    0.333190    0.835774 ^ clkbuf_0_wb_clk_i/X (sky130_fd_sc_hd__clkbuf_16)
                                                         clknet_0_wb_clk_i (net)
                      0.122390    0.001757    0.837531 ^ clkbuf_3_4__f_wb_clk_i/A (sky130_fd_sc_hd__clkbuf_16)
    12    0.035991    0.056269    0.167243    1.004774 ^ clkbuf_3_4__f_wb_clk_i/X (sky130_fd_sc_hd__clkbuf_16)
                                                         clknet_3_4__leaf_wb_clk_i (net)
                      0.056292    0.000560    1.005333 ^ _721_/CLK (sky130_fd_sc_hd__dfrtp_4)
    11    0.050320    0.121773    0.554703    1.560036 v _721_/Q (sky130_fd_sc_hd__dfrtp_4)
                                                         timer.dig_cnt[0] (net)
                      0.121781    0.001075    1.561111 v _564_/A_N (sky130_fd_sc_hd__and2b_1)
     3    0.017990    0.169006    0.312582    1.873693 ^ _564_/X (sky130_fd_sc_hd__and2b_1)
                                                         _312_ (net)
                      0.169006    0.000109    1.873802 ^ _565_/A (sky130_fd_sc_hd__clkinv_4)
     5    0.085717    0.174737    0.181794    2.055596 v _565_/Y (sky130_fd_sc_hd__clkinv_4)
                                                         net5 (net)
                      0.174740    0.000608    2.056204 v _580_/B1 (sky130_fd_sc_hd__o221a_2)
     5    0.024659    0.099085    0.361329    2.417532 v _580_/X (sky130_fd_sc_hd__o221a_2)
                                                         _327_ (net)
                      0.099088    0.000673    2.418206 v _589_/B (sky130_fd_sc_hd__or4b_4)
     3    0.121352    0.255670    0.712039    3.130244 v _589_/X (sky130_fd_sc_hd__or4b_4)
                                                         net11 (net)
                      0.284496    0.065186    3.195431 v output11/A (sky130_fd_sc_hd__buf_2)
     1    0.034137    0.090467    0.286726    3.482156 v output11/X (sky130_fd_sc_hd__buf_2)
                                                         io_out[8] (net)
                      0.090467    0.000251    3.482407 v io_out[8] (out)
                                              3.482407   data arrival time

                                 25.000000   25.000000   clock wb_clk_i (rise edge)
                                  0.000000   25.000000   clock network delay (propagated)
                                 -0.250000   24.750000   clock uncertainty
                                  0.000000   24.750000   clock reconvergence pessimism
                                 -5.000000   19.750000   output external delay
                                             19.750000   data required time
---------------------------------------------------------------------------------------------
                                             19.750000   data required time
                                             -3.482407   data arrival time
---------------------------------------------------------------------------------------------
                                             16.267591   slack (MET)




===========================================================================
report_checks --slack_max -0.01
============================================================================
======================= min_tt_025C_1v80 Corner ===================================

No paths found.


===========================================================================
 report_check_types -max_slew -max_cap -max_fanout -violators
============================================================================
======================= min_tt_025C_1v80 Corner ===================================

max fanout

Pin                                   Limit Fanout  Slack
---------------------------------------------------------
fanout14/X                               16     33    -17 (VIOLATED)
fanout19/X                               16     21     -5 (VIOLATED)
clkbuf_0_wb_clk_i/X                      16     17        (VIOLATED)



===========================================================================
report_parasitic_annotation -report_unannotated
============================================================================
Found 29 unannotated drivers.
 io_in[0]
 io_in[10]
 io_in[1]
 io_in[2]
 io_in[3]
 io_in[4]
 io_in[5]
 io_in[6]
 io_in[7]
 io_in[8]
 io_in[9]
 clkload0/X
 clkload1/Y
 clkload2/Y
 clkload3/Y
 clkload4/X
 clkload5/X
 clkload6/Y
 user_proj_timer_20/HI
 user_proj_timer_21/HI
 user_proj_timer_22/HI
 user_proj_timer_23/HI
 user_proj_timer_24/HI
 user_proj_timer_25/HI
 user_proj_timer_26/HI
 user_proj_timer_27/HI
 user_proj_timer_28/HI
 user_proj_timer_29/HI
 user_proj_timer_30/HI
Found 0 partially unannotated drivers.

===========================================================================
max slew violation count 0
max fanout violation count 3
max cap violation count 0
============================================================================

===========================================================================
check_setup -verbose -unconstrained_endpoints -multiple_clock -no_clock -no_input_delay -loops -generated_clocks
===========================================================================
Warning: There are 11 unconstrained endpoints.
  io_oeb[0]
  io_oeb[10]
  io_oeb[1]
  io_oeb[2]
  io_oeb[3]
  io_oeb[4]
  io_oeb[5]
  io_oeb[6]
  io_oeb[7]
  io_oeb[8]
  io_oeb[9]
