Clock: wb_clk_i
Sources: wb_clk_i 
Generated: no
Virtual: yes
Propagated: no
Period: 25.000000

===========================================================================
report_clock_properties
============================================================================
Clock                   Period          Waveform
----------------------------------------------------
wb_clk_i             25.000000    0.000000 12.500000

===========================================================================
report_clock_latency
============================================================================
Clock wb_clk_i
rise -> rise
    min     max
0.000000 0.000000 source latency
1.004065         network latency _701_/CLK
        1.009094 network latency _706_/CLK
---------------
1.004065 1.009094 latency
        0.005029 skew

fall -> fall
    min     max
0.000000 0.000000 source latency
0.771724         network latency _714_/CLK
        0.775886 network latency _681_/CLK
---------------
0.771724 0.775886 latency
        0.004162 skew



===========================================================================
report_clock_min_period
============================================================================
wb_clk_i period_min = 3.86 fmax = 259.30
